<?xml version="1.0" encoding="UTF-8"?>
<!-- Generated by org.testng.reporters.JUnitReportReporter -->
<testsuite skipped="0" hostname="wittyfeed-Vostro-3558" name="test.WittyFeedCatagoiesTestCasesTest" tests="33" failures="0" timestamp="18 Dec 2018 06:54:20 GMT" time="121.283" errors="1">
  <testcase name="ClickHamburgerMenu" time="8.649" classname="test.WittyFeedCatagoiesTestCasesTest"/>
  <testcase name="CheckNewsCata" time="1.075" classname="test.WittyFeedCatagoiesTestCasesTest"/>
  <testcase name="CheckNewsSubCata" time="1.058" classname="test.WittyFeedCatagoiesTestCasesTest"/>
  <testcase name="CheckLifeStyleCata" time="1.065" classname="test.WittyFeedCatagoiesTestCasesTest"/>
  <testcase name="CheckLifeStyleSubCata" time="1.060" classname="test.WittyFeedCatagoiesTestCasesTest"/>
  <testcase name="CheckEntertainmentCata" time="1.058" classname="test.WittyFeedCatagoiesTestCasesTest"/>
  <testcase name="CheckEntertainmentSubCata" time="1.036" classname="test.WittyFeedCatagoiesTestCasesTest"/>
  <testcase name="CheckOpinionoLink" time="1.060" classname="test.WittyFeedCatagoiesTestCasesTest"/>
  <testcase name="CheckIndiaKaPulseLink" time="1.051" classname="test.WittyFeedCatagoiesTestCasesTest"/>
  <testcase name="CheckSocialImpactLink" time="1.056" classname="test.WittyFeedCatagoiesTestCasesTest"/>
  <testcase name="CheckGirlingLink" time="1.052" classname="test.WittyFeedCatagoiesTestCasesTest"/>
  <testcase name="CheckVideosLink" time="1.055" classname="test.WittyFeedCatagoiesTestCasesTest"/>
  <testcase name="CheckQuizLink" time="1.044" classname="test.WittyFeedCatagoiesTestCasesTest"/>
  <testcase name="CheckNewsPage" time="5.335" classname="test.WittyFeedCatagoiesTestCasesTest"/>
  <testcase name="CheckPoliticsPage" time="6.205" classname="test.WittyFeedCatagoiesTestCasesTest"/>
  <testcase name="CheckSocialPage" time="6.561" classname="test.WittyFeedCatagoiesTestCasesTest"/>
  <testcase name="CheckTrendingPage" time="4.444" classname="test.WittyFeedCatagoiesTestCasesTest"/>
  <testcase name="CheckLifeStylePage" time="4.270" classname="test.WittyFeedCatagoiesTestCasesTest"/>
  <testcase name="CheckHealthPage" time="4.724" classname="test.WittyFeedCatagoiesTestCasesTest"/>
  <testcase name="CheckRelationshipPage" time="4.105" classname="test.WittyFeedCatagoiesTestCasesTest"/>
  <testcase name="CheckTravelPage" time="5.637" classname="test.WittyFeedCatagoiesTestCasesTest"/>
  <testcase name="CheckFashionPage" time="4.352" classname="test.WittyFeedCatagoiesTestCasesTest"/>
  <testcase name="CheckEntertainmentPage" time="4.421" classname="test.WittyFeedCatagoiesTestCasesTest"/>
  <testcase name="CheckBollywoodPage" time="11.058" classname="test.WittyFeedCatagoiesTestCasesTest"/>
  <testcase name="CheckSocialCelebritiesPage" time="1.126" classname="test.WittyFeedCatagoiesTestCasesTest">
    <error type="org.openqa.selenium.WebDriverException" message="unknown error: Element &lt;a href=&quot;entertainment/social-celebrities&quot; class=&quot;subcattext&quot;&gt;...&lt;/a&gt; is not clickable at point (155, 202). Other element would receive the click: &lt;div id=&quot;onesignal-popover-container&quot; class=&quot;onesignal-popover-container onesignal-reset slide-down&quot;&gt;...&lt;/div&gt;
  (Session info: chrome=71.0.3578.80)
  (Driver info: chromedriver=2.43.600233 (523efee95e3d68b8719b3a1c83051aa63aa6b10d),platform=Linux 4.4.0-131-generic x86_64) (WARNING: The server did not provide any stacktrace information)
Command duration or timeout: 0 milliseconds
Build info: version: &#039;3.5.3&#039;, revision: &#039;a88d25fe6b&#039;, time: &#039;2017-08-29T12:42:44.417Z&#039;
System info: host: &#039;wittyfeed-Vostro-3558&#039;, ip: &#039;127.0.1.1&#039;, os.name: &#039;Linux&#039;, os.arch: &#039;amd64&#039;, os.version: &#039;4.4.0-131-generic&#039;, java.version: &#039;1.8.0_191&#039;
Driver info: org.openqa.selenium.chrome.ChromeDriver
Capabilities [{mobileEmulationEnabled=false, hasTouchScreen=false, platform=LINUX, acceptSslCerts=false, goog:chromeOptions={debuggerAddress=localhost:45885}, acceptInsecureCerts=false, webStorageEnabled=true, browserName=chrome, takesScreenshot=true, javascriptEnabled=true, platformName=LINUX, setWindowRect=true, unexpectedAlertBehaviour=, applicationCacheEnabled=false, rotatable=false, networkConnectionEnabled=false, chrome={chromedriverVersion=2.43.600233 (523efee95e3d68b8719b3a1c83051aa63aa6b10d), userDataDir=/tmp/.org.chromium.Chromium.NwD09P}, takesHeapSnapshot=true, unhandledPromptBehavior=, pageLoadStrategy=normal, databaseEnabled=false, handlesAlerts=true, version=71.0.3578.80, browserConnectionEnabled=false, nativeEvents=true, locationContextEnabled=true, cssSelectorsEnabled=true}]
Session ID: 9816b34bbf3d5849cf02e712f21d78f9">
      <![CDATA[org.openqa.selenium.WebDriverException: unknown error: Element <a href="entertainment/social-celebrities" class="subcattext">...</a> is not clickable at point (155, 202). Other element would receive the click: <div id="onesignal-popover-container" class="onesignal-popover-container onesignal-reset slide-down">...</div>
  (Session info: chrome=71.0.3578.80)
  (Driver info: chromedriver=2.43.600233 (523efee95e3d68b8719b3a1c83051aa63aa6b10d),platform=Linux 4.4.0-131-generic x86_64) (WARNING: The server did not provide any stacktrace information)
Command duration or timeout: 0 milliseconds
Build info: version: '3.5.3', revision: 'a88d25fe6b', time: '2017-08-29T12:42:44.417Z'
System info: host: 'wittyfeed-Vostro-3558', ip: '127.0.1.1', os.name: 'Linux', os.arch: 'amd64', os.version: '4.4.0-131-generic', java.version: '1.8.0_191'
Driver info: org.openqa.selenium.chrome.ChromeDriver
Capabilities [{mobileEmulationEnabled=false, hasTouchScreen=false, platform=LINUX, acceptSslCerts=false, goog:chromeOptions={debuggerAddress=localhost:45885}, acceptInsecureCerts=false, webStorageEnabled=true, browserName=chrome, takesScreenshot=true, javascriptEnabled=true, platformName=LINUX, setWindowRect=true, unexpectedAlertBehaviour=, applicationCacheEnabled=false, rotatable=false, networkConnectionEnabled=false, chrome={chromedriverVersion=2.43.600233 (523efee95e3d68b8719b3a1c83051aa63aa6b10d), userDataDir=/tmp/.org.chromium.Chromium.NwD09P}, takesHeapSnapshot=true, unhandledPromptBehavior=, pageLoadStrategy=normal, databaseEnabled=false, handlesAlerts=true, version=71.0.3578.80, browserConnectionEnabled=false, nativeEvents=true, locationContextEnabled=true, cssSelectorsEnabled=true}]
Session ID: 9816b34bbf3d5849cf02e712f21d78f9
at sun.reflect.NativeConstructorAccessorImpl.newInstance0(Native Method)
at sun.reflect.NativeConstructorAccessorImpl.newInstance(NativeConstructorAccessorImpl.java:62)
at sun.reflect.DelegatingConstructorAccessorImpl.newInstance(DelegatingConstructorAccessorImpl.java:45)
at java.lang.reflect.Constructor.newInstance(Constructor.java:423)
at org.openqa.selenium.remote.ErrorHandler.createThrowable(ErrorHandler.java:215)
at org.openqa.selenium.remote.ErrorHandler.throwIfResponseFailed(ErrorHandler.java:167)
at org.openqa.selenium.remote.http.JsonHttpResponseCodec.reconstructValue(JsonHttpResponseCodec.java:40)
at org.openqa.selenium.remote.http.AbstractHttpResponseCodec.decode(AbstractHttpResponseCodec.java:82)
at org.openqa.selenium.remote.http.AbstractHttpResponseCodec.decode(AbstractHttpResponseCodec.java:45)
at org.openqa.selenium.remote.HttpCommandExecutor.execute(HttpCommandExecutor.java:164)
at org.openqa.selenium.remote.service.DriverCommandExecutor.execute(DriverCommandExecutor.java:82)
at org.openqa.selenium.remote.RemoteWebDriver.execute(RemoteWebDriver.java:646)
at org.openqa.selenium.remote.RemoteWebElement.execute(RemoteWebElement.java:275)
at org.openqa.selenium.remote.RemoteWebElement.click(RemoteWebElement.java:82)
at UtilsOnFeed.WrapperGenericMethod.Click(WrapperGenericMethod.java:12)
at PagesOnWittyFeedTv.WittyFeedCatagoriesPage.SocialCelebrities(WittyFeedCatagoriesPage.java:380)
at test.WittyFeedCatagoiesTestCasesTest.CheckSocialCelebritiesPage(WittyFeedCatagoiesTestCasesTest.java:184)
at sun.reflect.NativeMethodAccessorImpl.invoke0(Native Method)
at sun.reflect.NativeMethodAccessorImpl.invoke(NativeMethodAccessorImpl.java:62)
at sun.reflect.DelegatingMethodAccessorImpl.invoke(DelegatingMethodAccessorImpl.java:43)
at java.lang.reflect.Method.invoke(Method.java:498)
at org.testng.internal.MethodInvocationHelper.invokeMethod(MethodInvocationHelper.java:124)
at org.testng.internal.Invoker.invokeMethod(Invoker.java:580)
at org.testng.internal.Invoker.invokeTestMethod(Invoker.java:716)
at org.testng.internal.Invoker.invokeTestMethods(Invoker.java:988)
at org.testng.internal.TestMethodWorker.invokeTestMethods(TestMethodWorker.java:125)
at org.testng.internal.TestMethodWorker.run(TestMethodWorker.java:109)
at org.testng.TestRunner.privateRun(TestRunner.java:648)
at org.testng.TestRunner.run(TestRunner.java:505)
at org.testng.SuiteRunner.runTest(SuiteRunner.java:455)
at org.testng.SuiteRunner.runSequentially(SuiteRunner.java:450)
at org.testng.SuiteRunner.privateRun(SuiteRunner.java:415)
at org.testng.SuiteRunner.run(SuiteRunner.java:364)
at org.testng.SuiteRunnerWorker.runSuite(SuiteRunnerWorker.java:52)
at org.testng.SuiteRunnerWorker.run(SuiteRunnerWorker.java:84)
at org.testng.TestNG.runSuitesSequentially(TestNG.java:1208)
at org.testng.TestNG.runSuitesLocally(TestNG.java:1137)
at org.testng.TestNG.runSuites(TestNG.java:1049)
at org.testng.TestNG.run(TestNG.java:1017)
at org.testng.remote.AbstractRemoteTestNG.run(AbstractRemoteTestNG.java:114)
at org.testng.remote.RemoteTestNG.initAndRun(RemoteTestNG.java:251)
at org.testng.remote.RemoteTestNG.main(RemoteTestNG.java:77)
]]>
    </error>
  </testcase> <!-- CheckSocialCelebritiesPage -->
  <testcase name="CheckSportsPage" time="20.836" classname="test.WittyFeedCatagoiesTestCasesTest"/>
  <testcase name="CheckHollywoodPage" time="10.537" classname="test.WittyFeedCatagoiesTestCasesTest"/>
  <testcase name="CheckOpinionPage" time="1.077" classname="test.WittyFeedCatagoiesTestCasesTest"/>
  <testcase name="CheckIndiaKaPulsePage" time="1.054" classname="test.WittyFeedCatagoiesTestCasesTest"/>
  <testcase name="CheckSocialImpactPage" time="1.070" classname="test.WittyFeedCatagoiesTestCasesTest"/>
  <testcase name="CheckGirlingPage" time="1.051" classname="test.WittyFeedCatagoiesTestCasesTest"/>
  <testcase name="CheckVideosPage" time="1.051" classname="test.WittyFeedCatagoiesTestCasesTest"/>
  <testcase name="CheckQuizPage" time="1.050" classname="test.WittyFeedCatagoiesTestCasesTest"/>
</testsuite> <!-- test.WittyFeedCatagoiesTestCasesTest -->
