<?xml version="1.0" encoding="UTF-8"?>
<!-- Generated by org.testng.reporters.JUnitReportReporter -->
<testsuite skipped="11" hostname="wittyfeed-Vostro-3558" name="AllPropertiesVerifification.AllPropertiesVerifification.CheckAllProperties" tests="12" failures="0" timestamp="25 Dec 2018 10:54:41 GMT" time="2.001" errors="1">
  <testcase name="Setup" time="2.001" classname="AllPropertiesVerifification.AllPropertiesVerifification.CheckAllProperties">
    <error type="org.openqa.selenium.SessionNotCreatedException" message="session not created
from disconnected: unable to connect to renderer
  (Session info: chrome=71.0.3578.98)
  (Driver info: chromedriver=2.45.615279 (12b89733300bd268cff3b78fc76cb8f3a7cc44e5),platform=Linux 4.4.0-131-generic x86_64) (WARNING: The server did not provide any stacktrace information)
Command duration or timeout: 770 milliseconds
Build info: version: &#039;3.141.59&#039;, revision: &#039;e82be7d358&#039;, time: &#039;2018-11-14T08:17:03&#039;
System info: host: &#039;wittyfeed-Vostro-3558&#039;, ip: &#039;127.0.1.1&#039;, os.name: &#039;Linux&#039;, os.arch: &#039;amd64&#039;, os.version: &#039;4.4.0-131-generic&#039;, java.version: &#039;1.8.0_191&#039;
Driver info: driver.version: ChromeDriver">
      <![CDATA[org.openqa.selenium.SessionNotCreatedException: session not created
from disconnected: unable to connect to renderer
  (Session info: chrome=71.0.3578.98)
  (Driver info: chromedriver=2.45.615279 (12b89733300bd268cff3b78fc76cb8f3a7cc44e5),platform=Linux 4.4.0-131-generic x86_64) (WARNING: The server did not provide any stacktrace information)
Command duration or timeout: 770 milliseconds
Build info: version: '3.141.59', revision: 'e82be7d358', time: '2018-11-14T08:17:03'
System info: host: 'wittyfeed-Vostro-3558', ip: '127.0.1.1', os.name: 'Linux', os.arch: 'amd64', os.version: '4.4.0-131-generic', java.version: '1.8.0_191'
Driver info: driver.version: ChromeDriver
at sun.reflect.NativeConstructorAccessorImpl.newInstance0(Native Method)
at sun.reflect.NativeConstructorAccessorImpl.newInstance(NativeConstructorAccessorImpl.java:62)
at sun.reflect.DelegatingConstructorAccessorImpl.newInstance(DelegatingConstructorAccessorImpl.java:45)
at java.lang.reflect.Constructor.newInstance(Constructor.java:423)
at org.openqa.selenium.remote.ErrorHandler.createThrowable(ErrorHandler.java:214)
at org.openqa.selenium.remote.ErrorHandler.throwIfResponseFailed(ErrorHandler.java:166)
at org.openqa.selenium.remote.JsonWireProtocolResponse.lambda$errorHandler$0(JsonWireProtocolResponse.java:54)
at org.openqa.selenium.remote.HandshakeResponse.lambda$getResponseFunction$0(HandshakeResponse.java:30)
at org.openqa.selenium.remote.ProtocolHandshake.lambda$createSession$0(ProtocolHandshake.java:126)
at java.util.stream.ReferencePipeline$3$1.accept(ReferencePipeline.java:193)
at java.util.Spliterators$ArraySpliterator.tryAdvance(Spliterators.java:958)
at java.util.stream.ReferencePipeline.forEachWithCancel(ReferencePipeline.java:126)
at java.util.stream.AbstractPipeline.copyIntoWithCancel(AbstractPipeline.java:498)
at java.util.stream.AbstractPipeline.copyInto(AbstractPipeline.java:485)
at java.util.stream.AbstractPipeline.wrapAndCopyInto(AbstractPipeline.java:471)
at java.util.stream.FindOps$FindOp.evaluateSequential(FindOps.java:152)
at java.util.stream.AbstractPipeline.evaluate(AbstractPipeline.java:234)
at java.util.stream.ReferencePipeline.findFirst(ReferencePipeline.java:464)
at org.openqa.selenium.remote.ProtocolHandshake.createSession(ProtocolHandshake.java:128)
at org.openqa.selenium.remote.ProtocolHandshake.createSession(ProtocolHandshake.java:74)
at org.openqa.selenium.remote.HttpCommandExecutor.execute(HttpCommandExecutor.java:136)
at org.openqa.selenium.remote.service.DriverCommandExecutor.execute(DriverCommandExecutor.java:83)
at org.openqa.selenium.remote.RemoteWebDriver.execute(RemoteWebDriver.java:552)
at org.openqa.selenium.remote.RemoteWebDriver.startSession(RemoteWebDriver.java:213)
at org.openqa.selenium.remote.RemoteWebDriver.<init>(RemoteWebDriver.java:131)
at org.openqa.selenium.chrome.ChromeDriver.<init>(ChromeDriver.java:181)
at org.openqa.selenium.chrome.ChromeDriver.<init>(ChromeDriver.java:168)
at org.openqa.selenium.chrome.ChromeDriver.<init>(ChromeDriver.java:157)
at AllPropertiesVerifification.AllPropertiesVerifification.ReportGenerateAllProp.Setup(ReportGenerateAllProp.java:76)
at sun.reflect.NativeMethodAccessorImpl.invoke0(Native Method)
at sun.reflect.NativeMethodAccessorImpl.invoke(NativeMethodAccessorImpl.java:62)
at sun.reflect.DelegatingMethodAccessorImpl.invoke(DelegatingMethodAccessorImpl.java:43)
at java.lang.reflect.Method.invoke(Method.java:498)
at org.testng.internal.MethodInvocationHelper.invokeMethod(MethodInvocationHelper.java:124)
at org.testng.internal.MethodInvocationHelper.invokeMethodConsideringTimeout(MethodInvocationHelper.java:59)
at org.testng.internal.Invoker.invokeConfigurationMethod(Invoker.java:458)
at org.testng.internal.Invoker.invokeConfigurations(Invoker.java:222)
at org.testng.internal.Invoker.invokeConfigurations(Invoker.java:142)
at org.testng.SuiteRunner.privateRun(SuiteRunner.java:401)
at org.testng.SuiteRunner.run(SuiteRunner.java:364)
at org.testng.SuiteRunnerWorker.runSuite(SuiteRunnerWorker.java:52)
at org.testng.SuiteRunnerWorker.run(SuiteRunnerWorker.java:84)
at org.testng.TestNG.runSuitesSequentially(TestNG.java:1208)
at org.testng.TestNG.runSuitesLocally(TestNG.java:1137)
at org.testng.TestNG.runSuites(TestNG.java:1049)
at org.testng.TestNG.run(TestNG.java:1017)
at org.testng.remote.AbstractRemoteTestNG.run(AbstractRemoteTestNG.java:114)
at org.testng.remote.RemoteTestNG.initAndRun(RemoteTestNG.java:251)
at org.testng.remote.RemoteTestNG.main(RemoteTestNG.java:77)
]]>
    </error>
  </testcase> <!-- Setup -->
  <testcase name="CheckThephilipino" time="0.000" classname="AllPropertiesVerifification.AllPropertiesVerifification.CheckAllProperties">
    <skipped/>
  </testcase> <!-- CheckThephilipino -->
  <testcase name="CheckMostlymoney" time="0.000" classname="AllPropertiesVerifification.AllPropertiesVerifification.CheckAllProperties">
    <skipped/>
  </testcase> <!-- CheckMostlymoney -->
  <testcase name="CheckHealthiastic" time="0.000" classname="AllPropertiesVerifification.AllPropertiesVerifification.CheckAllProperties">
    <skipped/>
  </testcase> <!-- CheckHealthiastic -->
  <testcase name="CheckFactsonly" time="0.000" classname="AllPropertiesVerifification.AllPropertiesVerifification.CheckAllProperties">
    <skipped/>
  </testcase> <!-- CheckFactsonly -->
  <testcase name="CheckWittyfeed" time="0.000" classname="AllPropertiesVerifification.AllPropertiesVerifification.CheckAllProperties">
    <skipped/>
  </testcase> <!-- CheckWittyfeed -->
  <testcase name="CheckDuniadigest" time="0.000" classname="AllPropertiesVerifification.AllPropertiesVerifification.CheckAllProperties">
    <skipped/>
  </testcase> <!-- CheckDuniadigest -->
  <testcase name="CheckInnervoice" time="0.000" classname="AllPropertiesVerifification.AllPropertiesVerifification.CheckAllProperties">
    <skipped/>
  </testcase> <!-- CheckInnervoice -->
  <testcase name="CheckThepopple" time="0.000" classname="AllPropertiesVerifification.AllPropertiesVerifification.CheckAllProperties">
    <skipped/>
  </testcase> <!-- CheckThepopple -->
  <testcase name="CheckGeeksmate" time="0.000" classname="AllPropertiesVerifification.AllPropertiesVerifification.CheckAllProperties">
    <skipped/>
  </testcase> <!-- CheckGeeksmate -->
  <testcase name="CheckHollywoodpie" time="0.000" classname="AllPropertiesVerifification.AllPropertiesVerifification.CheckAllProperties">
    <skipped/>
  </testcase> <!-- CheckHollywoodpie -->
  <testcase name="CheckFoodmate" time="0.000" classname="AllPropertiesVerifification.AllPropertiesVerifification.CheckAllProperties">
    <skipped/>
  </testcase> <!-- CheckFoodmate -->
</testsuite> <!-- AllPropertiesVerifification.AllPropertiesVerifification.CheckAllProperties -->
