<?xml version="1.0" encoding="UTF-8"?>
<!-- Generated by org.testng.reporters.JUnitReportReporter -->
<testsuite skipped="32" hostname="wittyfeed-Vostro-3558" name="ThePhilipinoTestCases.CaptureAndParsingHarFileForPixPngPhilipinoTest" tests="33" failures="0" timestamp="07 Jan 2019 12:36:39 GMT" time="1.508" errors="1">
  <testcase name="Setup" time="1.508" classname="ThePhilipinoTestCases.CaptureAndParsingHarFileForPixPngPhilipinoTest">
    <error type="org.openqa.selenium.SessionNotCreatedException" message="session not created
from disconnected: unable to connect to renderer
  (Session info: headless chrome=71.0.3578.98)
  (Driver info: chromedriver=2.45.615279 (12b89733300bd268cff3b78fc76cb8f3a7cc44e5),platform=Linux 4.4.0-131-generic x86_64) (WARNING: The server did not provide any stacktrace information)
Command duration or timeout: 366 milliseconds
Build info: version: &#039;3.5.3&#039;, revision: &#039;a88d25fe6b&#039;, time: &#039;2017-08-29T12:42:44.417Z&#039;
System info: host: &#039;wittyfeed-Vostro-3558&#039;, ip: &#039;127.0.1.1&#039;, os.name: &#039;Linux&#039;, os.arch: &#039;amd64&#039;, os.version: &#039;4.4.0-131-generic&#039;, java.version: &#039;1.8.0_191&#039;
Driver info: driver.version: ChromeDriver">
      <![CDATA[org.openqa.selenium.SessionNotCreatedException: session not created
from disconnected: unable to connect to renderer
  (Session info: headless chrome=71.0.3578.98)
  (Driver info: chromedriver=2.45.615279 (12b89733300bd268cff3b78fc76cb8f3a7cc44e5),platform=Linux 4.4.0-131-generic x86_64) (WARNING: The server did not provide any stacktrace information)
Command duration or timeout: 366 milliseconds
Build info: version: '3.5.3', revision: 'a88d25fe6b', time: '2017-08-29T12:42:44.417Z'
System info: host: 'wittyfeed-Vostro-3558', ip: '127.0.1.1', os.name: 'Linux', os.arch: 'amd64', os.version: '4.4.0-131-generic', java.version: '1.8.0_191'
Driver info: driver.version: ChromeDriver
at sun.reflect.NativeConstructorAccessorImpl.newInstance0(Native Method)
at sun.reflect.NativeConstructorAccessorImpl.newInstance(NativeConstructorAccessorImpl.java:62)
at sun.reflect.DelegatingConstructorAccessorImpl.newInstance(DelegatingConstructorAccessorImpl.java:45)
at java.lang.reflect.Constructor.newInstance(Constructor.java:423)
at org.openqa.selenium.remote.ErrorHandler.createThrowable(ErrorHandler.java:215)
at org.openqa.selenium.remote.ErrorHandler.throwIfResponseFailed(ErrorHandler.java:167)
at org.openqa.selenium.remote.JsonWireProtocolResponse.lambda$new$0(JsonWireProtocolResponse.java:53)
at org.openqa.selenium.remote.JsonWireProtocolResponse.lambda$getResponseFunction$2(JsonWireProtocolResponse.java:91)
at org.openqa.selenium.remote.ProtocolHandshake.lambda$createSession$24(ProtocolHandshake.java:359)
at java.util.stream.ReferencePipeline$3$1.accept(ReferencePipeline.java:193)
at java.util.Spliterators$ArraySpliterator.tryAdvance(Spliterators.java:958)
at java.util.stream.ReferencePipeline.forEachWithCancel(ReferencePipeline.java:126)
at java.util.stream.AbstractPipeline.copyIntoWithCancel(AbstractPipeline.java:498)
at java.util.stream.AbstractPipeline.copyInto(AbstractPipeline.java:485)
at java.util.stream.AbstractPipeline.wrapAndCopyInto(AbstractPipeline.java:471)
at java.util.stream.FindOps$FindOp.evaluateSequential(FindOps.java:152)
at java.util.stream.AbstractPipeline.evaluate(AbstractPipeline.java:234)
at java.util.stream.ReferencePipeline.findFirst(ReferencePipeline.java:464)
at org.openqa.selenium.remote.ProtocolHandshake.createSession(ProtocolHandshake.java:362)
at org.openqa.selenium.remote.ProtocolHandshake.createSession(ProtocolHandshake.java:136)
at org.openqa.selenium.remote.HttpCommandExecutor.execute(HttpCommandExecutor.java:142)
at org.openqa.selenium.remote.service.DriverCommandExecutor.execute(DriverCommandExecutor.java:82)
at org.openqa.selenium.remote.RemoteWebDriver.execute(RemoteWebDriver.java:646)
at org.openqa.selenium.remote.RemoteWebDriver.startSession(RemoteWebDriver.java:255)
at org.openqa.selenium.remote.RemoteWebDriver.startSession(RemoteWebDriver.java:237)
at org.openqa.selenium.remote.RemoteWebDriver.<init>(RemoteWebDriver.java:138)
at org.openqa.selenium.chrome.ChromeDriver.<init>(ChromeDriver.java:178)
at org.openqa.selenium.chrome.ChromeDriver.<init>(ChromeDriver.java:167)
at org.openqa.selenium.chrome.ChromeDriver.<init>(ChromeDriver.java:156)
at ThePhilipinoTestCases.ReportGenerateThePhilipino.Setup(ReportGenerateThePhilipino.java:59)
at sun.reflect.NativeMethodAccessorImpl.invoke0(Native Method)
at sun.reflect.NativeMethodAccessorImpl.invoke(NativeMethodAccessorImpl.java:62)
at sun.reflect.DelegatingMethodAccessorImpl.invoke(DelegatingMethodAccessorImpl.java:43)
at java.lang.reflect.Method.invoke(Method.java:498)
at org.testng.internal.MethodInvocationHelper.invokeMethod(MethodInvocationHelper.java:124)
at org.testng.internal.MethodInvocationHelper.invokeMethodConsideringTimeout(MethodInvocationHelper.java:59)
at org.testng.internal.Invoker.invokeConfigurationMethod(Invoker.java:455)
at org.testng.internal.Invoker.invokeConfigurations(Invoker.java:222)
at org.testng.internal.Invoker.invokeConfigurations(Invoker.java:142)
at org.testng.SuiteRunner.privateRun(SuiteRunner.java:401)
at org.testng.SuiteRunner.run(SuiteRunner.java:364)
at org.testng.SuiteRunnerWorker.runSuite(SuiteRunnerWorker.java:52)
at org.testng.SuiteRunnerWorker.run(SuiteRunnerWorker.java:84)
at org.testng.TestNG.runSuitesSequentially(TestNG.java:1208)
at org.testng.TestNG.runSuitesLocally(TestNG.java:1137)
at org.testng.TestNG.runSuites(TestNG.java:1049)
at org.testng.TestNG.run(TestNG.java:1017)
at org.testng.remote.AbstractRemoteTestNG.run(AbstractRemoteTestNG.java:114)
at org.testng.remote.RemoteTestNG.initAndRun(RemoteTestNG.java:251)
at org.testng.remote.RemoteTestNG.main(RemoteTestNG.java:77)
]]>
    </error>
  </testcase> <!-- Setup -->
  <testcase name="OpenGoogleappsHar_analyzer" time="0.000" classname="ThePhilipinoTestCases.CaptureAndParsingHarFileForPixPngPhilipinoTest">
    <skipped/>
  </testcase> <!-- OpenGoogleappsHar_analyzer -->
  <testcase name="CheckGMTValue" time="0.000" classname="ThePhilipinoTestCases.CaptureAndParsingHarFileForPixPngPhilipinoTest">
    <skipped/>
  </testcase> <!-- CheckGMTValue -->
  <testcase name="Checkvisit_blockValue" time="0.000" classname="ThePhilipinoTestCases.CaptureAndParsingHarFileForPixPngPhilipinoTest">
    <skipped/>
  </testcase> <!-- Checkvisit_blockValue -->
  <testcase name="Checkcountry_codeValue" time="0.000" classname="ThePhilipinoTestCases.CaptureAndParsingHarFileForPixPngPhilipinoTest">
    <skipped/>
  </testcase> <!-- Checkcountry_codeValue -->
  <testcase name="Checklanguage_EnglishValue" time="0.000" classname="ThePhilipinoTestCases.CaptureAndParsingHarFileForPixPngPhilipinoTest">
    <skipped/>
  </testcase> <!-- Checklanguage_EnglishValue -->
  <testcase name="Checkcategory_peopleValue" time="0.000" classname="ThePhilipinoTestCases.CaptureAndParsingHarFileForPixPngPhilipinoTest">
    <skipped/>
  </testcase> <!-- Checkcategory_peopleValue -->
  <testcase name="Checkwriter_nameValue" time="0.000" classname="ThePhilipinoTestCases.CaptureAndParsingHarFileForPixPngPhilipinoTest">
    <skipped/>
  </testcase> <!-- Checkwriter_nameValue -->
  <testcase name="Checkwriter_idValue" time="0.000" classname="ThePhilipinoTestCases.CaptureAndParsingHarFileForPixPngPhilipinoTest">
    <skipped/>
  </testcase> <!-- Checkwriter_idValue -->
  <testcase name="Checkcategory_idValue" time="0.000" classname="ThePhilipinoTestCases.CaptureAndParsingHarFileForPixPngPhilipinoTest">
    <skipped/>
  </testcase> <!-- Checkcategory_idValue -->
  <testcase name="Checkstory_idValue" time="0.000" classname="ThePhilipinoTestCases.CaptureAndParsingHarFileForPixPngPhilipinoTest">
    <skipped/>
  </testcase> <!-- Checkstory_idValue -->
  <testcase name="Checkgoogle_entitiesValue" time="0.000" classname="ThePhilipinoTestCases.CaptureAndParsingHarFileForPixPngPhilipinoTest">
    <skipped/>
  </testcase> <!-- Checkgoogle_entitiesValue -->
  <testcase name="Checkpage_typeValue" time="0.000" classname="ThePhilipinoTestCases.CaptureAndParsingHarFileForPixPngPhilipinoTest">
    <skipped/>
  </testcase> <!-- Checkpage_typeValue -->
  <testcase name="CheckcityValue" time="0.000" classname="ThePhilipinoTestCases.CaptureAndParsingHarFileForPixPngPhilipinoTest">
    <skipped/>
  </testcase> <!-- CheckcityValue -->
  <testcase name="Checkcountry_nameValue" time="0.000" classname="ThePhilipinoTestCases.CaptureAndParsingHarFileForPixPngPhilipinoTest">
    <skipped/>
  </testcase> <!-- Checkcountry_nameValue -->
  <testcase name="CheckfpValue" time="0.000" classname="ThePhilipinoTestCases.CaptureAndParsingHarFileForPixPngPhilipinoTest">
    <skipped/>
  </testcase> <!-- CheckfpValue -->
  <testcase name="Checkpage_urlValue" time="0.000" classname="ThePhilipinoTestCases.CaptureAndParsingHarFileForPixPngPhilipinoTest">
    <skipped/>
  </testcase> <!-- Checkpage_urlValue -->
  <testcase name="Checkclient_ipValue" time="0.000" classname="ThePhilipinoTestCases.CaptureAndParsingHarFileForPixPngPhilipinoTest">
    <skipped/>
  </testcase> <!-- Checkclient_ipValue -->
  <testcase name="Checkreferral_domainValue" time="0.000" classname="ThePhilipinoTestCases.CaptureAndParsingHarFileForPixPngPhilipinoTest">
    <skipped/>
  </testcase> <!-- Checkreferral_domainValue -->
  <testcase name="Checkdev_sourceValue" time="0.000" classname="ThePhilipinoTestCases.CaptureAndParsingHarFileForPixPngPhilipinoTest">
    <skipped/>
  </testcase> <!-- Checkdev_sourceValue -->
  <testcase name="CheckPBValue" time="0.000" classname="ThePhilipinoTestCases.CaptureAndParsingHarFileForPixPngPhilipinoTest">
    <skipped/>
  </testcase> <!-- CheckPBValue -->
  <testcase name="Checkstory_tagsValue" time="0.000" classname="ThePhilipinoTestCases.CaptureAndParsingHarFileForPixPngPhilipinoTest">
    <skipped/>
  </testcase> <!-- Checkstory_tagsValue -->
  <testcase name="Checkcurrent_blockValue" time="0.000" classname="ThePhilipinoTestCases.CaptureAndParsingHarFileForPixPngPhilipinoTest">
    <skipped/>
  </testcase> <!-- Checkcurrent_blockValue -->
  <testcase name="Checktotal_blocksValue" time="0.000" classname="ThePhilipinoTestCases.CaptureAndParsingHarFileForPixPngPhilipinoTest">
    <skipped/>
  </testcase> <!-- Checktotal_blocksValue -->
  <testcase name="CheckdomainValue" time="0.000" classname="ThePhilipinoTestCases.CaptureAndParsingHarFileForPixPngPhilipinoTest">
    <skipped/>
  </testcase> <!-- CheckdomainValue -->
  <testcase name="CheckadPartnerValue" time="0.000" classname="ThePhilipinoTestCases.CaptureAndParsingHarFileForPixPngPhilipinoTest">
    <skipped/>
  </testcase> <!-- CheckadPartnerValue -->
  <testcase name="CheckadblockerValue" time="0.000" classname="ThePhilipinoTestCases.CaptureAndParsingHarFileForPixPngPhilipinoTest">
    <skipped/>
  </testcase> <!-- CheckadblockerValue -->
  <testcase name="CheckofcValue" time="0.000" classname="ThePhilipinoTestCases.CaptureAndParsingHarFileForPixPngPhilipinoTest">
    <skipped/>
  </testcase> <!-- CheckofcValue -->
  <testcase name="Checktotal_adsValue" time="0.000" classname="ThePhilipinoTestCases.CaptureAndParsingHarFileForPixPngPhilipinoTest">
    <skipped/>
  </testcase> <!-- Checktotal_adsValue -->
  <testcase name="Checktree_idValue" time="0.000" classname="ThePhilipinoTestCases.CaptureAndParsingHarFileForPixPngPhilipinoTest">
    <skipped/>
  </testcase> <!-- Checktree_idValue -->
  <testcase name="CheckussValue" time="0.000" classname="ThePhilipinoTestCases.CaptureAndParsingHarFileForPixPngPhilipinoTest">
    <skipped/>
  </testcase> <!-- CheckussValue -->
  <testcase name="CheckpidValue" time="0.000" classname="ThePhilipinoTestCases.CaptureAndParsingHarFileForPixPngPhilipinoTest">
    <skipped/>
  </testcase> <!-- CheckpidValue -->
  <testcase name="Checkinit_story_idValue" time="0.000" classname="ThePhilipinoTestCases.CaptureAndParsingHarFileForPixPngPhilipinoTest">
    <skipped/>
  </testcase> <!-- Checkinit_story_idValue -->
</testsuite> <!-- ThePhilipinoTestCases.CaptureAndParsingHarFileForPixPngPhilipinoTest -->
