<?xml version="1.0" encoding="UTF-8"?>
<!-- Generated by org.testng.reporters.JUnitReportReporter -->
<testsuite skipped="30" hostname="wittyfeed-Vostro-3558" name="InnervoiceTestCases.InnnerVoicePageTestcasesTest" tests="32" failures="0" timestamp="25 Dec 2018 06:29:35 GMT" time="0.013" errors="2">
  <testcase name="getResults" time="0.006" classname="InnervoiceTestCases.InnnerVoicePageTestcasesTest">
    <error type="java.lang.NullPointerException">
      <![CDATA[java.lang.NullPointerException
at InnervoiceTestCases.ReportGenerateWittyTest.getResults(ReportGenerateWittyTest.java:85)
at sun.reflect.NativeMethodAccessorImpl.invoke0(Native Method)
at sun.reflect.NativeMethodAccessorImpl.invoke(NativeMethodAccessorImpl.java:62)
at sun.reflect.DelegatingMethodAccessorImpl.invoke(DelegatingMethodAccessorImpl.java:43)
at java.lang.reflect.Method.invoke(Method.java:498)
at org.testng.internal.MethodInvocationHelper.invokeMethod(MethodInvocationHelper.java:124)
at org.testng.internal.MethodInvocationHelper.invokeMethodConsideringTimeout(MethodInvocationHelper.java:59)
at org.testng.internal.Invoker.invokeConfigurationMethod(Invoker.java:455)
at org.testng.internal.Invoker.invokeConfigurations(Invoker.java:222)
at org.testng.internal.Invoker.invokeMethod(Invoker.java:643)
at org.testng.internal.Invoker.invokeTestMethod(Invoker.java:716)
at org.testng.internal.Invoker.invokeTestMethods(Invoker.java:988)
at org.testng.internal.TestMethodWorker.invokeTestMethods(TestMethodWorker.java:125)
at org.testng.internal.TestMethodWorker.run(TestMethodWorker.java:109)
at org.testng.TestRunner.privateRun(TestRunner.java:648)
at org.testng.TestRunner.run(TestRunner.java:505)
at org.testng.SuiteRunner.runTest(SuiteRunner.java:455)
at org.testng.SuiteRunner.runSequentially(SuiteRunner.java:450)
at org.testng.SuiteRunner.privateRun(SuiteRunner.java:415)
at org.testng.SuiteRunner.run(SuiteRunner.java:364)
at org.testng.SuiteRunnerWorker.runSuite(SuiteRunnerWorker.java:52)
at org.testng.SuiteRunnerWorker.run(SuiteRunnerWorker.java:84)
at org.testng.TestNG.runSuitesSequentially(TestNG.java:1208)
at org.testng.TestNG.runSuitesLocally(TestNG.java:1137)
at org.testng.TestNG.runSuites(TestNG.java:1049)
at org.testng.TestNG.run(TestNG.java:1017)
at org.testng.remote.AbstractRemoteTestNG.run(AbstractRemoteTestNG.java:114)
at org.testng.remote.RemoteTestNG.initAndRun(RemoteTestNG.java:251)
at org.testng.remote.RemoteTestNG.main(RemoteTestNG.java:77)
]]>
    </error>
  </testcase> <!-- getResults -->
  <testcase name="CheckSearchOption" time="0.007" classname="InnervoiceTestCases.InnnerVoicePageTestcasesTest">
    <error type="java.io.FileNotFoundException" message="WittyFeedConfig.properties (No such file or directory)">
      <![CDATA[java.io.FileNotFoundException: WittyFeedConfig.properties (No such file or directory)
at java.io.FileInputStream.open0(Native Method)
at java.io.FileInputStream.open(FileInputStream.java:195)
at java.io.FileInputStream.<init>(FileInputStream.java:138)
at java.io.FileInputStream.<init>(FileInputStream.java:93)
at UtilsOnFeed.ReadPropertiesFileInnerVoice.LoadPropertiess(ReadPropertiesFileInnerVoice.java:13)
at InnervoiceTestCases.InnnerVoicePageTestcasesTest.CheckSearchOption(InnnerVoicePageTestcasesTest.java:20)
at sun.reflect.NativeMethodAccessorImpl.invoke0(Native Method)
at sun.reflect.NativeMethodAccessorImpl.invoke(NativeMethodAccessorImpl.java:62)
at sun.reflect.DelegatingMethodAccessorImpl.invoke(DelegatingMethodAccessorImpl.java:43)
at java.lang.reflect.Method.invoke(Method.java:498)
at org.testng.internal.MethodInvocationHelper.invokeMethod(MethodInvocationHelper.java:124)
at org.testng.internal.Invoker.invokeMethod(Invoker.java:580)
at org.testng.internal.Invoker.invokeTestMethod(Invoker.java:716)
at org.testng.internal.Invoker.invokeTestMethods(Invoker.java:988)
at org.testng.internal.TestMethodWorker.invokeTestMethods(TestMethodWorker.java:125)
at org.testng.internal.TestMethodWorker.run(TestMethodWorker.java:109)
at org.testng.TestRunner.privateRun(TestRunner.java:648)
at org.testng.TestRunner.run(TestRunner.java:505)
at org.testng.SuiteRunner.runTest(SuiteRunner.java:455)
at org.testng.SuiteRunner.runSequentially(SuiteRunner.java:450)
at org.testng.SuiteRunner.privateRun(SuiteRunner.java:415)
at org.testng.SuiteRunner.run(SuiteRunner.java:364)
at org.testng.SuiteRunnerWorker.runSuite(SuiteRunnerWorker.java:52)
at org.testng.SuiteRunnerWorker.run(SuiteRunnerWorker.java:84)
at org.testng.TestNG.runSuitesSequentially(TestNG.java:1208)
at org.testng.TestNG.runSuitesLocally(TestNG.java:1137)
at org.testng.TestNG.runSuites(TestNG.java:1049)
at org.testng.TestNG.run(TestNG.java:1017)
at org.testng.remote.AbstractRemoteTestNG.run(AbstractRemoteTestNG.java:114)
at org.testng.remote.RemoteTestNG.initAndRun(RemoteTestNG.java:251)
at org.testng.remote.RemoteTestNG.main(RemoteTestNG.java:77)
]]>
    </error>
  </testcase> <!-- CheckSearchOption -->
  <testcase name="CheckSiteLogo" time="0.000" classname="InnervoiceTestCases.InnnerVoicePageTestcasesTest">
    <skipped/>
  </testcase> <!-- CheckSiteLogo -->
  <testcase name="CheckExploreCategories" time="0.000" classname="InnervoiceTestCases.InnnerVoicePageTestcasesTest">
    <skipped/>
  </testcase> <!-- CheckExploreCategories -->
  <testcase name="CheckTalesCategories" time="0.000" classname="InnervoiceTestCases.InnnerVoicePageTestcasesTest">
    <skipped/>
  </testcase> <!-- CheckTalesCategories -->
  <testcase name="CheckVideosCategories" time="0.000" classname="InnervoiceTestCases.InnnerVoicePageTestcasesTest">
    <skipped/>
  </testcase> <!-- CheckVideosCategories -->
  <testcase name="CheckExpressCategories" time="0.000" classname="InnervoiceTestCases.InnnerVoicePageTestcasesTest">
    <skipped/>
  </testcase> <!-- CheckExpressCategories -->
  <testcase name="CheckIVPicks" time="0.000" classname="InnervoiceTestCases.InnnerVoicePageTestcasesTest">
    <skipped/>
  </testcase> <!-- CheckIVPicks -->
  <testcase name="CheckInstaLink" time="0.000" classname="InnervoiceTestCases.InnnerVoicePageTestcasesTest">
    <skipped/>
  </testcase> <!-- CheckInstaLink -->
  <testcase name="CheckTwitterLink" time="0.000" classname="InnervoiceTestCases.InnnerVoicePageTestcasesTest">
    <skipped/>
  </testcase> <!-- CheckTwitterLink -->
  <testcase name="CheckFacebookLink" time="0.000" classname="InnervoiceTestCases.InnnerVoicePageTestcasesTest">
    <skipped/>
  </testcase> <!-- CheckFacebookLink -->
  <testcase name="CheckYouTubeLink" time="0.000" classname="InnervoiceTestCases.InnnerVoicePageTestcasesTest">
    <skipped/>
  </testcase> <!-- CheckYouTubeLink -->
  <testcase name="CheckFeaturedPostImage" time="0.000" classname="InnervoiceTestCases.InnnerVoicePageTestcasesTest">
    <skipped/>
  </testcase> <!-- CheckFeaturedPostImage -->
  <testcase name="CheckFeaturedPostTitle" time="0.000" classname="InnervoiceTestCases.InnnerVoicePageTestcasesTest">
    <skipped/>
  </testcase> <!-- CheckFeaturedPostTitle -->
  <testcase name="CheckFeaturedPostAuthor" time="0.000" classname="InnervoiceTestCases.InnnerVoicePageTestcasesTest">
    <skipped/>
  </testcase> <!-- CheckFeaturedPostAuthor -->
  <testcase name="CheckSecondPostImage" time="0.000" classname="InnervoiceTestCases.InnnerVoicePageTestcasesTest">
    <skipped/>
  </testcase> <!-- CheckSecondPostImage -->
  <testcase name="CheckSecondPostTitle" time="0.000" classname="InnervoiceTestCases.InnnerVoicePageTestcasesTest">
    <skipped/>
  </testcase> <!-- CheckSecondPostTitle -->
  <testcase name="CheckSecondPostAuthor" time="0.000" classname="InnervoiceTestCases.InnnerVoicePageTestcasesTest">
    <skipped/>
  </testcase> <!-- CheckSecondPostAuthor -->
  <testcase name="CheckThirdPostImage" time="0.000" classname="InnervoiceTestCases.InnnerVoicePageTestcasesTest">
    <skipped/>
  </testcase> <!-- CheckThirdPostImage -->
  <testcase name="CheckThirdPostTitle" time="0.000" classname="InnervoiceTestCases.InnnerVoicePageTestcasesTest">
    <skipped/>
  </testcase> <!-- CheckThirdPostTitle -->
  <testcase name="CheckThirdPostAuthor" time="0.000" classname="InnervoiceTestCases.InnnerVoicePageTestcasesTest">
    <skipped/>
  </testcase> <!-- CheckThirdPostAuthor -->
  <testcase name="CheckLatestStoryImage" time="0.000" classname="InnervoiceTestCases.InnnerVoicePageTestcasesTest">
    <skipped/>
  </testcase> <!-- CheckLatestStoryImage -->
  <testcase name="CheckLatestStoryTitle" time="0.000" classname="InnervoiceTestCases.InnnerVoicePageTestcasesTest">
    <skipped/>
  </testcase> <!-- CheckLatestStoryTitle -->
  <testcase name="CheckLatestStoryAuthor" time="0.000" classname="InnervoiceTestCases.InnnerVoicePageTestcasesTest">
    <skipped/>
  </testcase> <!-- CheckLatestStoryAuthor -->
  <testcase name="CheckIVVideo1" time="0.000" classname="InnervoiceTestCases.InnnerVoicePageTestcasesTest">
    <skipped/>
  </testcase> <!-- CheckIVVideo1 -->
  <testcase name="CheckIVVideo2" time="0.000" classname="InnervoiceTestCases.InnnerVoicePageTestcasesTest">
    <skipped/>
  </testcase> <!-- CheckIVVideo2 -->
  <testcase name="CheckQuizeFeedImage" time="0.000" classname="InnervoiceTestCases.InnnerVoicePageTestcasesTest">
    <skipped/>
  </testcase> <!-- CheckQuizeFeedImage -->
  <testcase name="CheckQuizefeedTitle" time="0.000" classname="InnervoiceTestCases.InnnerVoicePageTestcasesTest">
    <skipped/>
  </testcase> <!-- CheckQuizefeedTitle -->
  <testcase name="CheckQuizeFeedAuthor" time="0.000" classname="InnervoiceTestCases.InnnerVoicePageTestcasesTest">
    <skipped/>
  </testcase> <!-- CheckQuizeFeedAuthor -->
  <testcase name="CheckEatSleepReadReaptImage" time="0.000" classname="InnervoiceTestCases.InnnerVoicePageTestcasesTest">
    <skipped/>
  </testcase> <!-- CheckEatSleepReadReaptImage -->
  <testcase name="CheckEatSleepReadReaptTitle" time="0.000" classname="InnervoiceTestCases.InnnerVoicePageTestcasesTest">
    <skipped/>
  </testcase> <!-- CheckEatSleepReadReaptTitle -->
  <testcase name="CheckEatSleepReadReaptAuthor" time="0.000" classname="InnervoiceTestCases.InnnerVoicePageTestcasesTest">
    <skipped/>
  </testcase> <!-- CheckEatSleepReadReaptAuthor -->
</testsuite> <!-- InnervoiceTestCases.InnnerVoicePageTestcasesTest -->
