<?xml version="1.0" encoding="UTF-8"?>
<!-- Generated by org.testng.reporters.JUnitXMLReporter -->
<testsuite hostname="wittyfeed-Vostro-3558" ignored="0" name="Command line test" tests="11" failures="0" timestamp="07 Jan 2019 11:51:29 GMT" time="0.034" errors="0">
  <testcase name="@BeforeSuite Setup" time="1.694" classname="AllPropertiesVerifification.AllPropertiesVerifification.ReportGenerateAllProp">
    <failure type="org.openqa.selenium.SessionNotCreatedException" message="session not created
from disconnected: unable to connect to renderer
  (Session info: headless chrome=71.0.3578.98)
  (Driver info: chromedriver=2.45.615279 (12b89733300bd268cff3b78fc76cb8f3a7cc44e5),platform=Linux 4.4.0-131-generic x86_64) (WARNING: The server did not provide any stacktrace information)
Command duration or timeout: 560 milliseconds
Build info: version: &amp;apos;3.5.3&amp;apos;, revision: &amp;apos;a88d25fe6b&amp;apos;, time: &amp;apos;2017-08-29T12:42:44.417Z&amp;apos;
System info: host: &amp;apos;wittyfeed-Vostro-3558&amp;apos;, ip: &amp;apos;127.0.1.1&amp;apos;, os.name: &amp;apos;Linux&amp;apos;, os.arch: &amp;apos;amd64&amp;apos;, os.version: &amp;apos;4.4.0-131-generic&amp;apos;, java.version: &amp;apos;1.8.0_191&amp;apos;
Driver info: driver.version: ChromeDriver">
      <![CDATA[org.openqa.selenium.SessionNotCreatedException: session not created
from disconnected: unable to connect to renderer
  (Session info: headless chrome=71.0.3578.98)
  (Driver info: chromedriver=2.45.615279 (12b89733300bd268cff3b78fc76cb8f3a7cc44e5),platform=Linux 4.4.0-131-generic x86_64) (WARNING: The server did not provide any stacktrace information)
Command duration or timeout: 560 milliseconds
Build info: version: '3.5.3', revision: 'a88d25fe6b', time: '2017-08-29T12:42:44.417Z'
System info: host: 'wittyfeed-Vostro-3558', ip: '127.0.1.1', os.name: 'Linux', os.arch: 'amd64', os.version: '4.4.0-131-generic', java.version: '1.8.0_191'
Driver info: driver.version: ChromeDriver
at org.openqa.selenium.remote.ErrorHandler.createThrowable(ErrorHandler.java:215)
at org.openqa.selenium.remote.ErrorHandler.throwIfResponseFailed(ErrorHandler.java:167)
at org.openqa.selenium.remote.JsonWireProtocolResponse.lambda$new$0(JsonWireProtocolResponse.java:53)
at org.openqa.selenium.remote.JsonWireProtocolResponse.lambda$getResponseFunction$2(JsonWireProtocolResponse.java:91)
at org.openqa.selenium.remote.ProtocolHandshake.lambda$createSession$24(ProtocolHandshake.java:359)
at java.util.stream.ReferencePipeline$3$1.accept(ReferencePipeline.java:193)
at java.util.Spliterators$ArraySpliterator.tryAdvance(Spliterators.java:958)
at java.util.stream.ReferencePipeline.forEachWithCancel(ReferencePipeline.java:126)
at java.util.stream.AbstractPipeline.copyIntoWithCancel(AbstractPipeline.java:498)
at java.util.stream.AbstractPipeline.copyInto(AbstractPipeline.java:485)
at java.util.stream.AbstractPipeline.wrapAndCopyInto(AbstractPipeline.java:471)
at java.util.stream.FindOps$FindOp.evaluateSequential(FindOps.java:152)
at java.util.stream.AbstractPipeline.evaluate(AbstractPipeline.java:234)
at java.util.stream.ReferencePipeline.findFirst(ReferencePipeline.java:464)
at org.openqa.selenium.remote.ProtocolHandshake.createSession(ProtocolHandshake.java:362)
at org.openqa.selenium.remote.ProtocolHandshake.createSession(ProtocolHandshake.java:136)
at org.openqa.selenium.remote.HttpCommandExecutor.execute(HttpCommandExecutor.java:142)
at org.openqa.selenium.remote.service.DriverCommandExecutor.execute(DriverCommandExecutor.java:82)
at org.openqa.selenium.remote.RemoteWebDriver.execute(RemoteWebDriver.java:646)
at org.openqa.selenium.remote.RemoteWebDriver.startSession(RemoteWebDriver.java:255)
at org.openqa.selenium.remote.RemoteWebDriver.startSession(RemoteWebDriver.java:237)
at org.openqa.selenium.remote.RemoteWebDriver.<init>(RemoteWebDriver.java:138)
at org.openqa.selenium.chrome.ChromeDriver.<init>(ChromeDriver.java:178)
at org.openqa.selenium.chrome.ChromeDriver.<init>(ChromeDriver.java:167)
at org.openqa.selenium.chrome.ChromeDriver.<init>(ChromeDriver.java:156)
at AllPropertiesVerifification.AllPropertiesVerifification.ReportGenerateAllProp.Setup(ReportGenerateAllProp.java:59)
... Removed 33 stack frames]]>
    </failure>
  </testcase> <!-- @BeforeSuite Setup -->
  <testcase name="@AfterMethod getResults" time="0.0" classname="AllPropertiesVerifification.AllPropertiesVerifification.ReportGenerateAllProp">
    <skipped/>
  </testcase> <!-- @AfterMethod getResults -->
  <testcase name="@AfterMethod getResults" time="0.0" classname="AllPropertiesVerifification.AllPropertiesVerifification.ReportGenerateAllProp">
    <skipped/>
  </testcase> <!-- @AfterMethod getResults -->
  <testcase name="@AfterMethod getResults" time="0.0" classname="AllPropertiesVerifification.AllPropertiesVerifification.ReportGenerateAllProp">
    <skipped/>
  </testcase> <!-- @AfterMethod getResults -->
  <testcase name="@AfterMethod getResults" time="0.0" classname="AllPropertiesVerifification.AllPropertiesVerifification.ReportGenerateAllProp">
    <skipped/>
  </testcase> <!-- @AfterMethod getResults -->
  <testcase name="@AfterMethod getResults" time="0.0" classname="AllPropertiesVerifification.AllPropertiesVerifification.ReportGenerateAllProp">
    <skipped/>
  </testcase> <!-- @AfterMethod getResults -->
  <testcase name="@AfterMethod getResults" time="0.0" classname="AllPropertiesVerifification.AllPropertiesVerifification.ReportGenerateAllProp">
    <skipped/>
  </testcase> <!-- @AfterMethod getResults -->
  <testcase name="@AfterMethod getResults" time="0.0" classname="AllPropertiesVerifification.AllPropertiesVerifification.ReportGenerateAllProp">
    <skipped/>
  </testcase> <!-- @AfterMethod getResults -->
  <testcase name="@AfterMethod getResults" time="0.0" classname="AllPropertiesVerifification.AllPropertiesVerifification.ReportGenerateAllProp">
    <skipped/>
  </testcase> <!-- @AfterMethod getResults -->
  <testcase name="@AfterMethod getResults" time="0.0" classname="AllPropertiesVerifification.AllPropertiesVerifification.ReportGenerateAllProp">
    <skipped/>
  </testcase> <!-- @AfterMethod getResults -->
  <testcase name="@AfterMethod getResults" time="0.0" classname="AllPropertiesVerifification.AllPropertiesVerifification.ReportGenerateAllProp">
    <skipped/>
  </testcase> <!-- @AfterMethod getResults -->
  <testcase name="@AfterMethod getResults" time="0.0" classname="AllPropertiesVerifification.AllPropertiesVerifification.ReportGenerateAllProp">
    <skipped/>
  </testcase> <!-- @AfterMethod getResults -->
  <testcase name="CheckThephilipino" time="0.0" classname="AllPropertiesVerifification.AllPropertiesVerifification.CheckAllPropertiesTest">
    <skipped/>
  </testcase> <!-- CheckThephilipino -->
  <testcase name="CheckMostlymoney" time="0.0" classname="AllPropertiesVerifification.AllPropertiesVerifification.CheckAllPropertiesTest">
    <skipped/>
  </testcase> <!-- CheckMostlymoney -->
  <testcase name="CheckHealthiastic" time="0.0" classname="AllPropertiesVerifification.AllPropertiesVerifification.CheckAllPropertiesTest">
    <skipped/>
  </testcase> <!-- CheckHealthiastic -->
  <testcase name="CheckFactsonly" time="0.0" classname="AllPropertiesVerifification.AllPropertiesVerifification.CheckAllPropertiesTest">
    <skipped/>
  </testcase> <!-- CheckFactsonly -->
  <testcase name="CheckWittyfeed" time="0.0" classname="AllPropertiesVerifification.AllPropertiesVerifification.CheckAllPropertiesTest">
    <skipped/>
  </testcase> <!-- CheckWittyfeed -->
  <testcase name="CheckDuniadigest" time="0.0" classname="AllPropertiesVerifification.AllPropertiesVerifification.CheckAllPropertiesTest">
    <skipped/>
  </testcase> <!-- CheckDuniadigest -->
  <testcase name="CheckInnervoice" time="0.0" classname="AllPropertiesVerifification.AllPropertiesVerifification.CheckAllPropertiesTest">
    <skipped/>
  </testcase> <!-- CheckInnervoice -->
  <testcase name="CheckThepopple" time="0.0" classname="AllPropertiesVerifification.AllPropertiesVerifification.CheckAllPropertiesTest">
    <skipped/>
  </testcase> <!-- CheckThepopple -->
  <testcase name="CheckGeeksmate" time="0.0" classname="AllPropertiesVerifification.AllPropertiesVerifification.CheckAllPropertiesTest">
    <skipped/>
  </testcase> <!-- CheckGeeksmate -->
  <testcase name="CheckHollywoodpie" time="0.0" classname="AllPropertiesVerifification.AllPropertiesVerifification.CheckAllPropertiesTest">
    <skipped/>
  </testcase> <!-- CheckHollywoodpie -->
  <testcase name="CheckFoodmate" time="0.0" classname="AllPropertiesVerifification.AllPropertiesVerifification.CheckAllPropertiesTest">
    <skipped/>
  </testcase> <!-- CheckFoodmate -->
</testsuite> <!-- Command line test -->
