<?xml version="1.0" encoding="UTF-8"?>
<!-- Generated by org.testng.reporters.JUnitReportReporter -->
<testsuite hostname="wittyfeed-Vostro-3558" name="TestSuit.TestCasesTest" tests="8" failures="8" timestamp="23 Jan 2019 10:48:14 GMT" time="74.984" errors="0">
  <testcase name="compareTvDescription_to_CheckoutScreen" time="10.290" classname="TestSuit.TestCasesTest">
    <failure type="org.openqa.selenium.NoSuchElementException" message="An element could not be located on the page using the given search parameters. (WARNING: The server did not provide any stacktrace information)
Command duration or timeout: 10.23 seconds
For documentation on this error, please visit: http://seleniumhq.org/exceptions/no_such_element.html
Build info: version: &#039;2.50.1&#039;, revision: &#039;d7fc91b29de65b790abb01f3ac5f7ea2191c88a7&#039;, time: &#039;2016-01-29 11:11:26&#039;
System info: host: &#039;wittyfeed-Vostro-3558&#039;, ip: &#039;127.0.1.1&#039;, os.name: &#039;Linux&#039;, os.arch: &#039;amd64&#039;, os.version: &#039;4.15.0-43-generic&#039;, java.version: &#039;1.8.0_201&#039;
Driver info: io.appium.java_client.android.AndroidDriver
Capabilities [{app=/home/wittyfeed/Downloads/eBay.apk, appPackage=com.ebay.mobile, deviceScreenSize=1080x2160, networkConnectionEnabled=true, warnings={}, appWaitPackage=com.ebay.mobile, appWaitActivity=com.ebay.mobile.activities.MainActivity, app-package=com.ebay.mobile, app-activity=com.ebay.mobile.activities.MainActivity, databaseEnabled=false, deviceName=3841e0a8, platform=LINUX, deviceUDID=3841e0a8, appActivity=com.ebay.mobile.activities.MainActivity, desired={app=/home/wittyfeed/Downloads/eBay.apk, platformVersion=8.1, app-package=com.ebay.mobile, app-activity=com.ebay.mobile.activities.MainActivity, platformName=Android, deviceName=3841e0a8}, platformVersion=8.1.0, webStorageEnabled=false, locationContextEnabled=false, takesScreenshot=true, javascriptEnabled=true, deviceModel=Redmi Note 5 Pro, platformName=Android, deviceManufacturer=Xiaomi}]
Session ID: 4c96a16b-44b2-45cb-90f1-c2485ce1cbe0
*** Element info: {Using=xpath, value=//android.view.View[@content-desc=&#039;SAMSUNG 65 INCHES 65MU6100 4K UHD LED TV 2017 MODEL + 1 YEAR DEALERS WARRANTY&#039;]}">
      <![CDATA[org.openqa.selenium.NoSuchElementException: An element could not be located on the page using the given search parameters. (WARNING: The server did not provide any stacktrace information)
Command duration or timeout: 10.23 seconds
For documentation on this error, please visit: http://seleniumhq.org/exceptions/no_such_element.html
Build info: version: '2.50.1', revision: 'd7fc91b29de65b790abb01f3ac5f7ea2191c88a7', time: '2016-01-29 11:11:26'
System info: host: 'wittyfeed-Vostro-3558', ip: '127.0.1.1', os.name: 'Linux', os.arch: 'amd64', os.version: '4.15.0-43-generic', java.version: '1.8.0_201'
Driver info: io.appium.java_client.android.AndroidDriver
Capabilities [{app=/home/wittyfeed/Downloads/eBay.apk, appPackage=com.ebay.mobile, deviceScreenSize=1080x2160, networkConnectionEnabled=true, warnings={}, appWaitPackage=com.ebay.mobile, appWaitActivity=com.ebay.mobile.activities.MainActivity, app-package=com.ebay.mobile, app-activity=com.ebay.mobile.activities.MainActivity, databaseEnabled=false, deviceName=3841e0a8, platform=LINUX, deviceUDID=3841e0a8, appActivity=com.ebay.mobile.activities.MainActivity, desired={app=/home/wittyfeed/Downloads/eBay.apk, platformVersion=8.1, app-package=com.ebay.mobile, app-activity=com.ebay.mobile.activities.MainActivity, platformName=Android, deviceName=3841e0a8}, platformVersion=8.1.0, webStorageEnabled=false, locationContextEnabled=false, takesScreenshot=true, javascriptEnabled=true, deviceModel=Redmi Note 5 Pro, platformName=Android, deviceManufacturer=Xiaomi}]
Session ID: 4c96a16b-44b2-45cb-90f1-c2485ce1cbe0
*** Element info: {Using=xpath, value=//android.view.View[@content-desc='SAMSUNG 65 INCHES 65MU6100 4K UHD LED TV 2017 MODEL + 1 YEAR DEALERS WARRANTY']}
	at sun.reflect.NativeConstructorAccessorImpl.newInstance0(Native Method)
	at sun.reflect.NativeConstructorAccessorImpl.newInstance(NativeConstructorAccessorImpl.java:62)
	at sun.reflect.DelegatingConstructorAccessorImpl.newInstance(DelegatingConstructorAccessorImpl.java:45)
	at java.lang.reflect.Constructor.newInstance(Constructor.java:423)
	at org.openqa.selenium.remote.ErrorHandler.createThrowable(ErrorHandler.java:206)
	at org.openqa.selenium.remote.ErrorHandler.throwIfResponseFailed(ErrorHandler.java:158)
	at org.openqa.selenium.remote.RemoteWebDriver.execute(RemoteWebDriver.java:678)
	at io.appium.java_client.DefaultGenericMobileDriver.execute(DefaultGenericMobileDriver.java:42)
	at io.appium.java_client.AppiumDriver.execute(AppiumDriver.java:1)
	at io.appium.java_client.android.AndroidDriver.execute(AndroidDriver.java:1)
	at org.openqa.selenium.remote.RemoteWebDriver.findElement(RemoteWebDriver.java:363)
	at org.openqa.selenium.remote.RemoteWebDriver.findElementByXPath(RemoteWebDriver.java:500)
	at io.appium.java_client.DefaultGenericMobileDriver.findElementByXPath(DefaultGenericMobileDriver.java:132)
	at io.appium.java_client.AppiumDriver.findElementByXPath(AppiumDriver.java:1)
	at io.appium.java_client.android.AndroidDriver.findElementByXPath(AndroidDriver.java:1)
	at org.openqa.selenium.By$ByXPath.findElement(By.java:361)
	at org.openqa.selenium.remote.RemoteWebDriver.findElement(RemoteWebDriver.java:355)
	at io.appium.java_client.DefaultGenericMobileDriver.findElement(DefaultGenericMobileDriver.java:52)
	at io.appium.java_client.AppiumDriver.findElement(AppiumDriver.java:1)
	at io.appium.java_client.android.AndroidDriver.findElement(AndroidDriver.java:1)
	at Utils.WrapperForGenericMethods.NoAction(WrapperForGenericMethods.java:24)
	at Pages.CheckoutPage.GetTvDescriptionCheckout(CheckoutPage.java:29)
	at TestSuit.TestCasesTest.compareTvDescription_to_CheckoutScreen(TestCasesTest.java:141)
	at sun.reflect.NativeMethodAccessorImpl.invoke0(Native Method)
	at sun.reflect.NativeMethodAccessorImpl.invoke(NativeMethodAccessorImpl.java:62)
	at sun.reflect.DelegatingMethodAccessorImpl.invoke(DelegatingMethodAccessorImpl.java:43)
	at java.lang.reflect.Method.invoke(Method.java:498)
	at org.testng.internal.MethodInvocationHelper.invokeMethod(MethodInvocationHelper.java:80)
	at org.testng.internal.Invoker.invokeMethod(Invoker.java:714)
	at org.testng.internal.Invoker.invokeTestMethod(Invoker.java:901)
	at org.testng.internal.Invoker.invokeTestMethods(Invoker.java:1231)
	at org.testng.internal.TestMethodWorker.invokeTestMethods(TestMethodWorker.java:127)
	at org.testng.internal.TestMethodWorker.run(TestMethodWorker.java:111)
	at org.testng.TestRunner.privateRun(TestRunner.java:767)
	at org.testng.TestRunner.run(TestRunner.java:617)
	at org.testng.SuiteRunner.runTest(SuiteRunner.java:334)
	at org.testng.SuiteRunner.runSequentially(SuiteRunner.java:329)
	at org.testng.SuiteRunner.privateRun(SuiteRunner.java:291)
	at org.testng.SuiteRunner.run(SuiteRunner.java:240)
	at org.testng.SuiteRunnerWorker.runSuite(SuiteRunnerWorker.java:52)
	at org.testng.SuiteRunnerWorker.run(SuiteRunnerWorker.java:86)
	at org.testng.TestNG.runSuitesSequentially(TestNG.java:1198)
	at org.testng.TestNG.runSuitesLocally(TestNG.java:1123)
	at org.testng.TestNG.run(TestNG.java:1031)
	at org.testng.remote.AbstractRemoteTestNG.run(AbstractRemoteTestNG.java:114)
	at org.testng.remote.RemoteTestNG.initAndRun(RemoteTestNG.java:251)
	at org.testng.remote.RemoteTestNG.main(RemoteTestNG.java:77)
]]>
    </failure>
  </testcase> <!-- compareTvDescription_to_CheckoutScreen -->
  <testcase name="NameAndDiscriptionComparison_CheckOutScreen" time="10.370" classname="TestSuit.TestCasesTest">
    <failure type="org.openqa.selenium.NoSuchElementException" message="An element could not be located on the page using the given search parameters. (WARNING: The server did not provide any stacktrace information)
Command duration or timeout: 10.31 seconds
For documentation on this error, please visit: http://seleniumhq.org/exceptions/no_such_element.html
Build info: version: &#039;2.50.1&#039;, revision: &#039;d7fc91b29de65b790abb01f3ac5f7ea2191c88a7&#039;, time: &#039;2016-01-29 11:11:26&#039;
System info: host: &#039;wittyfeed-Vostro-3558&#039;, ip: &#039;127.0.1.1&#039;, os.name: &#039;Linux&#039;, os.arch: &#039;amd64&#039;, os.version: &#039;4.15.0-43-generic&#039;, java.version: &#039;1.8.0_201&#039;
Driver info: io.appium.java_client.android.AndroidDriver
Capabilities [{app=/home/wittyfeed/Downloads/eBay.apk, appPackage=com.ebay.mobile, deviceScreenSize=1080x2160, networkConnectionEnabled=true, warnings={}, appWaitPackage=com.ebay.mobile, appWaitActivity=com.ebay.mobile.activities.MainActivity, app-package=com.ebay.mobile, app-activity=com.ebay.mobile.activities.MainActivity, databaseEnabled=false, deviceName=3841e0a8, platform=LINUX, deviceUDID=3841e0a8, appActivity=com.ebay.mobile.activities.MainActivity, desired={app=/home/wittyfeed/Downloads/eBay.apk, platformVersion=8.1, app-package=com.ebay.mobile, app-activity=com.ebay.mobile.activities.MainActivity, platformName=Android, deviceName=3841e0a8}, platformVersion=8.1.0, webStorageEnabled=false, locationContextEnabled=false, takesScreenshot=true, javascriptEnabled=true, deviceModel=Redmi Note 5 Pro, platformName=Android, deviceManufacturer=Xiaomi}]
Session ID: 4c96a16b-44b2-45cb-90f1-c2485ce1cbe0
*** Element info: {Using=xpath, value=//android.view.View[@content-desc=&#039;SAMSUNG 65 INCHES 65MU6100 4K UHD LED TV 2017 MODEL + 1 YEAR DEALERS WARRANTY&#039;]}">
      <![CDATA[org.openqa.selenium.NoSuchElementException: An element could not be located on the page using the given search parameters. (WARNING: The server did not provide any stacktrace information)
Command duration or timeout: 10.31 seconds
For documentation on this error, please visit: http://seleniumhq.org/exceptions/no_such_element.html
Build info: version: '2.50.1', revision: 'd7fc91b29de65b790abb01f3ac5f7ea2191c88a7', time: '2016-01-29 11:11:26'
System info: host: 'wittyfeed-Vostro-3558', ip: '127.0.1.1', os.name: 'Linux', os.arch: 'amd64', os.version: '4.15.0-43-generic', java.version: '1.8.0_201'
Driver info: io.appium.java_client.android.AndroidDriver
Capabilities [{app=/home/wittyfeed/Downloads/eBay.apk, appPackage=com.ebay.mobile, deviceScreenSize=1080x2160, networkConnectionEnabled=true, warnings={}, appWaitPackage=com.ebay.mobile, appWaitActivity=com.ebay.mobile.activities.MainActivity, app-package=com.ebay.mobile, app-activity=com.ebay.mobile.activities.MainActivity, databaseEnabled=false, deviceName=3841e0a8, platform=LINUX, deviceUDID=3841e0a8, appActivity=com.ebay.mobile.activities.MainActivity, desired={app=/home/wittyfeed/Downloads/eBay.apk, platformVersion=8.1, app-package=com.ebay.mobile, app-activity=com.ebay.mobile.activities.MainActivity, platformName=Android, deviceName=3841e0a8}, platformVersion=8.1.0, webStorageEnabled=false, locationContextEnabled=false, takesScreenshot=true, javascriptEnabled=true, deviceModel=Redmi Note 5 Pro, platformName=Android, deviceManufacturer=Xiaomi}]
Session ID: 4c96a16b-44b2-45cb-90f1-c2485ce1cbe0
*** Element info: {Using=xpath, value=//android.view.View[@content-desc='SAMSUNG 65 INCHES 65MU6100 4K UHD LED TV 2017 MODEL + 1 YEAR DEALERS WARRANTY']}
	at sun.reflect.NativeConstructorAccessorImpl.newInstance0(Native Method)
	at sun.reflect.NativeConstructorAccessorImpl.newInstance(NativeConstructorAccessorImpl.java:62)
	at sun.reflect.DelegatingConstructorAccessorImpl.newInstance(DelegatingConstructorAccessorImpl.java:45)
	at java.lang.reflect.Constructor.newInstance(Constructor.java:423)
	at org.openqa.selenium.remote.ErrorHandler.createThrowable(ErrorHandler.java:206)
	at org.openqa.selenium.remote.ErrorHandler.throwIfResponseFailed(ErrorHandler.java:158)
	at org.openqa.selenium.remote.RemoteWebDriver.execute(RemoteWebDriver.java:678)
	at io.appium.java_client.DefaultGenericMobileDriver.execute(DefaultGenericMobileDriver.java:42)
	at io.appium.java_client.AppiumDriver.execute(AppiumDriver.java:1)
	at io.appium.java_client.android.AndroidDriver.execute(AndroidDriver.java:1)
	at org.openqa.selenium.remote.RemoteWebDriver.findElement(RemoteWebDriver.java:363)
	at org.openqa.selenium.remote.RemoteWebDriver.findElementByXPath(RemoteWebDriver.java:500)
	at io.appium.java_client.DefaultGenericMobileDriver.findElementByXPath(DefaultGenericMobileDriver.java:132)
	at io.appium.java_client.AppiumDriver.findElementByXPath(AppiumDriver.java:1)
	at io.appium.java_client.android.AndroidDriver.findElementByXPath(AndroidDriver.java:1)
	at org.openqa.selenium.By$ByXPath.findElement(By.java:361)
	at org.openqa.selenium.remote.RemoteWebDriver.findElement(RemoteWebDriver.java:355)
	at io.appium.java_client.DefaultGenericMobileDriver.findElement(DefaultGenericMobileDriver.java:52)
	at io.appium.java_client.AppiumDriver.findElement(AppiumDriver.java:1)
	at io.appium.java_client.android.AndroidDriver.findElement(AndroidDriver.java:1)
	at Utils.WrapperForGenericMethods.NoAction(WrapperForGenericMethods.java:24)
	at Pages.CheckoutPage.GetTvDescriptionCheckout(CheckoutPage.java:29)
	at TestSuit.TestCasesTest.NameAndDiscriptionComparison_CheckOutScreen(TestCasesTest.java:114)
	at sun.reflect.NativeMethodAccessorImpl.invoke0(Native Method)
	at sun.reflect.NativeMethodAccessorImpl.invoke(NativeMethodAccessorImpl.java:62)
	at sun.reflect.DelegatingMethodAccessorImpl.invoke(DelegatingMethodAccessorImpl.java:43)
	at java.lang.reflect.Method.invoke(Method.java:498)
	at org.testng.internal.MethodInvocationHelper.invokeMethod(MethodInvocationHelper.java:80)
	at org.testng.internal.Invoker.invokeMethod(Invoker.java:714)
	at org.testng.internal.Invoker.invokeTestMethod(Invoker.java:901)
	at org.testng.internal.Invoker.invokeTestMethods(Invoker.java:1231)
	at org.testng.internal.TestMethodWorker.invokeTestMethods(TestMethodWorker.java:127)
	at org.testng.internal.TestMethodWorker.run(TestMethodWorker.java:111)
	at org.testng.TestRunner.privateRun(TestRunner.java:767)
	at org.testng.TestRunner.run(TestRunner.java:617)
	at org.testng.SuiteRunner.runTest(SuiteRunner.java:334)
	at org.testng.SuiteRunner.runSequentially(SuiteRunner.java:329)
	at org.testng.SuiteRunner.privateRun(SuiteRunner.java:291)
	at org.testng.SuiteRunner.run(SuiteRunner.java:240)
	at org.testng.SuiteRunnerWorker.runSuite(SuiteRunnerWorker.java:52)
	at org.testng.SuiteRunnerWorker.run(SuiteRunnerWorker.java:86)
	at org.testng.TestNG.runSuitesSequentially(TestNG.java:1198)
	at org.testng.TestNG.runSuitesLocally(TestNG.java:1123)
	at org.testng.TestNG.run(TestNG.java:1031)
	at org.testng.remote.AbstractRemoteTestNG.run(AbstractRemoteTestNG.java:114)
	at org.testng.remote.RemoteTestNG.initAndRun(RemoteTestNG.java:251)
	at org.testng.remote.RemoteTestNG.main(RemoteTestNG.java:77)
]]>
    </failure>
  </testcase> <!-- NameAndDiscriptionComparison_CheckOutScreen -->
  <testcase name="PriceComparison_CheckOutScreen" time="10.369" classname="TestSuit.TestCasesTest">
    <failure type="org.openqa.selenium.NoSuchElementException" message="An element could not be located on the page using the given search parameters. (WARNING: The server did not provide any stacktrace information)
Command duration or timeout: 10.32 seconds
For documentation on this error, please visit: http://seleniumhq.org/exceptions/no_such_element.html
Build info: version: &#039;2.50.1&#039;, revision: &#039;d7fc91b29de65b790abb01f3ac5f7ea2191c88a7&#039;, time: &#039;2016-01-29 11:11:26&#039;
System info: host: &#039;wittyfeed-Vostro-3558&#039;, ip: &#039;127.0.1.1&#039;, os.name: &#039;Linux&#039;, os.arch: &#039;amd64&#039;, os.version: &#039;4.15.0-43-generic&#039;, java.version: &#039;1.8.0_201&#039;
Driver info: io.appium.java_client.android.AndroidDriver
Capabilities [{app=/home/wittyfeed/Downloads/eBay.apk, appPackage=com.ebay.mobile, deviceScreenSize=1080x2160, networkConnectionEnabled=true, warnings={}, appWaitPackage=com.ebay.mobile, appWaitActivity=com.ebay.mobile.activities.MainActivity, app-package=com.ebay.mobile, app-activity=com.ebay.mobile.activities.MainActivity, databaseEnabled=false, deviceName=3841e0a8, platform=LINUX, deviceUDID=3841e0a8, appActivity=com.ebay.mobile.activities.MainActivity, desired={app=/home/wittyfeed/Downloads/eBay.apk, platformVersion=8.1, app-package=com.ebay.mobile, app-activity=com.ebay.mobile.activities.MainActivity, platformName=Android, deviceName=3841e0a8}, platformVersion=8.1.0, webStorageEnabled=false, locationContextEnabled=false, takesScreenshot=true, javascriptEnabled=true, deviceModel=Redmi Note 5 Pro, platformName=Android, deviceManufacturer=Xiaomi}]
Session ID: 4c96a16b-44b2-45cb-90f1-c2485ce1cbe0
*** Element info: {Using=xpath, value=//android.view.View[@content-desc=&#039;Rs. 120,000.00&#039;]}">
      <![CDATA[org.openqa.selenium.NoSuchElementException: An element could not be located on the page using the given search parameters. (WARNING: The server did not provide any stacktrace information)
Command duration or timeout: 10.32 seconds
For documentation on this error, please visit: http://seleniumhq.org/exceptions/no_such_element.html
Build info: version: '2.50.1', revision: 'd7fc91b29de65b790abb01f3ac5f7ea2191c88a7', time: '2016-01-29 11:11:26'
System info: host: 'wittyfeed-Vostro-3558', ip: '127.0.1.1', os.name: 'Linux', os.arch: 'amd64', os.version: '4.15.0-43-generic', java.version: '1.8.0_201'
Driver info: io.appium.java_client.android.AndroidDriver
Capabilities [{app=/home/wittyfeed/Downloads/eBay.apk, appPackage=com.ebay.mobile, deviceScreenSize=1080x2160, networkConnectionEnabled=true, warnings={}, appWaitPackage=com.ebay.mobile, appWaitActivity=com.ebay.mobile.activities.MainActivity, app-package=com.ebay.mobile, app-activity=com.ebay.mobile.activities.MainActivity, databaseEnabled=false, deviceName=3841e0a8, platform=LINUX, deviceUDID=3841e0a8, appActivity=com.ebay.mobile.activities.MainActivity, desired={app=/home/wittyfeed/Downloads/eBay.apk, platformVersion=8.1, app-package=com.ebay.mobile, app-activity=com.ebay.mobile.activities.MainActivity, platformName=Android, deviceName=3841e0a8}, platformVersion=8.1.0, webStorageEnabled=false, locationContextEnabled=false, takesScreenshot=true, javascriptEnabled=true, deviceModel=Redmi Note 5 Pro, platformName=Android, deviceManufacturer=Xiaomi}]
Session ID: 4c96a16b-44b2-45cb-90f1-c2485ce1cbe0
*** Element info: {Using=xpath, value=//android.view.View[@content-desc='Rs. 120,000.00']}
	at sun.reflect.NativeConstructorAccessorImpl.newInstance0(Native Method)
	at sun.reflect.NativeConstructorAccessorImpl.newInstance(NativeConstructorAccessorImpl.java:62)
	at sun.reflect.DelegatingConstructorAccessorImpl.newInstance(DelegatingConstructorAccessorImpl.java:45)
	at java.lang.reflect.Constructor.newInstance(Constructor.java:423)
	at org.openqa.selenium.remote.ErrorHandler.createThrowable(ErrorHandler.java:206)
	at org.openqa.selenium.remote.ErrorHandler.throwIfResponseFailed(ErrorHandler.java:158)
	at org.openqa.selenium.remote.RemoteWebDriver.execute(RemoteWebDriver.java:678)
	at io.appium.java_client.DefaultGenericMobileDriver.execute(DefaultGenericMobileDriver.java:42)
	at io.appium.java_client.AppiumDriver.execute(AppiumDriver.java:1)
	at io.appium.java_client.android.AndroidDriver.execute(AndroidDriver.java:1)
	at org.openqa.selenium.remote.RemoteWebDriver.findElement(RemoteWebDriver.java:363)
	at org.openqa.selenium.remote.RemoteWebDriver.findElementByXPath(RemoteWebDriver.java:500)
	at io.appium.java_client.DefaultGenericMobileDriver.findElementByXPath(DefaultGenericMobileDriver.java:132)
	at io.appium.java_client.AppiumDriver.findElementByXPath(AppiumDriver.java:1)
	at io.appium.java_client.android.AndroidDriver.findElementByXPath(AndroidDriver.java:1)
	at org.openqa.selenium.By$ByXPath.findElement(By.java:361)
	at org.openqa.selenium.remote.RemoteWebDriver.findElement(RemoteWebDriver.java:355)
	at io.appium.java_client.DefaultGenericMobileDriver.findElement(DefaultGenericMobileDriver.java:52)
	at io.appium.java_client.AppiumDriver.findElement(AppiumDriver.java:1)
	at io.appium.java_client.android.AndroidDriver.findElement(AndroidDriver.java:1)
	at Utils.WrapperForGenericMethods.NoAction(WrapperForGenericMethods.java:24)
	at Pages.CheckoutPage.GetTvPriceCheckout(CheckoutPage.java:39)
	at TestSuit.TestCasesTest.PriceComparison_CheckOutScreen(TestCasesTest.java:127)
	at sun.reflect.NativeMethodAccessorImpl.invoke0(Native Method)
	at sun.reflect.NativeMethodAccessorImpl.invoke(NativeMethodAccessorImpl.java:62)
	at sun.reflect.DelegatingMethodAccessorImpl.invoke(DelegatingMethodAccessorImpl.java:43)
	at java.lang.reflect.Method.invoke(Method.java:498)
	at org.testng.internal.MethodInvocationHelper.invokeMethod(MethodInvocationHelper.java:80)
	at org.testng.internal.Invoker.invokeMethod(Invoker.java:714)
	at org.testng.internal.Invoker.invokeTestMethod(Invoker.java:901)
	at org.testng.internal.Invoker.invokeTestMethods(Invoker.java:1231)
	at org.testng.internal.TestMethodWorker.invokeTestMethods(TestMethodWorker.java:127)
	at org.testng.internal.TestMethodWorker.run(TestMethodWorker.java:111)
	at org.testng.TestRunner.privateRun(TestRunner.java:767)
	at org.testng.TestRunner.run(TestRunner.java:617)
	at org.testng.SuiteRunner.runTest(SuiteRunner.java:334)
	at org.testng.SuiteRunner.runSequentially(SuiteRunner.java:329)
	at org.testng.SuiteRunner.privateRun(SuiteRunner.java:291)
	at org.testng.SuiteRunner.run(SuiteRunner.java:240)
	at org.testng.SuiteRunnerWorker.runSuite(SuiteRunnerWorker.java:52)
	at org.testng.SuiteRunnerWorker.run(SuiteRunnerWorker.java:86)
	at org.testng.TestNG.runSuitesSequentially(TestNG.java:1198)
	at org.testng.TestNG.runSuitesLocally(TestNG.java:1123)
	at org.testng.TestNG.run(TestNG.java:1031)
	at org.testng.remote.AbstractRemoteTestNG.run(AbstractRemoteTestNG.java:114)
	at org.testng.remote.RemoteTestNG.initAndRun(RemoteTestNG.java:251)
	at org.testng.remote.RemoteTestNG.main(RemoteTestNG.java:77)
]]>
    </failure>
  </testcase> <!-- PriceComparison_CheckOutScreen -->
  <testcase name="Login" time="12.448" classname="TestSuit.TestCasesTest">
    <failure type="org.openqa.selenium.NoSuchElementException" message="An element could not be located on the page using the given search parameters. (WARNING: The server did not provide any stacktrace information)
Command duration or timeout: 10.43 seconds
For documentation on this error, please visit: http://seleniumhq.org/exceptions/no_such_element.html
Build info: version: &#039;2.50.1&#039;, revision: &#039;d7fc91b29de65b790abb01f3ac5f7ea2191c88a7&#039;, time: &#039;2016-01-29 11:11:26&#039;
System info: host: &#039;wittyfeed-Vostro-3558&#039;, ip: &#039;127.0.1.1&#039;, os.name: &#039;Linux&#039;, os.arch: &#039;amd64&#039;, os.version: &#039;4.15.0-43-generic&#039;, java.version: &#039;1.8.0_201&#039;
Driver info: io.appium.java_client.android.AndroidDriver
Capabilities [{app=/home/wittyfeed/Downloads/eBay.apk, appPackage=com.ebay.mobile, deviceScreenSize=1080x2160, networkConnectionEnabled=true, warnings={}, appWaitPackage=com.ebay.mobile, appWaitActivity=com.ebay.mobile.activities.MainActivity, app-package=com.ebay.mobile, app-activity=com.ebay.mobile.activities.MainActivity, databaseEnabled=false, deviceName=3841e0a8, platform=LINUX, deviceUDID=3841e0a8, appActivity=com.ebay.mobile.activities.MainActivity, desired={app=/home/wittyfeed/Downloads/eBay.apk, platformVersion=8.1, app-package=com.ebay.mobile, app-activity=com.ebay.mobile.activities.MainActivity, platformName=Android, deviceName=3841e0a8}, platformVersion=8.1.0, webStorageEnabled=false, locationContextEnabled=false, takesScreenshot=true, javascriptEnabled=true, deviceModel=Redmi Note 5 Pro, platformName=Android, deviceManufacturer=Xiaomi}]
Session ID: 4c96a16b-44b2-45cb-90f1-c2485ce1cbe0
*** Element info: {Using=id, value=com.ebay.mobile:id/button_sign_in}">
      <![CDATA[org.openqa.selenium.NoSuchElementException: An element could not be located on the page using the given search parameters. (WARNING: The server did not provide any stacktrace information)
Command duration or timeout: 10.43 seconds
For documentation on this error, please visit: http://seleniumhq.org/exceptions/no_such_element.html
Build info: version: '2.50.1', revision: 'd7fc91b29de65b790abb01f3ac5f7ea2191c88a7', time: '2016-01-29 11:11:26'
System info: host: 'wittyfeed-Vostro-3558', ip: '127.0.1.1', os.name: 'Linux', os.arch: 'amd64', os.version: '4.15.0-43-generic', java.version: '1.8.0_201'
Driver info: io.appium.java_client.android.AndroidDriver
Capabilities [{app=/home/wittyfeed/Downloads/eBay.apk, appPackage=com.ebay.mobile, deviceScreenSize=1080x2160, networkConnectionEnabled=true, warnings={}, appWaitPackage=com.ebay.mobile, appWaitActivity=com.ebay.mobile.activities.MainActivity, app-package=com.ebay.mobile, app-activity=com.ebay.mobile.activities.MainActivity, databaseEnabled=false, deviceName=3841e0a8, platform=LINUX, deviceUDID=3841e0a8, appActivity=com.ebay.mobile.activities.MainActivity, desired={app=/home/wittyfeed/Downloads/eBay.apk, platformVersion=8.1, app-package=com.ebay.mobile, app-activity=com.ebay.mobile.activities.MainActivity, platformName=Android, deviceName=3841e0a8}, platformVersion=8.1.0, webStorageEnabled=false, locationContextEnabled=false, takesScreenshot=true, javascriptEnabled=true, deviceModel=Redmi Note 5 Pro, platformName=Android, deviceManufacturer=Xiaomi}]
Session ID: 4c96a16b-44b2-45cb-90f1-c2485ce1cbe0
*** Element info: {Using=id, value=com.ebay.mobile:id/button_sign_in}
	at sun.reflect.NativeConstructorAccessorImpl.newInstance0(Native Method)
	at sun.reflect.NativeConstructorAccessorImpl.newInstance(NativeConstructorAccessorImpl.java:62)
	at sun.reflect.DelegatingConstructorAccessorImpl.newInstance(DelegatingConstructorAccessorImpl.java:45)
	at java.lang.reflect.Constructor.newInstance(Constructor.java:423)
	at org.openqa.selenium.remote.ErrorHandler.createThrowable(ErrorHandler.java:206)
	at org.openqa.selenium.remote.ErrorHandler.throwIfResponseFailed(ErrorHandler.java:158)
	at org.openqa.selenium.remote.RemoteWebDriver.execute(RemoteWebDriver.java:678)
	at io.appium.java_client.DefaultGenericMobileDriver.execute(DefaultGenericMobileDriver.java:42)
	at io.appium.java_client.AppiumDriver.execute(AppiumDriver.java:1)
	at io.appium.java_client.android.AndroidDriver.execute(AndroidDriver.java:1)
	at org.openqa.selenium.remote.RemoteWebDriver.findElement(RemoteWebDriver.java:363)
	at org.openqa.selenium.remote.RemoteWebDriver.findElementById(RemoteWebDriver.java:413)
	at io.appium.java_client.DefaultGenericMobileDriver.findElementById(DefaultGenericMobileDriver.java:62)
	at io.appium.java_client.AppiumDriver.findElementById(AppiumDriver.java:1)
	at io.appium.java_client.android.AndroidDriver.findElementById(AndroidDriver.java:1)
	at org.openqa.selenium.By$ById.findElement(By.java:218)
	at org.openqa.selenium.remote.RemoteWebDriver.findElement(RemoteWebDriver.java:355)
	at io.appium.java_client.DefaultGenericMobileDriver.findElement(DefaultGenericMobileDriver.java:52)
	at io.appium.java_client.AppiumDriver.findElement(AppiumDriver.java:1)
	at io.appium.java_client.android.AndroidDriver.findElement(AndroidDriver.java:1)
	at Utils.WrapperForGenericMethods.Click(WrapperForGenericMethods.java:12)
	at Pages.SignInPage.LoginAction(SignInPage.java:24)
	at TestSuit.TestCasesTest.Login(TestCasesTest.java:57)
	at sun.reflect.NativeMethodAccessorImpl.invoke0(Native Method)
	at sun.reflect.NativeMethodAccessorImpl.invoke(NativeMethodAccessorImpl.java:62)
	at sun.reflect.DelegatingMethodAccessorImpl.invoke(DelegatingMethodAccessorImpl.java:43)
	at java.lang.reflect.Method.invoke(Method.java:498)
	at org.testng.internal.MethodInvocationHelper.invokeMethod(MethodInvocationHelper.java:80)
	at org.testng.internal.Invoker.invokeMethod(Invoker.java:714)
	at org.testng.internal.Invoker.invokeTestMethod(Invoker.java:901)
	at org.testng.internal.Invoker.invokeTestMethods(Invoker.java:1231)
	at org.testng.internal.TestMethodWorker.invokeTestMethods(TestMethodWorker.java:127)
	at org.testng.internal.TestMethodWorker.run(TestMethodWorker.java:111)
	at org.testng.TestRunner.privateRun(TestRunner.java:767)
	at org.testng.TestRunner.run(TestRunner.java:617)
	at org.testng.SuiteRunner.runTest(SuiteRunner.java:334)
	at org.testng.SuiteRunner.runSequentially(SuiteRunner.java:329)
	at org.testng.SuiteRunner.privateRun(SuiteRunner.java:291)
	at org.testng.SuiteRunner.run(SuiteRunner.java:240)
	at org.testng.SuiteRunnerWorker.runSuite(SuiteRunnerWorker.java:52)
	at org.testng.SuiteRunnerWorker.run(SuiteRunnerWorker.java:86)
	at org.testng.TestNG.runSuitesSequentially(TestNG.java:1198)
	at org.testng.TestNG.runSuitesLocally(TestNG.java:1123)
	at org.testng.TestNG.run(TestNG.java:1031)
	at org.testng.remote.AbstractRemoteTestNG.run(AbstractRemoteTestNG.java:114)
	at org.testng.remote.RemoteTestNG.initAndRun(RemoteTestNG.java:251)
	at org.testng.remote.RemoteTestNG.main(RemoteTestNG.java:77)
]]>
    </failure>
  </testcase> <!-- Login -->
  <testcase name="SearchTV" time="0.382" classname="TestSuit.TestCasesTest">
    <failure type="org.openqa.selenium.WebDriverException" message="An unknown server-side error occurred while processing the command. Original error: Unknown error (WARNING: The server did not provide any stacktrace information)
Command duration or timeout: 101 milliseconds
Build info: version: &#039;2.50.1&#039;, revision: &#039;d7fc91b29de65b790abb01f3ac5f7ea2191c88a7&#039;, time: &#039;2016-01-29 11:11:26&#039;
System info: host: &#039;wittyfeed-Vostro-3558&#039;, ip: &#039;127.0.1.1&#039;, os.name: &#039;Linux&#039;, os.arch: &#039;amd64&#039;, os.version: &#039;4.15.0-43-generic&#039;, java.version: &#039;1.8.0_201&#039;
Driver info: io.appium.java_client.android.AndroidDriver
Capabilities [{app=/home/wittyfeed/Downloads/eBay.apk, appPackage=com.ebay.mobile, deviceScreenSize=1080x2160, networkConnectionEnabled=true, warnings={}, appWaitPackage=com.ebay.mobile, appWaitActivity=com.ebay.mobile.activities.MainActivity, app-package=com.ebay.mobile, app-activity=com.ebay.mobile.activities.MainActivity, databaseEnabled=false, deviceName=3841e0a8, platform=LINUX, deviceUDID=3841e0a8, appActivity=com.ebay.mobile.activities.MainActivity, desired={app=/home/wittyfeed/Downloads/eBay.apk, platformVersion=8.1, app-package=com.ebay.mobile, app-activity=com.ebay.mobile.activities.MainActivity, platformName=Android, deviceName=3841e0a8}, platformVersion=8.1.0, webStorageEnabled=false, locationContextEnabled=false, takesScreenshot=true, javascriptEnabled=true, deviceModel=Redmi Note 5 Pro, platformName=Android, deviceManufacturer=Xiaomi}]
Session ID: 4c96a16b-44b2-45cb-90f1-c2485ce1cbe0">
      <![CDATA[org.openqa.selenium.WebDriverException: An unknown server-side error occurred while processing the command. Original error: Unknown error (WARNING: The server did not provide any stacktrace information)
Command duration or timeout: 101 milliseconds
Build info: version: '2.50.1', revision: 'd7fc91b29de65b790abb01f3ac5f7ea2191c88a7', time: '2016-01-29 11:11:26'
System info: host: 'wittyfeed-Vostro-3558', ip: '127.0.1.1', os.name: 'Linux', os.arch: 'amd64', os.version: '4.15.0-43-generic', java.version: '1.8.0_201'
Driver info: io.appium.java_client.android.AndroidDriver
Capabilities [{app=/home/wittyfeed/Downloads/eBay.apk, appPackage=com.ebay.mobile, deviceScreenSize=1080x2160, networkConnectionEnabled=true, warnings={}, appWaitPackage=com.ebay.mobile, appWaitActivity=com.ebay.mobile.activities.MainActivity, app-package=com.ebay.mobile, app-activity=com.ebay.mobile.activities.MainActivity, databaseEnabled=false, deviceName=3841e0a8, platform=LINUX, deviceUDID=3841e0a8, appActivity=com.ebay.mobile.activities.MainActivity, desired={app=/home/wittyfeed/Downloads/eBay.apk, platformVersion=8.1, app-package=com.ebay.mobile, app-activity=com.ebay.mobile.activities.MainActivity, platformName=Android, deviceName=3841e0a8}, platformVersion=8.1.0, webStorageEnabled=false, locationContextEnabled=false, takesScreenshot=true, javascriptEnabled=true, deviceModel=Redmi Note 5 Pro, platformName=Android, deviceManufacturer=Xiaomi}]
Session ID: 4c96a16b-44b2-45cb-90f1-c2485ce1cbe0
	at sun.reflect.NativeConstructorAccessorImpl.newInstance0(Native Method)
	at sun.reflect.NativeConstructorAccessorImpl.newInstance(NativeConstructorAccessorImpl.java:62)
	at sun.reflect.DelegatingConstructorAccessorImpl.newInstance(DelegatingConstructorAccessorImpl.java:45)
	at java.lang.reflect.Constructor.newInstance(Constructor.java:423)
	at org.openqa.selenium.remote.ErrorHandler.createThrowable(ErrorHandler.java:206)
	at org.openqa.selenium.remote.ErrorHandler.throwIfResponseFailed(ErrorHandler.java:158)
	at org.openqa.selenium.remote.RemoteWebDriver.execute(RemoteWebDriver.java:678)
	at io.appium.java_client.DefaultGenericMobileDriver.execute(DefaultGenericMobileDriver.java:42)
	at io.appium.java_client.AppiumDriver.execute(AppiumDriver.java:1)
	at io.appium.java_client.android.AndroidDriver.execute(AndroidDriver.java:1)
	at org.openqa.selenium.remote.RemoteWebElement.execute(RemoteWebElement.java:327)
	at io.appium.java_client.DefaultGenericMobileElement.execute(DefaultGenericMobileElement.java:44)
	at io.appium.java_client.MobileElement.execute(MobileElement.java:1)
	at io.appium.java_client.android.AndroidElement.execute(AndroidElement.java:1)
	at org.openqa.selenium.remote.RemoteWebElement.sendKeys(RemoteWebElement.java:122)
	at Utils.WrapperForGenericMethods.Sendkeys(WrapperForGenericMethods.java:18)
	at Pages.HomePage.HomeAction(HomePage.java:37)
	at TestSuit.TestCasesTest.SearchTV(TestCasesTest.java:66)
	at sun.reflect.NativeMethodAccessorImpl.invoke0(Native Method)
	at sun.reflect.NativeMethodAccessorImpl.invoke(NativeMethodAccessorImpl.java:62)
	at sun.reflect.DelegatingMethodAccessorImpl.invoke(DelegatingMethodAccessorImpl.java:43)
	at java.lang.reflect.Method.invoke(Method.java:498)
	at org.testng.internal.MethodInvocationHelper.invokeMethod(MethodInvocationHelper.java:80)
	at org.testng.internal.Invoker.invokeMethod(Invoker.java:714)
	at org.testng.internal.Invoker.invokeTestMethod(Invoker.java:901)
	at org.testng.internal.Invoker.invokeTestMethods(Invoker.java:1231)
	at org.testng.internal.TestMethodWorker.invokeTestMethods(TestMethodWorker.java:127)
	at org.testng.internal.TestMethodWorker.run(TestMethodWorker.java:111)
	at org.testng.TestRunner.privateRun(TestRunner.java:767)
	at org.testng.TestRunner.run(TestRunner.java:617)
	at org.testng.SuiteRunner.runTest(SuiteRunner.java:334)
	at org.testng.SuiteRunner.runSequentially(SuiteRunner.java:329)
	at org.testng.SuiteRunner.privateRun(SuiteRunner.java:291)
	at org.testng.SuiteRunner.run(SuiteRunner.java:240)
	at org.testng.SuiteRunnerWorker.runSuite(SuiteRunnerWorker.java:52)
	at org.testng.SuiteRunnerWorker.run(SuiteRunnerWorker.java:86)
	at org.testng.TestNG.runSuitesSequentially(TestNG.java:1198)
	at org.testng.TestNG.runSuitesLocally(TestNG.java:1123)
	at org.testng.TestNG.run(TestNG.java:1031)
	at org.testng.remote.AbstractRemoteTestNG.run(AbstractRemoteTestNG.java:114)
	at org.testng.remote.RemoteTestNG.initAndRun(RemoteTestNG.java:251)
	at org.testng.remote.RemoteTestNG.main(RemoteTestNG.java:77)
]]>
    </failure>
  </testcase> <!-- SearchTV -->
  <testcase name="PriceComparison_OnSearchScreen" time="10.509" classname="TestSuit.TestCasesTest">
    <failure type="org.openqa.selenium.NoSuchElementException" message="An element could not be located on the page using the given search parameters. (WARNING: The server did not provide any stacktrace information)
Command duration or timeout: 10.46 seconds
For documentation on this error, please visit: http://seleniumhq.org/exceptions/no_such_element.html
Build info: version: &#039;2.50.1&#039;, revision: &#039;d7fc91b29de65b790abb01f3ac5f7ea2191c88a7&#039;, time: &#039;2016-01-29 11:11:26&#039;
System info: host: &#039;wittyfeed-Vostro-3558&#039;, ip: &#039;127.0.1.1&#039;, os.name: &#039;Linux&#039;, os.arch: &#039;amd64&#039;, os.version: &#039;4.15.0-43-generic&#039;, java.version: &#039;1.8.0_201&#039;
Driver info: io.appium.java_client.android.AndroidDriver
Capabilities [{app=/home/wittyfeed/Downloads/eBay.apk, appPackage=com.ebay.mobile, deviceScreenSize=1080x2160, networkConnectionEnabled=true, warnings={}, appWaitPackage=com.ebay.mobile, appWaitActivity=com.ebay.mobile.activities.MainActivity, app-package=com.ebay.mobile, app-activity=com.ebay.mobile.activities.MainActivity, databaseEnabled=false, deviceName=3841e0a8, platform=LINUX, deviceUDID=3841e0a8, appActivity=com.ebay.mobile.activities.MainActivity, desired={app=/home/wittyfeed/Downloads/eBay.apk, platformVersion=8.1, app-package=com.ebay.mobile, app-activity=com.ebay.mobile.activities.MainActivity, platformName=Android, deviceName=3841e0a8}, platformVersion=8.1.0, webStorageEnabled=false, locationContextEnabled=false, takesScreenshot=true, javascriptEnabled=true, deviceModel=Redmi Note 5 Pro, platformName=Android, deviceManufacturer=Xiaomi}]
Session ID: 4c96a16b-44b2-45cb-90f1-c2485ce1cbe0
*** Element info: {Using=id, value=com.ebay.mobile:id/textview_item_price}">
      <![CDATA[org.openqa.selenium.NoSuchElementException: An element could not be located on the page using the given search parameters. (WARNING: The server did not provide any stacktrace information)
Command duration or timeout: 10.46 seconds
For documentation on this error, please visit: http://seleniumhq.org/exceptions/no_such_element.html
Build info: version: '2.50.1', revision: 'd7fc91b29de65b790abb01f3ac5f7ea2191c88a7', time: '2016-01-29 11:11:26'
System info: host: 'wittyfeed-Vostro-3558', ip: '127.0.1.1', os.name: 'Linux', os.arch: 'amd64', os.version: '4.15.0-43-generic', java.version: '1.8.0_201'
Driver info: io.appium.java_client.android.AndroidDriver
Capabilities [{app=/home/wittyfeed/Downloads/eBay.apk, appPackage=com.ebay.mobile, deviceScreenSize=1080x2160, networkConnectionEnabled=true, warnings={}, appWaitPackage=com.ebay.mobile, appWaitActivity=com.ebay.mobile.activities.MainActivity, app-package=com.ebay.mobile, app-activity=com.ebay.mobile.activities.MainActivity, databaseEnabled=false, deviceName=3841e0a8, platform=LINUX, deviceUDID=3841e0a8, appActivity=com.ebay.mobile.activities.MainActivity, desired={app=/home/wittyfeed/Downloads/eBay.apk, platformVersion=8.1, app-package=com.ebay.mobile, app-activity=com.ebay.mobile.activities.MainActivity, platformName=Android, deviceName=3841e0a8}, platformVersion=8.1.0, webStorageEnabled=false, locationContextEnabled=false, takesScreenshot=true, javascriptEnabled=true, deviceModel=Redmi Note 5 Pro, platformName=Android, deviceManufacturer=Xiaomi}]
Session ID: 4c96a16b-44b2-45cb-90f1-c2485ce1cbe0
*** Element info: {Using=id, value=com.ebay.mobile:id/textview_item_price}
	at sun.reflect.NativeConstructorAccessorImpl.newInstance0(Native Method)
	at sun.reflect.NativeConstructorAccessorImpl.newInstance(NativeConstructorAccessorImpl.java:62)
	at sun.reflect.DelegatingConstructorAccessorImpl.newInstance(DelegatingConstructorAccessorImpl.java:45)
	at java.lang.reflect.Constructor.newInstance(Constructor.java:423)
	at org.openqa.selenium.remote.ErrorHandler.createThrowable(ErrorHandler.java:206)
	at org.openqa.selenium.remote.ErrorHandler.throwIfResponseFailed(ErrorHandler.java:158)
	at org.openqa.selenium.remote.RemoteWebDriver.execute(RemoteWebDriver.java:678)
	at io.appium.java_client.DefaultGenericMobileDriver.execute(DefaultGenericMobileDriver.java:42)
	at io.appium.java_client.AppiumDriver.execute(AppiumDriver.java:1)
	at io.appium.java_client.android.AndroidDriver.execute(AndroidDriver.java:1)
	at org.openqa.selenium.remote.RemoteWebDriver.findElement(RemoteWebDriver.java:363)
	at org.openqa.selenium.remote.RemoteWebDriver.findElementById(RemoteWebDriver.java:413)
	at io.appium.java_client.DefaultGenericMobileDriver.findElementById(DefaultGenericMobileDriver.java:62)
	at io.appium.java_client.AppiumDriver.findElementById(AppiumDriver.java:1)
	at io.appium.java_client.android.AndroidDriver.findElementById(AndroidDriver.java:1)
	at org.openqa.selenium.By$ById.findElement(By.java:218)
	at org.openqa.selenium.remote.RemoteWebDriver.findElement(RemoteWebDriver.java:355)
	at io.appium.java_client.DefaultGenericMobileDriver.findElement(DefaultGenericMobileDriver.java:52)
	at io.appium.java_client.AppiumDriver.findElement(AppiumDriver.java:1)
	at io.appium.java_client.android.AndroidDriver.findElement(AndroidDriver.java:1)
	at Utils.WrapperForGenericMethods.GetText(WrapperForGenericMethods.java:32)
	at Pages.SearchPage.GetPriceDetails(SearchPage.java:27)
	at TestSuit.TestCasesTest.PriceComparison_OnSearchScreen(TestCasesTest.java:91)
	at sun.reflect.NativeMethodAccessorImpl.invoke0(Native Method)
	at sun.reflect.NativeMethodAccessorImpl.invoke(NativeMethodAccessorImpl.java:62)
	at sun.reflect.DelegatingMethodAccessorImpl.invoke(DelegatingMethodAccessorImpl.java:43)
	at java.lang.reflect.Method.invoke(Method.java:498)
	at org.testng.internal.MethodInvocationHelper.invokeMethod(MethodInvocationHelper.java:80)
	at org.testng.internal.Invoker.invokeMethod(Invoker.java:714)
	at org.testng.internal.Invoker.invokeTestMethod(Invoker.java:901)
	at org.testng.internal.Invoker.invokeTestMethods(Invoker.java:1231)
	at org.testng.internal.TestMethodWorker.invokeTestMethods(TestMethodWorker.java:127)
	at org.testng.internal.TestMethodWorker.run(TestMethodWorker.java:111)
	at org.testng.TestRunner.privateRun(TestRunner.java:767)
	at org.testng.TestRunner.run(TestRunner.java:617)
	at org.testng.SuiteRunner.runTest(SuiteRunner.java:334)
	at org.testng.SuiteRunner.runSequentially(SuiteRunner.java:329)
	at org.testng.SuiteRunner.privateRun(SuiteRunner.java:291)
	at org.testng.SuiteRunner.run(SuiteRunner.java:240)
	at org.testng.SuiteRunnerWorker.runSuite(SuiteRunnerWorker.java:52)
	at org.testng.SuiteRunnerWorker.run(SuiteRunnerWorker.java:86)
	at org.testng.TestNG.runSuitesSequentially(TestNG.java:1198)
	at org.testng.TestNG.runSuitesLocally(TestNG.java:1123)
	at org.testng.TestNG.run(TestNG.java:1031)
	at org.testng.remote.AbstractRemoteTestNG.run(AbstractRemoteTestNG.java:114)
	at org.testng.remote.RemoteTestNG.initAndRun(RemoteTestNG.java:251)
	at org.testng.remote.RemoteTestNG.main(RemoteTestNG.java:77)
]]>
    </failure>
  </testcase> <!-- PriceComparison_OnSearchScreen -->
  <testcase name="NameAndDiscriptionComparison_OnSearchScreen" time="10.236" classname="TestSuit.TestCasesTest">
    <failure type="org.openqa.selenium.NoSuchElementException" message="An element could not be located on the page using the given search parameters. (WARNING: The server did not provide any stacktrace information)
Command duration or timeout: 10.17 seconds
For documentation on this error, please visit: http://seleniumhq.org/exceptions/no_such_element.html
Build info: version: &#039;2.50.1&#039;, revision: &#039;d7fc91b29de65b790abb01f3ac5f7ea2191c88a7&#039;, time: &#039;2016-01-29 11:11:26&#039;
System info: host: &#039;wittyfeed-Vostro-3558&#039;, ip: &#039;127.0.1.1&#039;, os.name: &#039;Linux&#039;, os.arch: &#039;amd64&#039;, os.version: &#039;4.15.0-43-generic&#039;, java.version: &#039;1.8.0_201&#039;
Driver info: io.appium.java_client.android.AndroidDriver
Capabilities [{app=/home/wittyfeed/Downloads/eBay.apk, appPackage=com.ebay.mobile, deviceScreenSize=1080x2160, networkConnectionEnabled=true, warnings={}, appWaitPackage=com.ebay.mobile, appWaitActivity=com.ebay.mobile.activities.MainActivity, app-package=com.ebay.mobile, app-activity=com.ebay.mobile.activities.MainActivity, databaseEnabled=false, deviceName=3841e0a8, platform=LINUX, deviceUDID=3841e0a8, appActivity=com.ebay.mobile.activities.MainActivity, desired={app=/home/wittyfeed/Downloads/eBay.apk, platformVersion=8.1, app-package=com.ebay.mobile, app-activity=com.ebay.mobile.activities.MainActivity, platformName=Android, deviceName=3841e0a8}, platformVersion=8.1.0, webStorageEnabled=false, locationContextEnabled=false, takesScreenshot=true, javascriptEnabled=true, deviceModel=Redmi Note 5 Pro, platformName=Android, deviceManufacturer=Xiaomi}]
Session ID: 4c96a16b-44b2-45cb-90f1-c2485ce1cbe0
*** Element info: {Using=id, value=com.ebay.mobile:id/textview_item_name}">
      <![CDATA[org.openqa.selenium.NoSuchElementException: An element could not be located on the page using the given search parameters. (WARNING: The server did not provide any stacktrace information)
Command duration or timeout: 10.17 seconds
For documentation on this error, please visit: http://seleniumhq.org/exceptions/no_such_element.html
Build info: version: '2.50.1', revision: 'd7fc91b29de65b790abb01f3ac5f7ea2191c88a7', time: '2016-01-29 11:11:26'
System info: host: 'wittyfeed-Vostro-3558', ip: '127.0.1.1', os.name: 'Linux', os.arch: 'amd64', os.version: '4.15.0-43-generic', java.version: '1.8.0_201'
Driver info: io.appium.java_client.android.AndroidDriver
Capabilities [{app=/home/wittyfeed/Downloads/eBay.apk, appPackage=com.ebay.mobile, deviceScreenSize=1080x2160, networkConnectionEnabled=true, warnings={}, appWaitPackage=com.ebay.mobile, appWaitActivity=com.ebay.mobile.activities.MainActivity, app-package=com.ebay.mobile, app-activity=com.ebay.mobile.activities.MainActivity, databaseEnabled=false, deviceName=3841e0a8, platform=LINUX, deviceUDID=3841e0a8, appActivity=com.ebay.mobile.activities.MainActivity, desired={app=/home/wittyfeed/Downloads/eBay.apk, platformVersion=8.1, app-package=com.ebay.mobile, app-activity=com.ebay.mobile.activities.MainActivity, platformName=Android, deviceName=3841e0a8}, platformVersion=8.1.0, webStorageEnabled=false, locationContextEnabled=false, takesScreenshot=true, javascriptEnabled=true, deviceModel=Redmi Note 5 Pro, platformName=Android, deviceManufacturer=Xiaomi}]
Session ID: 4c96a16b-44b2-45cb-90f1-c2485ce1cbe0
*** Element info: {Using=id, value=com.ebay.mobile:id/textview_item_name}
	at sun.reflect.NativeConstructorAccessorImpl.newInstance0(Native Method)
	at sun.reflect.NativeConstructorAccessorImpl.newInstance(NativeConstructorAccessorImpl.java:62)
	at sun.reflect.DelegatingConstructorAccessorImpl.newInstance(DelegatingConstructorAccessorImpl.java:45)
	at java.lang.reflect.Constructor.newInstance(Constructor.java:423)
	at org.openqa.selenium.remote.ErrorHandler.createThrowable(ErrorHandler.java:206)
	at org.openqa.selenium.remote.ErrorHandler.throwIfResponseFailed(ErrorHandler.java:158)
	at org.openqa.selenium.remote.RemoteWebDriver.execute(RemoteWebDriver.java:678)
	at io.appium.java_client.DefaultGenericMobileDriver.execute(DefaultGenericMobileDriver.java:42)
	at io.appium.java_client.AppiumDriver.execute(AppiumDriver.java:1)
	at io.appium.java_client.android.AndroidDriver.execute(AndroidDriver.java:1)
	at org.openqa.selenium.remote.RemoteWebDriver.findElement(RemoteWebDriver.java:363)
	at org.openqa.selenium.remote.RemoteWebDriver.findElementById(RemoteWebDriver.java:413)
	at io.appium.java_client.DefaultGenericMobileDriver.findElementById(DefaultGenericMobileDriver.java:62)
	at io.appium.java_client.AppiumDriver.findElementById(AppiumDriver.java:1)
	at io.appium.java_client.android.AndroidDriver.findElementById(AndroidDriver.java:1)
	at org.openqa.selenium.By$ById.findElement(By.java:218)
	at org.openqa.selenium.remote.RemoteWebDriver.findElement(RemoteWebDriver.java:355)
	at io.appium.java_client.DefaultGenericMobileDriver.findElement(DefaultGenericMobileDriver.java:52)
	at io.appium.java_client.AppiumDriver.findElement(AppiumDriver.java:1)
	at io.appium.java_client.android.AndroidDriver.findElement(AndroidDriver.java:1)
	at Utils.WrapperForGenericMethods.GetText(WrapperForGenericMethods.java:32)
	at Pages.SearchPage.GetTVDescription(SearchPage.java:17)
	at TestSuit.TestCasesTest.NameAndDiscriptionComparison_OnSearchScreen(TestCasesTest.java:78)
	at sun.reflect.NativeMethodAccessorImpl.invoke0(Native Method)
	at sun.reflect.NativeMethodAccessorImpl.invoke(NativeMethodAccessorImpl.java:62)
	at sun.reflect.DelegatingMethodAccessorImpl.invoke(DelegatingMethodAccessorImpl.java:43)
	at java.lang.reflect.Method.invoke(Method.java:498)
	at org.testng.internal.MethodInvocationHelper.invokeMethod(MethodInvocationHelper.java:80)
	at org.testng.internal.Invoker.invokeMethod(Invoker.java:714)
	at org.testng.internal.Invoker.invokeTestMethod(Invoker.java:901)
	at org.testng.internal.Invoker.invokeTestMethods(Invoker.java:1231)
	at org.testng.internal.TestMethodWorker.invokeTestMethods(TestMethodWorker.java:127)
	at org.testng.internal.TestMethodWorker.run(TestMethodWorker.java:111)
	at org.testng.TestRunner.privateRun(TestRunner.java:767)
	at org.testng.TestRunner.run(TestRunner.java:617)
	at org.testng.SuiteRunner.runTest(SuiteRunner.java:334)
	at org.testng.SuiteRunner.runSequentially(SuiteRunner.java:329)
	at org.testng.SuiteRunner.privateRun(SuiteRunner.java:291)
	at org.testng.SuiteRunner.run(SuiteRunner.java:240)
	at org.testng.SuiteRunnerWorker.runSuite(SuiteRunnerWorker.java:52)
	at org.testng.SuiteRunnerWorker.run(SuiteRunnerWorker.java:86)
	at org.testng.TestNG.runSuitesSequentially(TestNG.java:1198)
	at org.testng.TestNG.runSuitesLocally(TestNG.java:1123)
	at org.testng.TestNG.run(TestNG.java:1031)
	at org.testng.remote.AbstractRemoteTestNG.run(AbstractRemoteTestNG.java:114)
	at org.testng.remote.RemoteTestNG.initAndRun(RemoteTestNG.java:251)
	at org.testng.remote.RemoteTestNG.main(RemoteTestNG.java:77)
]]>
    </failure>
  </testcase> <!-- NameAndDiscriptionComparison_OnSearchScreen -->
  <testcase name="MoveToCheckout" time="10.380" classname="TestSuit.TestCasesTest">
    <failure type="org.openqa.selenium.NoSuchElementException" message="An element could not be located on the page using the given search parameters. (WARNING: The server did not provide any stacktrace information)
Command duration or timeout: 10.36 seconds
For documentation on this error, please visit: http://seleniumhq.org/exceptions/no_such_element.html
Build info: version: &#039;2.50.1&#039;, revision: &#039;d7fc91b29de65b790abb01f3ac5f7ea2191c88a7&#039;, time: &#039;2016-01-29 11:11:26&#039;
System info: host: &#039;wittyfeed-Vostro-3558&#039;, ip: &#039;127.0.1.1&#039;, os.name: &#039;Linux&#039;, os.arch: &#039;amd64&#039;, os.version: &#039;4.15.0-43-generic&#039;, java.version: &#039;1.8.0_201&#039;
Driver info: io.appium.java_client.android.AndroidDriver
Capabilities [{app=/home/wittyfeed/Downloads/eBay.apk, appPackage=com.ebay.mobile, deviceScreenSize=1080x2160, networkConnectionEnabled=true, warnings={}, appWaitPackage=com.ebay.mobile, appWaitActivity=com.ebay.mobile.activities.MainActivity, app-package=com.ebay.mobile, app-activity=com.ebay.mobile.activities.MainActivity, databaseEnabled=false, deviceName=3841e0a8, platform=LINUX, deviceUDID=3841e0a8, appActivity=com.ebay.mobile.activities.MainActivity, desired={app=/home/wittyfeed/Downloads/eBay.apk, platformVersion=8.1, app-package=com.ebay.mobile, app-activity=com.ebay.mobile.activities.MainActivity, platformName=Android, deviceName=3841e0a8}, platformVersion=8.1.0, webStorageEnabled=false, locationContextEnabled=false, takesScreenshot=true, javascriptEnabled=true, deviceModel=Redmi Note 5 Pro, platformName=Android, deviceManufacturer=Xiaomi}]
Session ID: 4c96a16b-44b2-45cb-90f1-c2485ce1cbe0
*** Element info: {Using=id, value=com.ebay.mobile:id/button_bin}">
      <![CDATA[org.openqa.selenium.NoSuchElementException: An element could not be located on the page using the given search parameters. (WARNING: The server did not provide any stacktrace information)
Command duration or timeout: 10.36 seconds
For documentation on this error, please visit: http://seleniumhq.org/exceptions/no_such_element.html
Build info: version: '2.50.1', revision: 'd7fc91b29de65b790abb01f3ac5f7ea2191c88a7', time: '2016-01-29 11:11:26'
System info: host: 'wittyfeed-Vostro-3558', ip: '127.0.1.1', os.name: 'Linux', os.arch: 'amd64', os.version: '4.15.0-43-generic', java.version: '1.8.0_201'
Driver info: io.appium.java_client.android.AndroidDriver
Capabilities [{app=/home/wittyfeed/Downloads/eBay.apk, appPackage=com.ebay.mobile, deviceScreenSize=1080x2160, networkConnectionEnabled=true, warnings={}, appWaitPackage=com.ebay.mobile, appWaitActivity=com.ebay.mobile.activities.MainActivity, app-package=com.ebay.mobile, app-activity=com.ebay.mobile.activities.MainActivity, databaseEnabled=false, deviceName=3841e0a8, platform=LINUX, deviceUDID=3841e0a8, appActivity=com.ebay.mobile.activities.MainActivity, desired={app=/home/wittyfeed/Downloads/eBay.apk, platformVersion=8.1, app-package=com.ebay.mobile, app-activity=com.ebay.mobile.activities.MainActivity, platformName=Android, deviceName=3841e0a8}, platformVersion=8.1.0, webStorageEnabled=false, locationContextEnabled=false, takesScreenshot=true, javascriptEnabled=true, deviceModel=Redmi Note 5 Pro, platformName=Android, deviceManufacturer=Xiaomi}]
Session ID: 4c96a16b-44b2-45cb-90f1-c2485ce1cbe0
*** Element info: {Using=id, value=com.ebay.mobile:id/button_bin}
	at sun.reflect.NativeConstructorAccessorImpl.newInstance0(Native Method)
	at sun.reflect.NativeConstructorAccessorImpl.newInstance(NativeConstructorAccessorImpl.java:62)
	at sun.reflect.DelegatingConstructorAccessorImpl.newInstance(DelegatingConstructorAccessorImpl.java:45)
	at java.lang.reflect.Constructor.newInstance(Constructor.java:423)
	at org.openqa.selenium.remote.ErrorHandler.createThrowable(ErrorHandler.java:206)
	at org.openqa.selenium.remote.ErrorHandler.throwIfResponseFailed(ErrorHandler.java:158)
	at org.openqa.selenium.remote.RemoteWebDriver.execute(RemoteWebDriver.java:678)
	at io.appium.java_client.DefaultGenericMobileDriver.execute(DefaultGenericMobileDriver.java:42)
	at io.appium.java_client.AppiumDriver.execute(AppiumDriver.java:1)
	at io.appium.java_client.android.AndroidDriver.execute(AndroidDriver.java:1)
	at org.openqa.selenium.remote.RemoteWebDriver.findElement(RemoteWebDriver.java:363)
	at org.openqa.selenium.remote.RemoteWebDriver.findElementById(RemoteWebDriver.java:413)
	at io.appium.java_client.DefaultGenericMobileDriver.findElementById(DefaultGenericMobileDriver.java:62)
	at io.appium.java_client.AppiumDriver.findElementById(AppiumDriver.java:1)
	at io.appium.java_client.android.AndroidDriver.findElementById(AndroidDriver.java:1)
	at org.openqa.selenium.By$ById.findElement(By.java:218)
	at org.openqa.selenium.remote.RemoteWebDriver.findElement(RemoteWebDriver.java:355)
	at io.appium.java_client.DefaultGenericMobileDriver.findElement(DefaultGenericMobileDriver.java:52)
	at io.appium.java_client.AppiumDriver.findElement(AppiumDriver.java:1)
	at io.appium.java_client.android.AndroidDriver.findElement(AndroidDriver.java:1)
	at Utils.WrapperForGenericMethods.Click(WrapperForGenericMethods.java:12)
	at Pages.CheckoutPage.ToCheckout(CheckoutPage.java:19)
	at TestSuit.TestCasesTest.MoveToCheckout(TestCasesTest.java:102)
	at sun.reflect.NativeMethodAccessorImpl.invoke0(Native Method)
	at sun.reflect.NativeMethodAccessorImpl.invoke(NativeMethodAccessorImpl.java:62)
	at sun.reflect.DelegatingMethodAccessorImpl.invoke(DelegatingMethodAccessorImpl.java:43)
	at java.lang.reflect.Method.invoke(Method.java:498)
	at org.testng.internal.MethodInvocationHelper.invokeMethod(MethodInvocationHelper.java:80)
	at org.testng.internal.Invoker.invokeMethod(Invoker.java:714)
	at org.testng.internal.Invoker.invokeTestMethod(Invoker.java:901)
	at org.testng.internal.Invoker.invokeTestMethods(Invoker.java:1231)
	at org.testng.internal.TestMethodWorker.invokeTestMethods(TestMethodWorker.java:127)
	at org.testng.internal.TestMethodWorker.run(TestMethodWorker.java:111)
	at org.testng.TestRunner.privateRun(TestRunner.java:767)
	at org.testng.TestRunner.run(TestRunner.java:617)
	at org.testng.SuiteRunner.runTest(SuiteRunner.java:334)
	at org.testng.SuiteRunner.runSequentially(SuiteRunner.java:329)
	at org.testng.SuiteRunner.privateRun(SuiteRunner.java:291)
	at org.testng.SuiteRunner.run(SuiteRunner.java:240)
	at org.testng.SuiteRunnerWorker.runSuite(SuiteRunnerWorker.java:52)
	at org.testng.SuiteRunnerWorker.run(SuiteRunnerWorker.java:86)
	at org.testng.TestNG.runSuitesSequentially(TestNG.java:1198)
	at org.testng.TestNG.runSuitesLocally(TestNG.java:1123)
	at org.testng.TestNG.run(TestNG.java:1031)
	at org.testng.remote.AbstractRemoteTestNG.run(AbstractRemoteTestNG.java:114)
	at org.testng.remote.RemoteTestNG.initAndRun(RemoteTestNG.java:251)
	at org.testng.remote.RemoteTestNG.main(RemoteTestNG.java:77)
]]>
    </failure>
  </testcase> <!-- MoveToCheckout -->
</testsuite> <!-- TestSuit.TestCasesTest -->
