<?xml version="1.0" encoding="UTF-8"?>
<!-- Generated by org.testng.reporters.JUnitReportReporter -->
<testsuite skipped="0" hostname="wittyfeed-Vostro-3558" name="InnervoiceTestCases.InnnerVoiceHomePageTestcasesTest" tests="31" failures="1" timestamp="25 Dec 2018 11:04:06 GMT" time="39.707" errors="0">
  <testcase name="CheckSearchOption" time="23.120" classname="InnervoiceTestCases.InnnerVoiceHomePageTestcasesTest"/>
  <testcase name="CheckSiteLogo" time="0.013" classname="InnervoiceTestCases.InnnerVoiceHomePageTestcasesTest"/>
  <testcase name="CheckExploreCategories" time="0.015" classname="InnervoiceTestCases.InnnerVoiceHomePageTestcasesTest"/>
  <testcase name="CheckTalesCategories" time="5.025" classname="InnervoiceTestCases.InnnerVoiceHomePageTestcasesTest"/>
  <testcase name="CheckVideosCategories" time="0.012" classname="InnervoiceTestCases.InnnerVoiceHomePageTestcasesTest"/>
  <testcase name="CheckExpressCategories" time="0.018" classname="InnervoiceTestCases.InnnerVoiceHomePageTestcasesTest"/>
  <testcase name="CheckIVPicks" time="0.013" classname="InnervoiceTestCases.InnnerVoiceHomePageTestcasesTest"/>
  <testcase name="CheckInstaLink" time="0.013" classname="InnervoiceTestCases.InnnerVoiceHomePageTestcasesTest"/>
  <testcase name="CheckTwitterLink" time="0.012" classname="InnervoiceTestCases.InnnerVoiceHomePageTestcasesTest"/>
  <testcase name="CheckFacebookLink" time="0.016" classname="InnervoiceTestCases.InnnerVoiceHomePageTestcasesTest"/>
  <testcase name="CheckYouTubeLink" time="0.020" classname="InnervoiceTestCases.InnnerVoiceHomePageTestcasesTest"/>
  <testcase name="CheckFeaturedPostImage" time="0.015" classname="InnervoiceTestCases.InnnerVoiceHomePageTestcasesTest"/>
  <testcase name="CheckFeaturedPostTitle" time="0.012" classname="InnervoiceTestCases.InnnerVoiceHomePageTestcasesTest"/>
  <testcase name="CheckFeaturedPostAuthor" time="0.011" classname="InnervoiceTestCases.InnnerVoiceHomePageTestcasesTest"/>
  <testcase name="CheckSecondPostImage" time="0.010" classname="InnervoiceTestCases.InnnerVoiceHomePageTestcasesTest"/>
  <testcase name="CheckSecondPostTitle" time="0.012" classname="InnervoiceTestCases.InnnerVoiceHomePageTestcasesTest"/>
  <testcase name="CheckSecondPostAuthor" time="0.014" classname="InnervoiceTestCases.InnnerVoiceHomePageTestcasesTest"/>
  <testcase name="CheckThirdPostImage" time="0.013" classname="InnervoiceTestCases.InnnerVoiceHomePageTestcasesTest"/>
  <testcase name="CheckThirdPostTitle" time="0.012" classname="InnervoiceTestCases.InnnerVoiceHomePageTestcasesTest"/>
  <testcase name="CheckThirdPostAuthor" time="0.012" classname="InnervoiceTestCases.InnnerVoiceHomePageTestcasesTest"/>
  <testcase name="CheckLatestStoryImage" time="1.029" classname="InnervoiceTestCases.InnnerVoiceHomePageTestcasesTest"/>
  <testcase name="CheckLatestStoryTitle" time="1.028" classname="InnervoiceTestCases.InnnerVoiceHomePageTestcasesTest"/>
  <testcase name="CheckLatestStoryAuthor" time="1.029" classname="InnervoiceTestCases.InnnerVoiceHomePageTestcasesTest"/>
  <testcase name="CheckIVVideo1" time="1.024" classname="InnervoiceTestCases.InnnerVoiceHomePageTestcasesTest"/>
  <testcase name="CheckIVVideo2" time="1.031" classname="InnervoiceTestCases.InnnerVoiceHomePageTestcasesTest"/>
  <testcase name="CheckQuizeFeedImage" time="1.032" classname="InnervoiceTestCases.InnnerVoiceHomePageTestcasesTest"/>
  <testcase name="CheckQuizefeedTitle" time="1.028" classname="InnervoiceTestCases.InnnerVoiceHomePageTestcasesTest"/>
  <testcase name="CheckQuizeFeedAuthor" time="1.036" classname="InnervoiceTestCases.InnnerVoiceHomePageTestcasesTest"/>
  <testcase name="CheckEatSleepReadReaptImage" time="1.031" classname="InnervoiceTestCases.InnnerVoiceHomePageTestcasesTest"/>
  <testcase name="CheckEatSleepReadReaptTitle" time="1.024" classname="InnervoiceTestCases.InnnerVoiceHomePageTestcasesTest"/>
  <testcase name="CheckEatSleepReadReaptAuthor" time="1.027" classname="InnervoiceTestCases.InnnerVoiceHomePageTestcasesTest">
    <failure type="java.lang.AssertionError" message="expected [1] but found [2]">
      <![CDATA[java.lang.AssertionError: expected [1] but found [2]
at org.testng.Assert.fail(Assert.java:96)
at org.testng.Assert.failNotEquals(Assert.java:776)
at org.testng.Assert.assertEqualsImpl(Assert.java:137)
at org.testng.Assert.assertEquals(Assert.java:118)
at org.testng.Assert.assertEquals(Assert.java:652)
at org.testng.Assert.assertEquals(Assert.java:662)
at PagesOnInnervoice.InnervoiceHomePage.EatSleepReadReaptAuthor(InnervoiceHomePage.java:281)
at InnervoiceTestCases.InnnerVoiceHomePageTestcasesTest.CheckEatSleepReadReaptAuthor(InnnerVoiceHomePageTestcasesTest.java:228)
at sun.reflect.NativeMethodAccessorImpl.invoke0(Native Method)
at sun.reflect.NativeMethodAccessorImpl.invoke(NativeMethodAccessorImpl.java:62)
at sun.reflect.DelegatingMethodAccessorImpl.invoke(DelegatingMethodAccessorImpl.java:43)
at java.lang.reflect.Method.invoke(Method.java:498)
at org.testng.internal.MethodInvocationHelper.invokeMethod(MethodInvocationHelper.java:124)
at org.testng.internal.Invoker.invokeMethod(Invoker.java:580)
at org.testng.internal.Invoker.invokeTestMethod(Invoker.java:716)
at org.testng.internal.Invoker.invokeTestMethods(Invoker.java:988)
at org.testng.internal.TestMethodWorker.invokeTestMethods(TestMethodWorker.java:125)
at org.testng.internal.TestMethodWorker.run(TestMethodWorker.java:109)
at org.testng.TestRunner.privateRun(TestRunner.java:648)
at org.testng.TestRunner.run(TestRunner.java:505)
at org.testng.SuiteRunner.runTest(SuiteRunner.java:455)
at org.testng.SuiteRunner.runSequentially(SuiteRunner.java:450)
at org.testng.SuiteRunner.privateRun(SuiteRunner.java:415)
at org.testng.SuiteRunner.run(SuiteRunner.java:364)
at org.testng.SuiteRunnerWorker.runSuite(SuiteRunnerWorker.java:52)
at org.testng.SuiteRunnerWorker.run(SuiteRunnerWorker.java:84)
at org.testng.TestNG.runSuitesSequentially(TestNG.java:1208)
at org.testng.TestNG.runSuitesLocally(TestNG.java:1137)
at org.testng.TestNG.runSuites(TestNG.java:1049)
at org.testng.TestNG.run(TestNG.java:1017)
at org.testng.remote.AbstractRemoteTestNG.run(AbstractRemoteTestNG.java:114)
at org.testng.remote.RemoteTestNG.initAndRun(RemoteTestNG.java:251)
at org.testng.remote.RemoteTestNG.main(RemoteTestNG.java:77)
]]>
    </failure>
  </testcase> <!-- CheckEatSleepReadReaptAuthor -->
</testsuite> <!-- InnervoiceTestCases.InnnerVoiceHomePageTestcasesTest -->
