<?xml version="1.0" encoding="UTF-8"?>
<!-- Generated by org.testng.reporters.JUnitReportReporter -->
<testsuite skipped="32" hostname="wittyfeed-Vostro-3558" name="InnervoiceTestCases.CaptureAndParsingHarFileForPixPngTest" tests="33" failures="0" timestamp="26 Dec 2018 07:38:00 GMT" time="18.093" errors="1">
  <testcase name="CreatHarFile" time="18.093" classname="InnervoiceTestCases.CaptureAndParsingHarFileForPixPngTest">
    <error type="org.openqa.selenium.WebDriverException" message="
Build info: version: &#039;3.5.3&#039;, revision: &#039;a88d25fe6b&#039;, time: &#039;2017-08-29T12:42:44.417Z&#039;
System info: host: &#039;wittyfeed-Vostro-3558&#039;, ip: &#039;127.0.1.1&#039;, os.name: &#039;Linux&#039;, os.arch: &#039;amd64&#039;, os.version: &#039;4.4.0-131-generic&#039;, java.version: &#039;1.8.0_191&#039;
Driver info: org.openqa.selenium.firefox.FirefoxDriver
Capabilities [{moz:profile=/tmp/rust_mozprofile.lPnR1kTLBmVY, rotatable=false, moz:geckodriverVersion=0.23.0, timeouts={implicit=0, pageLoad=300000, script=30000}, pageLoadStrategy=normal, unhandledPromptBehavior=dismiss and notify, moz:headless=false, platform=LINUX, proxy=Proxy(manual, http=127.0.1.1:43993, ssl=127.0.1.1:43993), moz:accessibilityChecks=false, moz:useNonSpecCompliantPointerOrigin=false, acceptInsecureCerts=false, browserVersion=63.0.3, platformVersion=4.4.0-131-generic, moz:processID=18335, browserName=firefox, javascriptEnabled=true, platformName=LINUX, setWindowRect=true, moz:webdriverClick=true}]
Session ID: 45bb071b-37b6-4312-be49-6575ab87031e">
      <![CDATA[org.openqa.selenium.WebDriverException: 
Build info: version: '3.5.3', revision: 'a88d25fe6b', time: '2017-08-29T12:42:44.417Z'
System info: host: 'wittyfeed-Vostro-3558', ip: '127.0.1.1', os.name: 'Linux', os.arch: 'amd64', os.version: '4.4.0-131-generic', java.version: '1.8.0_191'
Driver info: org.openqa.selenium.firefox.FirefoxDriver
Capabilities [{moz:profile=/tmp/rust_mozprofile.lPnR1kTLBmVY, rotatable=false, moz:geckodriverVersion=0.23.0, timeouts={implicit=0, pageLoad=300000, script=30000}, pageLoadStrategy=normal, unhandledPromptBehavior=dismiss and notify, moz:headless=false, platform=LINUX, proxy=Proxy(manual, http=127.0.1.1:43993, ssl=127.0.1.1:43993), moz:accessibilityChecks=false, moz:useNonSpecCompliantPointerOrigin=false, acceptInsecureCerts=false, browserVersion=63.0.3, platformVersion=4.4.0-131-generic, moz:processID=18335, browserName=firefox, javascriptEnabled=true, platformName=LINUX, setWindowRect=true, moz:webdriverClick=true}]
Session ID: 45bb071b-37b6-4312-be49-6575ab87031e
at sun.reflect.NativeConstructorAccessorImpl.newInstance0(Native Method)
at sun.reflect.NativeConstructorAccessorImpl.newInstance(NativeConstructorAccessorImpl.java:62)
at sun.reflect.DelegatingConstructorAccessorImpl.newInstance(DelegatingConstructorAccessorImpl.java:45)
at java.lang.reflect.Constructor.newInstance(Constructor.java:423)
at org.openqa.selenium.remote.http.W3CHttpResponseCodec.createException(W3CHttpResponseCodec.java:185)
at org.openqa.selenium.remote.http.W3CHttpResponseCodec.decode(W3CHttpResponseCodec.java:120)
at org.openqa.selenium.remote.http.W3CHttpResponseCodec.decode(W3CHttpResponseCodec.java:49)
at org.openqa.selenium.remote.HttpCommandExecutor.execute(HttpCommandExecutor.java:164)
at org.openqa.selenium.remote.service.DriverCommandExecutor.execute(DriverCommandExecutor.java:82)
at org.openqa.selenium.remote.RemoteWebDriver.execute(RemoteWebDriver.java:646)
at org.openqa.selenium.remote.RemoteWebDriver.get(RemoteWebDriver.java:370)
at org.openqa.selenium.remote.RemoteWebDriver$RemoteNavigation.to(RemoteWebDriver.java:954)
at InnervoiceTestCases.CaptureAndParsingHarFileForPixPngTest.CreatHarFile(CaptureAndParsingHarFileForPixPngTest.java:83)
at sun.reflect.NativeMethodAccessorImpl.invoke0(Native Method)
at sun.reflect.NativeMethodAccessorImpl.invoke(NativeMethodAccessorImpl.java:62)
at sun.reflect.DelegatingMethodAccessorImpl.invoke(DelegatingMethodAccessorImpl.java:43)
at java.lang.reflect.Method.invoke(Method.java:498)
at org.testng.internal.MethodInvocationHelper.invokeMethod(MethodInvocationHelper.java:124)
at org.testng.internal.MethodInvocationHelper.invokeMethodConsideringTimeout(MethodInvocationHelper.java:59)
at org.testng.internal.Invoker.invokeConfigurationMethod(Invoker.java:455)
at org.testng.internal.Invoker.invokeConfigurations(Invoker.java:222)
at org.testng.internal.Invoker.invokeConfigurations(Invoker.java:142)
at org.testng.TestRunner.beforeRun(TestRunner.java:529)
at org.testng.TestRunner.run(TestRunner.java:497)
at org.testng.SuiteRunner.runTest(SuiteRunner.java:455)
at org.testng.SuiteRunner.runSequentially(SuiteRunner.java:450)
at org.testng.SuiteRunner.privateRun(SuiteRunner.java:415)
at org.testng.SuiteRunner.run(SuiteRunner.java:364)
at org.testng.SuiteRunnerWorker.runSuite(SuiteRunnerWorker.java:52)
at org.testng.SuiteRunnerWorker.run(SuiteRunnerWorker.java:84)
at org.testng.TestNG.runSuitesSequentially(TestNG.java:1208)
at org.testng.TestNG.runSuitesLocally(TestNG.java:1137)
at org.testng.TestNG.runSuites(TestNG.java:1049)
at org.testng.TestNG.run(TestNG.java:1017)
at org.testng.remote.AbstractRemoteTestNG.run(AbstractRemoteTestNG.java:114)
at org.testng.remote.RemoteTestNG.initAndRun(RemoteTestNG.java:251)
at org.testng.remote.RemoteTestNG.main(RemoteTestNG.java:77)
]]>
    </error>
  </testcase> <!-- CreatHarFile -->
  <testcase name="OpenGoogleappsHar_analyzer" time="0.000" classname="InnervoiceTestCases.CaptureAndParsingHarFileForPixPngTest">
    <skipped/>
  </testcase> <!-- OpenGoogleappsHar_analyzer -->
  <testcase name="CheckGMTValue" time="0.000" classname="InnervoiceTestCases.CaptureAndParsingHarFileForPixPngTest">
    <skipped/>
  </testcase> <!-- CheckGMTValue -->
  <testcase name="Checkvisit_blockValue" time="0.000" classname="InnervoiceTestCases.CaptureAndParsingHarFileForPixPngTest">
    <skipped/>
  </testcase> <!-- Checkvisit_blockValue -->
  <testcase name="Checkcountry_codeValue" time="0.000" classname="InnervoiceTestCases.CaptureAndParsingHarFileForPixPngTest">
    <skipped/>
  </testcase> <!-- Checkcountry_codeValue -->
  <testcase name="Checklanguage_EnglishValue" time="0.000" classname="InnervoiceTestCases.CaptureAndParsingHarFileForPixPngTest">
    <skipped/>
  </testcase> <!-- Checklanguage_EnglishValue -->
  <testcase name="Checkcategory_peopleValue" time="0.000" classname="InnervoiceTestCases.CaptureAndParsingHarFileForPixPngTest">
    <skipped/>
  </testcase> <!-- Checkcategory_peopleValue -->
  <testcase name="Checkwriter_nameValue" time="0.000" classname="InnervoiceTestCases.CaptureAndParsingHarFileForPixPngTest">
    <skipped/>
  </testcase> <!-- Checkwriter_nameValue -->
  <testcase name="Checkwriter_idValue" time="0.000" classname="InnervoiceTestCases.CaptureAndParsingHarFileForPixPngTest">
    <skipped/>
  </testcase> <!-- Checkwriter_idValue -->
  <testcase name="Checkcategory_idValue" time="0.000" classname="InnervoiceTestCases.CaptureAndParsingHarFileForPixPngTest">
    <skipped/>
  </testcase> <!-- Checkcategory_idValue -->
  <testcase name="Checkstory_idValue" time="0.000" classname="InnervoiceTestCases.CaptureAndParsingHarFileForPixPngTest">
    <skipped/>
  </testcase> <!-- Checkstory_idValue -->
  <testcase name="Checkgoogle_entitiesValue" time="0.000" classname="InnervoiceTestCases.CaptureAndParsingHarFileForPixPngTest">
    <skipped/>
  </testcase> <!-- Checkgoogle_entitiesValue -->
  <testcase name="Checkpage_typeValue" time="0.000" classname="InnervoiceTestCases.CaptureAndParsingHarFileForPixPngTest">
    <skipped/>
  </testcase> <!-- Checkpage_typeValue -->
  <testcase name="CheckcityValue" time="0.000" classname="InnervoiceTestCases.CaptureAndParsingHarFileForPixPngTest">
    <skipped/>
  </testcase> <!-- CheckcityValue -->
  <testcase name="Checkcountry_nameValue" time="0.000" classname="InnervoiceTestCases.CaptureAndParsingHarFileForPixPngTest">
    <skipped/>
  </testcase> <!-- Checkcountry_nameValue -->
  <testcase name="CheckfpValue" time="0.000" classname="InnervoiceTestCases.CaptureAndParsingHarFileForPixPngTest">
    <skipped/>
  </testcase> <!-- CheckfpValue -->
  <testcase name="Checkpage_urlValue" time="0.000" classname="InnervoiceTestCases.CaptureAndParsingHarFileForPixPngTest">
    <skipped/>
  </testcase> <!-- Checkpage_urlValue -->
  <testcase name="Checkclient_ipValue" time="0.000" classname="InnervoiceTestCases.CaptureAndParsingHarFileForPixPngTest">
    <skipped/>
  </testcase> <!-- Checkclient_ipValue -->
  <testcase name="Checkreferral_domainValue" time="0.000" classname="InnervoiceTestCases.CaptureAndParsingHarFileForPixPngTest">
    <skipped/>
  </testcase> <!-- Checkreferral_domainValue -->
  <testcase name="Checkdev_sourceValue" time="0.000" classname="InnervoiceTestCases.CaptureAndParsingHarFileForPixPngTest">
    <skipped/>
  </testcase> <!-- Checkdev_sourceValue -->
  <testcase name="CheckPBValue" time="0.000" classname="InnervoiceTestCases.CaptureAndParsingHarFileForPixPngTest">
    <skipped/>
  </testcase> <!-- CheckPBValue -->
  <testcase name="Checkstory_tagsValue" time="0.000" classname="InnervoiceTestCases.CaptureAndParsingHarFileForPixPngTest">
    <skipped/>
  </testcase> <!-- Checkstory_tagsValue -->
  <testcase name="Checkcurrent_blockValue" time="0.000" classname="InnervoiceTestCases.CaptureAndParsingHarFileForPixPngTest">
    <skipped/>
  </testcase> <!-- Checkcurrent_blockValue -->
  <testcase name="Checktotal_blocksValue" time="0.000" classname="InnervoiceTestCases.CaptureAndParsingHarFileForPixPngTest">
    <skipped/>
  </testcase> <!-- Checktotal_blocksValue -->
  <testcase name="CheckdomainValue" time="0.000" classname="InnervoiceTestCases.CaptureAndParsingHarFileForPixPngTest">
    <skipped/>
  </testcase> <!-- CheckdomainValue -->
  <testcase name="CheckadPartnerValue" time="0.000" classname="InnervoiceTestCases.CaptureAndParsingHarFileForPixPngTest">
    <skipped/>
  </testcase> <!-- CheckadPartnerValue -->
  <testcase name="CheckadblockerValue" time="0.000" classname="InnervoiceTestCases.CaptureAndParsingHarFileForPixPngTest">
    <skipped/>
  </testcase> <!-- CheckadblockerValue -->
  <testcase name="CheckofcValue" time="0.000" classname="InnervoiceTestCases.CaptureAndParsingHarFileForPixPngTest">
    <skipped/>
  </testcase> <!-- CheckofcValue -->
  <testcase name="Checktotal_adsValue" time="0.000" classname="InnervoiceTestCases.CaptureAndParsingHarFileForPixPngTest">
    <skipped/>
  </testcase> <!-- Checktotal_adsValue -->
  <testcase name="Checktree_idValue" time="0.000" classname="InnervoiceTestCases.CaptureAndParsingHarFileForPixPngTest">
    <skipped/>
  </testcase> <!-- Checktree_idValue -->
  <testcase name="CheckussValue" time="0.000" classname="InnervoiceTestCases.CaptureAndParsingHarFileForPixPngTest">
    <skipped/>
  </testcase> <!-- CheckussValue -->
  <testcase name="CheckpidValue" time="0.000" classname="InnervoiceTestCases.CaptureAndParsingHarFileForPixPngTest">
    <skipped/>
  </testcase> <!-- CheckpidValue -->
  <testcase name="Checkinit_story_idValue" time="0.000" classname="InnervoiceTestCases.CaptureAndParsingHarFileForPixPngTest">
    <skipped/>
  </testcase> <!-- Checkinit_story_idValue -->
</testsuite> <!-- InnervoiceTestCases.CaptureAndParsingHarFileForPixPngTest -->
