<?xml version="1.0" encoding="UTF-8" ?>
<testsuite tests="131" failures="10" name="TestSuite" time="292.945" errors="0" skipped="0">
  <properties>
    <property name="java.runtime.name" value="Java(TM) SE Runtime Environment"/>
    <property name="sun.boot.library.path" value="/usr/lib/jvm/java-8-oracle/jre/lib/amd64"/>
    <property name="java.vm.version" value="25.191-b12"/>
    <property name="java.vm.vendor" value="Oracle Corporation"/>
    <property name="maven.multiModuleProjectDirectory" value="/home/wittyfeed/Downloads/WittyFeed-master/wittyfeedTv"/>
    <property name="java.vendor.url" value="http://java.oracle.com/"/>
    <property name="path.separator" value=":"/>
    <property name="guice.disable.misplaced.annotation.check" value="true"/>
    <property name="java.vm.name" value="Java HotSpot(TM) 64-Bit Server VM"/>
    <property name="file.encoding.pkg" value="sun.io"/>
    <property name="user.country" value="US"/>
    <property name="sun.java.launcher" value="SUN_STANDARD"/>
    <property name="sun.os.patch.level" value="unknown"/>
    <property name="java.vm.specification.name" value="Java Virtual Machine Specification"/>
    <property name="user.dir" value="/home/wittyfeed/Downloads/WittyFeed-master/wittyfeedTv"/>
    <property name="java.runtime.version" value="1.8.0_191-b12"/>
    <property name="java.awt.graphicsenv" value="sun.awt.X11GraphicsEnvironment"/>
    <property name="java.endorsed.dirs" value="/usr/lib/jvm/java-8-oracle/jre/lib/endorsed"/>
    <property name="os.arch" value="amd64"/>
    <property name="java.io.tmpdir" value="/tmp"/>
    <property name="line.separator" value="
"/>
    <property name="java.vm.specification.vendor" value="Oracle Corporation"/>
    <property name="os.name" value="Linux"/>
    <property name="classworlds.conf" value="/home/wittyfeed/eclipse-workspace/.metadata/.plugins/org.eclipse.m2e.launching/launches/m2conf3647966250092153774.tmp"/>
    <property name="sun.jnu.encoding" value="UTF-8"/>
    <property name="java.library.path" value="/usr/java/packages/lib/amd64:/usr/lib64:/lib64:/lib:/usr/lib"/>
    <property name="java.specification.name" value="Java Platform API Specification"/>
    <property name="java.class.version" value="52.0"/>
    <property name="sun.management.compiler" value="HotSpot 64-Bit Tiered Compilers"/>
    <property name="os.version" value="4.4.0-131-generic"/>
    <property name="user.home" value="/home/wittyfeed"/>
    <property name="user.timezone" value="Asia/Kolkata"/>
    <property name="java.awt.printerjob" value="sun.print.PSPrinterJob"/>
    <property name="file.encoding" value="UTF-8"/>
    <property name="java.specification.version" value="1.8"/>
    <property name="user.name" value="wittyfeed"/>
    <property name="java.class.path" value="/home/wittyfeed/.p2/pool/plugins/org.eclipse.m2e.maven.runtime_1.9.1.20180912-1600/jars/plexus-classworlds-2.5.2.jar"/>
    <property name="java.vm.specification.version" value="1.8"/>
    <property name="sun.arch.data.model" value="64"/>
    <property name="java.home" value="/usr/lib/jvm/java-8-oracle/jre"/>
    <property name="sun.java.command" value="org.codehaus.plexus.classworlds.launcher.Launcher -B test"/>
    <property name="java.specification.vendor" value="Oracle Corporation"/>
    <property name="user.language" value="en"/>
    <property name="awt.toolkit" value="sun.awt.X11.XToolkit"/>
    <property name="java.vm.info" value="mixed mode"/>
    <property name="java.version" value="1.8.0_191"/>
    <property name="java.ext.dirs" value="/usr/lib/jvm/java-8-oracle/jre/lib/ext:/usr/java/packages/lib/ext"/>
    <property name="securerandom.source" value="file:/dev/./urandom"/>
    <property name="sun.boot.class.path" value="/usr/lib/jvm/java-8-oracle/jre/lib/resources.jar:/usr/lib/jvm/java-8-oracle/jre/lib/rt.jar:/usr/lib/jvm/java-8-oracle/jre/lib/sunrsasign.jar:/usr/lib/jvm/java-8-oracle/jre/lib/jsse.jar:/usr/lib/jvm/java-8-oracle/jre/lib/jce.jar:/usr/lib/jvm/java-8-oracle/jre/lib/charsets.jar:/usr/lib/jvm/java-8-oracle/jre/lib/jfr.jar:/usr/lib/jvm/java-8-oracle/jre/classes"/>
    <property name="java.vendor" value="Oracle Corporation"/>
    <property name="maven.home" value="/home/wittyfeed/Downloads/WittyFeed-master/wittyfeedTv/EMBEDDED"/>
    <property name="file.separator" value="/"/>
    <property name="java.vendor.url.bug" value="http://bugreport.sun.com/bugreport/"/>
    <property name="sun.cpu.endian" value="little"/>
    <property name="sun.io.unicode.encoding" value="UnicodeLittle"/>
    <property name="sun.desktop" value="gnome"/>
    <property name="sun.cpu.isalist" value=""/>
  </properties>
  <testcase classname="WittyFeedTestCases.CaptureAndParsingHarFileForPixPngTest" name="OpenGoogleappsHar_analyzer" time="13.395"/>
  <testcase classname="WittyFeedTestCases.CaptureAndParsingHarFileForPixPngTest" name="CheckGMTValue" time="0.132"/>
  <testcase classname="WittyFeedTestCases.CaptureAndParsingHarFileForPixPngTest" name="Checkvisit_blockValue" time="0.06"/>
  <testcase classname="WittyFeedTestCases.CaptureAndParsingHarFileForPixPngTest" name="Checkcountry_codeValue" time="0.068"/>
  <testcase classname="WittyFeedTestCases.CaptureAndParsingHarFileForPixPngTest" name="Checklanguage_EnglishValue" time="0.066"/>
  <testcase classname="WittyFeedTestCases.CaptureAndParsingHarFileForPixPngTest" name="Checkcategory_peopleValue" time="0.063"/>
  <testcase classname="WittyFeedTestCases.CaptureAndParsingHarFileForPixPngTest" name="Checkwriter_nameValue" time="0.055"/>
  <testcase classname="WittyFeedTestCases.CaptureAndParsingHarFileForPixPngTest" name="Checkwriter_idValue" time="0.055"/>
  <testcase classname="WittyFeedTestCases.CaptureAndParsingHarFileForPixPngTest" name="Checkcategory_idValue" time="0.055"/>
  <testcase classname="WittyFeedTestCases.CaptureAndParsingHarFileForPixPngTest" name="Checkstory_idValue" time="0.051"/>
  <testcase classname="WittyFeedTestCases.CaptureAndParsingHarFileForPixPngTest" name="Checkgoogle_entitiesValue" time="0.068"/>
  <testcase classname="WittyFeedTestCases.CaptureAndParsingHarFileForPixPngTest" name="Checkpage_typeValue" time="0.075"/>
  <testcase classname="WittyFeedTestCases.CaptureAndParsingHarFileForPixPngTest" name="CheckcityValue" time="0.053"/>
  <testcase classname="WittyFeedTestCases.CaptureAndParsingHarFileForPixPngTest" name="Checkcountry_nameValue" time="0.076"/>
  <testcase classname="WittyFeedTestCases.CaptureAndParsingHarFileForPixPngTest" name="CheckfpValue" time="0.067"/>
  <testcase classname="WittyFeedTestCases.CaptureAndParsingHarFileForPixPngTest" name="Checkpage_urlValue" time="0.062"/>
  <testcase classname="WittyFeedTestCases.CaptureAndParsingHarFileForPixPngTest" name="Checkclient_ipValue" time="0.064"/>
  <testcase classname="WittyFeedTestCases.CaptureAndParsingHarFileForPixPngTest" name="Checkreferral_domainValue" time="0.055"/>
  <testcase classname="WittyFeedTestCases.CaptureAndParsingHarFileForPixPngTest" name="Checkdev_sourceValue" time="0.053"/>
  <testcase classname="WittyFeedTestCases.CaptureAndParsingHarFileForPixPngTest" name="CheckPBValue" time="0.055"/>
  <testcase classname="WittyFeedTestCases.CaptureAndParsingHarFileForPixPngTest" name="Checkstory_tagsValue" time="0.049"/>
  <testcase classname="WittyFeedTestCases.CaptureAndParsingHarFileForPixPngTest" name="Checkcurrent_blockValue" time="0.048"/>
  <testcase classname="WittyFeedTestCases.CaptureAndParsingHarFileForPixPngTest" name="Checktotal_blocksValue" time="0.075"/>
  <testcase classname="WittyFeedTestCases.CaptureAndParsingHarFileForPixPngTest" name="CheckdomainValue" time="0.09"/>
  <testcase classname="WittyFeedTestCases.CaptureAndParsingHarFileForPixPngTest" name="CheckadPartnerValue" time="0.066"/>
  <testcase classname="WittyFeedTestCases.CaptureAndParsingHarFileForPixPngTest" name="CheckadblockerValue" time="0.068"/>
  <testcase classname="WittyFeedTestCases.CaptureAndParsingHarFileForPixPngTest" name="CheckofcValue" time="0.063"/>
  <testcase classname="WittyFeedTestCases.CaptureAndParsingHarFileForPixPngTest" name="Checktotal_adsValue" time="0.061"/>
  <testcase classname="WittyFeedTestCases.CaptureAndParsingHarFileForPixPngTest" name="Checktree_idValue" time="0.057"/>
  <testcase classname="WittyFeedTestCases.CaptureAndParsingHarFileForPixPngTest" name="CheckussValue" time="0.062"/>
  <testcase classname="WittyFeedTestCases.CaptureAndParsingHarFileForPixPngTest" name="CheckpidValue" time="0.055"/>
  <testcase classname="WittyFeedTestCases.CaptureAndParsingHarFileForPixPngTest" name="Checkinit_story_idValue" time="0.057"/>
  <testcase classname="WittyFeedTestCases.WittyFeedCatagoiesTestCasesTest" name="ClickHamburgerMenu" time="11.158"/>
  <testcase classname="WittyFeedTestCases.WittyFeedCatagoiesTestCasesTest" name="CheckNewsCata" time="1.129"/>
  <testcase classname="WittyFeedTestCases.WittyFeedCatagoiesTestCasesTest" name="CheckNewsSubCata" time="1.058"/>
  <testcase classname="WittyFeedTestCases.WittyFeedCatagoiesTestCasesTest" name="CheckLifeStyleCata" time="1.065"/>
  <testcase classname="WittyFeedTestCases.WittyFeedCatagoiesTestCasesTest" name="CheckLifeStyleSubCata" time="1.074"/>
  <testcase classname="WittyFeedTestCases.WittyFeedCatagoiesTestCasesTest" name="CheckEntertainmentCata" time="1.055"/>
  <testcase classname="WittyFeedTestCases.WittyFeedCatagoiesTestCasesTest" name="CheckEntertainmentSubCata" time="1.042"/>
  <testcase classname="WittyFeedTestCases.WittyFeedCatagoiesTestCasesTest" name="CheckOpinionLink" time="1.064"/>
  <testcase classname="WittyFeedTestCases.WittyFeedCatagoiesTestCasesTest" name="CheckIndiaKaPulseLink" time="1.056"/>
  <testcase classname="WittyFeedTestCases.WittyFeedCatagoiesTestCasesTest" name="CheckSocialImpactLink" time="1.058"/>
  <testcase classname="WittyFeedTestCases.WittyFeedCatagoiesTestCasesTest" name="CheckGirlingLink" time="1.052"/>
  <testcase classname="WittyFeedTestCases.WittyFeedCatagoiesTestCasesTest" name="CheckVideosLink" time="1.058"/>
  <testcase classname="WittyFeedTestCases.WittyFeedCatagoiesTestCasesTest" name="CheckQuizLink" time="1.062"/>
  <testcase classname="WittyFeedTestCases.WittyFeedCatagoiesTestCasesTest" name="CheckNewsPage" time="6.035"/>
  <testcase classname="WittyFeedTestCases.WittyFeedCatagoiesTestCasesTest" name="CheckPoliticsPage" time="5.326"/>
  <testcase classname="WittyFeedTestCases.WittyFeedCatagoiesTestCasesTest" name="CheckSocialPage" time="4.841"/>
  <testcase classname="WittyFeedTestCases.WittyFeedCatagoiesTestCasesTest" name="CheckTrendingPage" time="5.02"/>
  <testcase classname="WittyFeedTestCases.WittyFeedCatagoiesTestCasesTest" name="CheckLifeStylePage" time="4.795"/>
  <testcase classname="WittyFeedTestCases.WittyFeedCatagoiesTestCasesTest" name="CheckHealthPage" time="5.299"/>
  <testcase classname="WittyFeedTestCases.WittyFeedCatagoiesTestCasesTest" name="CheckRelationshipPage" time="5.187"/>
  <testcase classname="WittyFeedTestCases.WittyFeedCatagoiesTestCasesTest" name="CheckTravelPage" time="5.132"/>
  <testcase classname="WittyFeedTestCases.WittyFeedCatagoiesTestCasesTest" name="CheckFashionPage" time="4.62"/>
  <testcase classname="WittyFeedTestCases.WittyFeedCatagoiesTestCasesTest" name="CheckEntertainmentPage" time="4.445"/>
  <testcase classname="WittyFeedTestCases.WittyFeedCatagoiesTestCasesTest" name="CheckBollywoodPage" time="5.233"/>
  <testcase classname="WittyFeedTestCases.WittyFeedCatagoiesTestCasesTest" name="CheckSocialCelebritiesPage" time="6.303"/>
  <testcase classname="WittyFeedTestCases.WittyFeedCatagoiesTestCasesTest" name="CheckSportsPage" time="5.223"/>
  <testcase classname="WittyFeedTestCases.WittyFeedCatagoiesTestCasesTest" name="CheckHollywoodPage" time="4.989"/>
  <testcase classname="WittyFeedTestCases.WittyFeedCatagoiesTestCasesTest" name="CheckOpinionPage" time="1.072"/>
  <testcase classname="WittyFeedTestCases.WittyFeedCatagoiesTestCasesTest" name="CheckIndiaKaPulsePage" time="1.058"/>
  <testcase classname="WittyFeedTestCases.WittyFeedCatagoiesTestCasesTest" name="CheckSocialImpactPage" time="1.055"/>
  <testcase classname="WittyFeedTestCases.WittyFeedCatagoiesTestCasesTest" name="CheckGirlingPage" time="1.049"/>
  <testcase classname="WittyFeedTestCases.WittyFeedCatagoiesTestCasesTest" name="CheckVideosPage" time="1.052"/>
  <testcase classname="WittyFeedTestCases.WittyFeedCatagoiesTestCasesTest" name="CheckQuizPage" time="1.048"/>
  <testcase classname="WittyFeedTestCases.WittyFeedFooterOptionTestCasesTest" name="ClickHamburgerMenu" time="1.938"/>
  <testcase classname="WittyFeedTestCases.WittyFeedFooterOptionTestCasesTest" name="CheckAbutUsLink" time="0.04"/>
  <testcase classname="WittyFeedTestCases.WittyFeedFooterOptionTestCasesTest" name="CheckTermsOfUseLink" time="0.024"/>
  <testcase classname="WittyFeedTestCases.WittyFeedFooterOptionTestCasesTest" name="CheckPrivacyPolicyLink" time="0.026"/>
  <testcase classname="WittyFeedTestCases.WittyFeedFooterOptionTestCasesTest" name="CheckCantactUsLink" time="0.025"/>
  <testcase classname="WittyFeedTestCases.WittyFeedFooterOptionTestCasesTest" name="CheckAbutUsPage" time="4.802"/>
  <testcase classname="WittyFeedTestCases.WittyFeedFooterOptionTestCasesTest" name="CheckTermsOfUsePage" time="4.926"/>
  <testcase classname="WittyFeedTestCases.WittyFeedFooterOptionTestCasesTest" name="CheckPrivacyPolicyPage" time="4.579"/>
  <testcase classname="WittyFeedTestCases.WittyFeedFooterOptionTestCasesTest" name="CheckCantactUsPage" time="0.025"/>
  <testcase classname="WittyFeedTestCases.WittyFeedHomePageTestcasesTest" name="CheckSearchOption" time="1.742"/>
  <testcase classname="WittyFeedTestCases.WittyFeedHomePageTestcasesTest" name="CheckSiteLogo" time="0.022"/>
  <testcase classname="WittyFeedTestCases.WittyFeedHomePageTestcasesTest" name="CheckNewsCategories" time="0.02"/>
  <testcase classname="WittyFeedTestCases.WittyFeedHomePageTestcasesTest" name="CheckLifeStyleCategories" time="5.026"/>
  <testcase classname="WittyFeedTestCases.WittyFeedHomePageTestcasesTest" name="CheckEntertainmentCategories" time="0.025"/>
  <testcase classname="WittyFeedTestCases.WittyFeedHomePageTestcasesTest" name="CheckOpinion" time="0.02"/>
  <testcase classname="WittyFeedTestCases.WittyFeedHomePageTestcasesTest" name="CheckIndiaKaPulse" time="0.026"/>
  <testcase classname="WittyFeedTestCases.WittyFeedHomePageTestcasesTest" name="CheckGirling" time="0.021"/>
  <testcase classname="WittyFeedTestCases.WittyFeedHomePageTestcasesTest" name="CheckVideos" time="0.02"/>
  <testcase classname="WittyFeedTestCases.WittyFeedHomePageTestcasesTest" name="CheckQuiz" time="0.025"/>
  <testcase classname="WittyFeedTestCases.WittyFeedHomePageTestcasesTest" name="CheckInstaLink" time="0.019"/>
  <testcase classname="WittyFeedTestCases.WittyFeedHomePageTestcasesTest" name="CheckTwitterLink" time="0.022"/>
  <testcase classname="WittyFeedTestCases.WittyFeedHomePageTestcasesTest" name="CheckFacebookLink" time="10.076">
    <failure message="expected:&lt;1&gt; but was:&lt;0&gt;" type="java.lang.AssertionError">java.lang.AssertionError: expected:&lt;1&gt; but was:&lt;0&gt;
	at org.testng.Assert.fail(Assert.java:89)
	at org.testng.Assert.failNotEquals(Assert.java:489)
	at org.testng.Assert.assertEquals(Assert.java:118)
	at org.testng.Assert.assertEquals(Assert.java:365)
	at org.testng.Assert.assertEquals(Assert.java:375)
	at PagesOnWittyFeedTv.WittyFeedHomePage.FacebookLink(WittyFeedHomePage.java:130)
	at WittyFeedTestCases.WittyFeedHomePageTestcasesTest.CheckFacebookLink(WittyFeedHomePageTestcasesTest.java:104)
</failure>
  </testcase>
  <testcase classname="WittyFeedTestCases.WittyFeedHomePageTestcasesTest" name="CheckYouTubeLink" time="0.022"/>
  <testcase classname="WittyFeedTestCases.WittyFeedHomePageTestcasesTest" name="CheckFeaturedPostImage" time="0.032"/>
  <testcase classname="WittyFeedTestCases.WittyFeedHomePageTestcasesTest" name="CheckFeaturedPostTitle" time="0.028"/>
  <testcase classname="WittyFeedTestCases.WittyFeedHomePageTestcasesTest" name="CheckFeaturedPostAuthor" time="0.026"/>
  <testcase classname="WittyFeedTestCases.WittyFeedHomePageTestcasesTest" name="CheckSecondPostImage" time="0.02"/>
  <testcase classname="WittyFeedTestCases.WittyFeedHomePageTestcasesTest" name="CheckSecondPostTitle" time="0.025"/>
  <testcase classname="WittyFeedTestCases.WittyFeedHomePageTestcasesTest" name="CheckSecondPostAuthor" time="0.013"/>
  <testcase classname="WittyFeedTestCases.WittyFeedHomePageTestcasesTest" name="CheckThirdPostImage" time="0.02"/>
  <testcase classname="WittyFeedTestCases.WittyFeedHomePageTestcasesTest" name="CheckThirdPostTitle" time="0.021"/>
  <testcase classname="WittyFeedTestCases.WittyFeedHomePageTestcasesTest" name="CheckThirdPostAuthor" time="0.02"/>
  <testcase classname="WittyFeedTestCases.WittyFeedHomePageTestcasesTest" name="CheckLatestStoryImage" time="1.062"/>
  <testcase classname="WittyFeedTestCases.WittyFeedHomePageTestcasesTest" name="CheckLatestStoryTitle" time="1.07"/>
  <testcase classname="WittyFeedTestCases.WittyFeedHomePageTestcasesTest" name="CheckLatestStoryAuthor" time="1.059"/>
  <testcase classname="WittyFeedTestCases.WittyFeedHomePageTestcasesTest" name="CheckWittyVideo1" time="1.071"/>
  <testcase classname="WittyFeedTestCases.WittyFeedHomePageTestcasesTest" name="CheckWittyVideo2" time="1.048"/>
  <testcase classname="WittyFeedTestCases.WittyFeedHomePageTestcasesTest" name="CheckQuizeFeedImage" time="1.073"/>
  <testcase classname="WittyFeedTestCases.WittyFeedHomePageTestcasesTest" name="CheckQuizefeedTitle" time="1.067"/>
  <testcase classname="WittyFeedTestCases.WittyFeedHomePageTestcasesTest" name="CheckQuizeFeedAuthor" time="1.064"/>
  <testcase classname="WittyFeedTestCases.WittyFeedHomePageTestcasesTest" name="CheckEatSleepReadReaptImage" time="1.056"/>
  <testcase classname="WittyFeedTestCases.WittyFeedHomePageTestcasesTest" name="CheckEatSleepReadReaptTitle" time="1.049"/>
  <testcase classname="WittyFeedTestCases.WittyFeedHomePageTestcasesTest" name="CheckEatSleepReadReaptAuthor" time="1.055"/>
  <testcase classname="WittyFeedTestCases.WittyFeedSearchPageTestCasesTest" name="ClickSearchOption" time="7.803"/>
  <testcase classname="WittyFeedTestCases.WittyFeedSearchPageTestCasesTest" name="CheckSearchHeader" time="0.024"/>
  <testcase classname="WittyFeedTestCases.WittyFeedSearchPageTestCasesTest" name="CheckSearchedStoryImage" time="0.031"/>
  <testcase classname="WittyFeedTestCases.WittyFeedSearchPageTestCasesTest" name="CheckSearchedStoryTitle" time="0.032"/>
  <testcase classname="WittyFeedTestCases.WittyFeedStoryPageTestCasesTest" name="OpenStoryPage" time="18.239"/>
  <testcase classname="WittyFeedTestCases.WittyFeedStoryPageTestCasesTest" name="CheckAdvertisementFrame" time="0.027"/>
  <testcase classname="WittyFeedTestCases.WittyFeedStoryPageTestCasesTest" name="CheckStoryAuthor" time="1.743"/>
  <testcase classname="WittyFeedTestCases.WittyFeedStoryPageTestCasesTest" name="CheckStoryTitle" time="1.137"/>
  <testcase classname="WittyFeedTestCases.WittyFeedStoryPageTestCasesTest" name="CheckStoryDesc" time="1.101"/>
  <testcase classname="WittyFeedTestCases.WittyFeedStoryPageTestCasesTest" name="CheckStoryShares" time="1.085"/>
  <testcase classname="WittyFeedTestCases.WittyFeedStoryPageTestCasesTest" name="CheckStoryShareOptions" time="1.185"/>
  <testcase classname="WittyFeedTestCases.WittyFeedStoryPageTestCasesTest" name="CheckStoryContent" time="10.222">
    <failure message="no such element: Unable to locate element: {&quot;method&quot;:&quot;css selector&quot;,&quot;selector&quot;:&quot;div.col:nth-child(6) &gt; p:nth-child(1)&quot;}
  (Session info: chrome=71.0.3578.80)
  (Driver info: chromedriver=2.43.600233 (523efee95e3d68b8719b3a1c83051aa63aa6b10d),platform=Linux 4.4.0-131-generic x86_64) (WARNING: The server did not provide any stacktrace information)
Command duration or timeout: 0 milliseconds
For documentation on this error, please visit: http://seleniumhq.org/exceptions/no_such_element.html
Build info: version: &apos;3.5.3&apos;, revision: &apos;a88d25fe6b&apos;, time: &apos;2017-08-29T12:42:44.417Z&apos;
System info: host: &apos;wittyfeed-Vostro-3558&apos;, ip: &apos;127.0.1.1&apos;, os.name: &apos;Linux&apos;, os.arch: &apos;amd64&apos;, os.version: &apos;4.4.0-131-generic&apos;, java.version: &apos;1.8.0_191&apos;
Driver info: org.openqa.selenium.chrome.ChromeDriver
Capabilities [{mobileEmulationEnabled=false, hasTouchScreen=false, platform=LINUX, acceptSslCerts=false, goog:chromeOptions={debuggerAddress=localhost:41329}, acceptInsecureCerts=false, webStorageEnabled=true, browserName=chrome, takesScreenshot=true, javascriptEnabled=true, platformName=LINUX, setWindowRect=true, unexpectedAlertBehaviour=, applicationCacheEnabled=false, rotatable=false, networkConnectionEnabled=false, chrome={chromedriverVersion=2.43.600233 (523efee95e3d68b8719b3a1c83051aa63aa6b10d), userDataDir=/tmp/.org.chromium.Chromium.PZHGhn}, takesHeapSnapshot=true, unhandledPromptBehavior=, pageLoadStrategy=normal, databaseEnabled=false, handlesAlerts=true, version=71.0.3578.80, browserConnectionEnabled=false, nativeEvents=true, locationContextEnabled=true, cssSelectorsEnabled=true}]
Session ID: 0189373354be85fce8eacd1c20793d16
*** Element info: {Using=css selector, value=div.col:nth-child(6) &gt; p:nth-child(1)}" type="org.openqa.selenium.NoSuchElementException">org.openqa.selenium.NoSuchElementException: no such element: Unable to locate element: {&quot;method&quot;:&quot;css selector&quot;,&quot;selector&quot;:&quot;div.col:nth-child(6) &gt; p:nth-child(1)&quot;}
  (Session info: chrome=71.0.3578.80)
  (Driver info: chromedriver=2.43.600233 (523efee95e3d68b8719b3a1c83051aa63aa6b10d),platform=Linux 4.4.0-131-generic x86_64) (WARNING: The server did not provide any stacktrace information)
Command duration or timeout: 0 milliseconds
For documentation on this error, please visit: http://seleniumhq.org/exceptions/no_such_element.html
Build info: version: &apos;3.5.3&apos;, revision: &apos;a88d25fe6b&apos;, time: &apos;2017-08-29T12:42:44.417Z&apos;
System info: host: &apos;wittyfeed-Vostro-3558&apos;, ip: &apos;127.0.1.1&apos;, os.name: &apos;Linux&apos;, os.arch: &apos;amd64&apos;, os.version: &apos;4.4.0-131-generic&apos;, java.version: &apos;1.8.0_191&apos;
Driver info: org.openqa.selenium.chrome.ChromeDriver
Capabilities [{mobileEmulationEnabled=false, hasTouchScreen=false, platform=LINUX, acceptSslCerts=false, goog:chromeOptions={debuggerAddress=localhost:41329}, acceptInsecureCerts=false, webStorageEnabled=true, browserName=chrome, takesScreenshot=true, javascriptEnabled=true, platformName=LINUX, setWindowRect=true, unexpectedAlertBehaviour=, applicationCacheEnabled=false, rotatable=false, networkConnectionEnabled=false, chrome={chromedriverVersion=2.43.600233 (523efee95e3d68b8719b3a1c83051aa63aa6b10d), userDataDir=/tmp/.org.chromium.Chromium.PZHGhn}, takesHeapSnapshot=true, unhandledPromptBehavior=, pageLoadStrategy=normal, databaseEnabled=false, handlesAlerts=true, version=71.0.3578.80, browserConnectionEnabled=false, nativeEvents=true, locationContextEnabled=true, cssSelectorsEnabled=true}]
Session ID: 0189373354be85fce8eacd1c20793d16
*** Element info: {Using=css selector, value=div.col:nth-child(6) &gt; p:nth-child(1)}
	at sun.reflect.NativeConstructorAccessorImpl.newInstance0(Native Method)
	at sun.reflect.NativeConstructorAccessorImpl.newInstance(NativeConstructorAccessorImpl.java:62)
	at sun.reflect.DelegatingConstructorAccessorImpl.newInstance(DelegatingConstructorAccessorImpl.java:45)
	at java.lang.reflect.Constructor.newInstance(Constructor.java:423)
	at org.openqa.selenium.remote.ErrorHandler.createThrowable(ErrorHandler.java:215)
	at org.openqa.selenium.remote.ErrorHandler.throwIfResponseFailed(ErrorHandler.java:167)
	at org.openqa.selenium.remote.http.JsonHttpResponseCodec.reconstructValue(JsonHttpResponseCodec.java:40)
	at org.openqa.selenium.remote.http.AbstractHttpResponseCodec.decode(AbstractHttpResponseCodec.java:82)
	at org.openqa.selenium.remote.http.AbstractHttpResponseCodec.decode(AbstractHttpResponseCodec.java:45)
	at org.openqa.selenium.remote.HttpCommandExecutor.execute(HttpCommandExecutor.java:164)
	at org.openqa.selenium.remote.service.DriverCommandExecutor.execute(DriverCommandExecutor.java:82)
	at org.openqa.selenium.remote.RemoteWebDriver.execute(RemoteWebDriver.java:646)
	at org.openqa.selenium.remote.RemoteWebDriver.findElement(RemoteWebDriver.java:416)
	at org.openqa.selenium.remote.RemoteWebDriver.findElementByCssSelector(RemoteWebDriver.java:510)
	at org.openqa.selenium.By$ByCssSelector.findElement(By.java:430)
	at org.openqa.selenium.remote.RemoteWebDriver.findElement(RemoteWebDriver.java:408)
	at PagesOnWittyFeedTv.WittyFeedStoryPage.StoryContent(WittyFeedStoryPage.java:106)
	at WittyFeedTestCases.WittyFeedStoryPageTestCasesTest.CheckStoryContent(WittyFeedStoryPageTestCasesTest.java:76)
</failure>
  </testcase>
  <testcase classname="WittyFeedTestCases.WittyFeedUserProfileTestCasesTest" name="ClickAuthorName" time="2.741"/>
  <testcase classname="WittyFeedTestCases.WittyFeedUserProfileTestCasesTest" name="CheckBackgroundImage" time="10.047">
    <failure message="expected:&lt;1&gt; but was:&lt;0&gt;" type="java.lang.AssertionError">java.lang.AssertionError: expected:&lt;1&gt; but was:&lt;0&gt;
	at org.testng.Assert.fail(Assert.java:89)
	at org.testng.Assert.failNotEquals(Assert.java:489)
	at org.testng.Assert.assertEquals(Assert.java:118)
	at org.testng.Assert.assertEquals(Assert.java:365)
	at org.testng.Assert.assertEquals(Assert.java:375)
	at PagesOnWittyFeedTv.WittyFeedUserProfilePage.BackgroundImage(WittyFeedUserProfilePage.java:40)
	at WittyFeedTestCases.WittyFeedUserProfileTestCasesTest.CheckBackgroundImage(WittyFeedUserProfileTestCasesTest.java:33)
</failure>
  </testcase>
  <testcase classname="WittyFeedTestCases.WittyFeedUserProfileTestCasesTest" name="CheckAuthorName" time="10.039">
    <failure message="expected:&lt;1&gt; but was:&lt;0&gt;" type="java.lang.AssertionError">java.lang.AssertionError: expected:&lt;1&gt; but was:&lt;0&gt;
	at org.testng.Assert.fail(Assert.java:89)
	at org.testng.Assert.failNotEquals(Assert.java:489)
	at org.testng.Assert.assertEquals(Assert.java:118)
	at org.testng.Assert.assertEquals(Assert.java:365)
	at org.testng.Assert.assertEquals(Assert.java:375)
	at PagesOnWittyFeedTv.WittyFeedUserProfilePage.AuthorName(WittyFeedUserProfilePage.java:47)
	at WittyFeedTestCases.WittyFeedUserProfileTestCasesTest.CheckAuthorName(WittyFeedUserProfileTestCasesTest.java:41)
</failure>
  </testcase>
  <testcase classname="WittyFeedTestCases.WittyFeedUserProfileTestCasesTest" name="CheckAuthorImage" time="10.014">
    <failure message="expected:&lt;1&gt; but was:&lt;0&gt;" type="java.lang.AssertionError">java.lang.AssertionError: expected:&lt;1&gt; but was:&lt;0&gt;
	at org.testng.Assert.fail(Assert.java:89)
	at org.testng.Assert.failNotEquals(Assert.java:489)
	at org.testng.Assert.assertEquals(Assert.java:118)
	at org.testng.Assert.assertEquals(Assert.java:365)
	at org.testng.Assert.assertEquals(Assert.java:375)
	at PagesOnWittyFeedTv.WittyFeedUserProfilePage.AuthorImage(WittyFeedUserProfilePage.java:54)
	at WittyFeedTestCases.WittyFeedUserProfileTestCasesTest.CheckAuthorImage(WittyFeedUserProfileTestCasesTest.java:48)
</failure>
  </testcase>
  <testcase classname="WittyFeedTestCases.WittyFeedUserProfileTestCasesTest" name="CheckWriterName" time="10.054">
    <failure message="expected:&lt;1&gt; but was:&lt;0&gt;" type="java.lang.AssertionError">java.lang.AssertionError: expected:&lt;1&gt; but was:&lt;0&gt;
	at org.testng.Assert.fail(Assert.java:89)
	at org.testng.Assert.failNotEquals(Assert.java:489)
	at org.testng.Assert.assertEquals(Assert.java:118)
	at org.testng.Assert.assertEquals(Assert.java:365)
	at org.testng.Assert.assertEquals(Assert.java:375)
	at PagesOnWittyFeedTv.WittyFeedUserProfilePage.WriterName(WittyFeedUserProfilePage.java:61)
	at WittyFeedTestCases.WittyFeedUserProfileTestCasesTest.CheckWriterName(WittyFeedUserProfileTestCasesTest.java:56)
</failure>
  </testcase>
  <testcase classname="WittyFeedTestCases.WittyFeedUserProfileTestCasesTest" name="CheckEditor" time="10.032">
    <failure message="expected:&lt;1&gt; but was:&lt;0&gt;" type="java.lang.AssertionError">java.lang.AssertionError: expected:&lt;1&gt; but was:&lt;0&gt;
	at org.testng.Assert.fail(Assert.java:89)
	at org.testng.Assert.failNotEquals(Assert.java:489)
	at org.testng.Assert.assertEquals(Assert.java:118)
	at org.testng.Assert.assertEquals(Assert.java:365)
	at org.testng.Assert.assertEquals(Assert.java:375)
	at PagesOnWittyFeedTv.WittyFeedUserProfilePage.Editor(WittyFeedUserProfilePage.java:68)
	at WittyFeedTestCases.WittyFeedUserProfileTestCasesTest.CheckEditor(WittyFeedUserProfileTestCasesTest.java:62)
</failure>
  </testcase>
  <testcase classname="WittyFeedTestCases.WittyFeedUserProfileTestCasesTest" name="CheckProfileDesc" time="10.023">
    <failure message="expected:&lt;1&gt; but was:&lt;0&gt;" type="java.lang.AssertionError">java.lang.AssertionError: expected:&lt;1&gt; but was:&lt;0&gt;
	at org.testng.Assert.fail(Assert.java:89)
	at org.testng.Assert.failNotEquals(Assert.java:489)
	at org.testng.Assert.assertEquals(Assert.java:118)
	at org.testng.Assert.assertEquals(Assert.java:365)
	at org.testng.Assert.assertEquals(Assert.java:375)
	at PagesOnWittyFeedTv.WittyFeedUserProfilePage.ProfileDesc(WittyFeedUserProfilePage.java:94)
	at WittyFeedTestCases.WittyFeedUserProfileTestCasesTest.CheckProfileDesc(WittyFeedUserProfileTestCasesTest.java:92)
</failure>
  </testcase>
  <testcase classname="WittyFeedTestCases.WittyFeedUserProfileTestCasesTest" name="CheckDontMissThisStory" time="10.041">
    <failure message="expected:&lt;1&gt; but was:&lt;0&gt;" type="java.lang.AssertionError">java.lang.AssertionError: expected:&lt;1&gt; but was:&lt;0&gt;
	at org.testng.Assert.fail(Assert.java:89)
	at org.testng.Assert.failNotEquals(Assert.java:489)
	at org.testng.Assert.assertEquals(Assert.java:118)
	at org.testng.Assert.assertEquals(Assert.java:365)
	at org.testng.Assert.assertEquals(Assert.java:375)
	at PagesOnWittyFeedTv.WittyFeedUserProfilePage.DontMissThisStory(WittyFeedUserProfilePage.java:101)
	at WittyFeedTestCases.WittyFeedUserProfileTestCasesTest.CheckDontMissThisStory(WittyFeedUserProfileTestCasesTest.java:99)
</failure>
  </testcase>
  <testcase classname="WittyFeedTestCases.WittyFeedUserProfileTestCasesTest" name="LatestStories" time="10.089">
    <failure message="expected:&lt;1&gt; but was:&lt;0&gt;" type="java.lang.AssertionError">java.lang.AssertionError: expected:&lt;1&gt; but was:&lt;0&gt;
	at org.testng.Assert.fail(Assert.java:89)
	at org.testng.Assert.failNotEquals(Assert.java:489)
	at org.testng.Assert.assertEquals(Assert.java:118)
	at org.testng.Assert.assertEquals(Assert.java:365)
	at org.testng.Assert.assertEquals(Assert.java:375)
	at PagesOnWittyFeedTv.WittyFeedUserProfilePage.LatestStories(WittyFeedUserProfilePage.java:107)
	at WittyFeedTestCases.WittyFeedUserProfileTestCasesTest.LatestStories(WittyFeedUserProfileTestCasesTest.java:107)
</failure>
  </testcase>
  <testcase classname="WittyFeedTestCases.WittyTagstestcasesTest" name="CheckSearchOption" time="3.749"/>
  <testcase classname="WittyFeedTestCases.WittyTagstestcasesTest" name="CheckSearchTags" time="0.045"/>
</testsuite>