-------------------------------------------------------------------------------
Test set: TestSuite
-------------------------------------------------------------------------------
Tests run: 131, Failures: 10, Errors: 0, Skipped: 0, Time elapsed: 484.821 sec <<< FAILURE!
CheckFacebookLink(WittyFeedTestCases.WittyFeedHomePageTestcasesTest)  Time elapsed: 10.076 sec  <<< FAILURE!
java.lang.AssertionError: expected:<1> but was:<0>
	at org.testng.Assert.fail(Assert.java:89)
	at org.testng.Assert.failNotEquals(Assert.java:489)
	at org.testng.Assert.assertEquals(Assert.java:118)
	at org.testng.Assert.assertEquals(Assert.java:365)
	at org.testng.Assert.assertEquals(Assert.java:375)
	at PagesOnWittyFeedTv.WittyFeedHomePage.FacebookLink(WittyFeedHomePage.java:130)
	at WittyFeedTestCases.WittyFeedHomePageTestcasesTest.CheckFacebookLink(WittyFeedHomePageTestcasesTest.java:104)

CheckStoryContent(WittyFeedTestCases.WittyFeedStoryPageTestCasesTest)  Time elapsed: 10.222 sec  <<< FAILURE!
org.openqa.selenium.NoSuchElementException: no such element: Unable to locate element: {"method":"css selector","selector":"div.col:nth-child(6) > p:nth-child(1)"}
  (Session info: chrome=71.0.3578.80)
  (Driver info: chromedriver=2.43.600233 (523efee95e3d68b8719b3a1c83051aa63aa6b10d),platform=Linux 4.4.0-131-generic x86_64) (WARNING: The server did not provide any stacktrace information)
Command duration or timeout: 0 milliseconds
For documentation on this error, please visit: http://seleniumhq.org/exceptions/no_such_element.html
Build info: version: '3.5.3', revision: 'a88d25fe6b', time: '2017-08-29T12:42:44.417Z'
System info: host: 'wittyfeed-Vostro-3558', ip: '127.0.1.1', os.name: 'Linux', os.arch: 'amd64', os.version: '4.4.0-131-generic', java.version: '1.8.0_191'
Driver info: org.openqa.selenium.chrome.ChromeDriver
Capabilities [{mobileEmulationEnabled=false, hasTouchScreen=false, platform=LINUX, acceptSslCerts=false, goog:chromeOptions={debuggerAddress=localhost:41329}, acceptInsecureCerts=false, webStorageEnabled=true, browserName=chrome, takesScreenshot=true, javascriptEnabled=true, platformName=LINUX, setWindowRect=true, unexpectedAlertBehaviour=, applicationCacheEnabled=false, rotatable=false, networkConnectionEnabled=false, chrome={chromedriverVersion=2.43.600233 (523efee95e3d68b8719b3a1c83051aa63aa6b10d), userDataDir=/tmp/.org.chromium.Chromium.PZHGhn}, takesHeapSnapshot=true, unhandledPromptBehavior=, pageLoadStrategy=normal, databaseEnabled=false, handlesAlerts=true, version=71.0.3578.80, browserConnectionEnabled=false, nativeEvents=true, locationContextEnabled=true, cssSelectorsEnabled=true}]
Session ID: 0189373354be85fce8eacd1c20793d16
*** Element info: {Using=css selector, value=div.col:nth-child(6) > p:nth-child(1)}
	at sun.reflect.NativeConstructorAccessorImpl.newInstance0(Native Method)
	at sun.reflect.NativeConstructorAccessorImpl.newInstance(NativeConstructorAccessorImpl.java:62)
	at sun.reflect.DelegatingConstructorAccessorImpl.newInstance(DelegatingConstructorAccessorImpl.java:45)
	at java.lang.reflect.Constructor.newInstance(Constructor.java:423)
	at org.openqa.selenium.remote.ErrorHandler.createThrowable(ErrorHandler.java:215)
	at org.openqa.selenium.remote.ErrorHandler.throwIfResponseFailed(ErrorHandler.java:167)
	at org.openqa.selenium.remote.http.JsonHttpResponseCodec.reconstructValue(JsonHttpResponseCodec.java:40)
	at org.openqa.selenium.remote.http.AbstractHttpResponseCodec.decode(AbstractHttpResponseCodec.java:82)
	at org.openqa.selenium.remote.http.AbstractHttpResponseCodec.decode(AbstractHttpResponseCodec.java:45)
	at org.openqa.selenium.remote.HttpCommandExecutor.execute(HttpCommandExecutor.java:164)
	at org.openqa.selenium.remote.service.DriverCommandExecutor.execute(DriverCommandExecutor.java:82)
	at org.openqa.selenium.remote.RemoteWebDriver.execute(RemoteWebDriver.java:646)
	at org.openqa.selenium.remote.RemoteWebDriver.findElement(RemoteWebDriver.java:416)
	at org.openqa.selenium.remote.RemoteWebDriver.findElementByCssSelector(RemoteWebDriver.java:510)
	at org.openqa.selenium.By$ByCssSelector.findElement(By.java:430)
	at org.openqa.selenium.remote.RemoteWebDriver.findElement(RemoteWebDriver.java:408)
	at PagesOnWittyFeedTv.WittyFeedStoryPage.StoryContent(WittyFeedStoryPage.java:106)
	at WittyFeedTestCases.WittyFeedStoryPageTestCasesTest.CheckStoryContent(WittyFeedStoryPageTestCasesTest.java:76)

CheckBackgroundImage(WittyFeedTestCases.WittyFeedUserProfileTestCasesTest)  Time elapsed: 10.047 sec  <<< FAILURE!
java.lang.AssertionError: expected:<1> but was:<0>
	at org.testng.Assert.fail(Assert.java:89)
	at org.testng.Assert.failNotEquals(Assert.java:489)
	at org.testng.Assert.assertEquals(Assert.java:118)
	at org.testng.Assert.assertEquals(Assert.java:365)
	at org.testng.Assert.assertEquals(Assert.java:375)
	at PagesOnWittyFeedTv.WittyFeedUserProfilePage.BackgroundImage(WittyFeedUserProfilePage.java:40)
	at WittyFeedTestCases.WittyFeedUserProfileTestCasesTest.CheckBackgroundImage(WittyFeedUserProfileTestCasesTest.java:33)

CheckAuthorName(WittyFeedTestCases.WittyFeedUserProfileTestCasesTest)  Time elapsed: 10.039 sec  <<< FAILURE!
java.lang.AssertionError: expected:<1> but was:<0>
	at org.testng.Assert.fail(Assert.java:89)
	at org.testng.Assert.failNotEquals(Assert.java:489)
	at org.testng.Assert.assertEquals(Assert.java:118)
	at org.testng.Assert.assertEquals(Assert.java:365)
	at org.testng.Assert.assertEquals(Assert.java:375)
	at PagesOnWittyFeedTv.WittyFeedUserProfilePage.AuthorName(WittyFeedUserProfilePage.java:47)
	at WittyFeedTestCases.WittyFeedUserProfileTestCasesTest.CheckAuthorName(WittyFeedUserProfileTestCasesTest.java:41)

CheckAuthorImage(WittyFeedTestCases.WittyFeedUserProfileTestCasesTest)  Time elapsed: 10.014 sec  <<< FAILURE!
java.lang.AssertionError: expected:<1> but was:<0>
	at org.testng.Assert.fail(Assert.java:89)
	at org.testng.Assert.failNotEquals(Assert.java:489)
	at org.testng.Assert.assertEquals(Assert.java:118)
	at org.testng.Assert.assertEquals(Assert.java:365)
	at org.testng.Assert.assertEquals(Assert.java:375)
	at PagesOnWittyFeedTv.WittyFeedUserProfilePage.AuthorImage(WittyFeedUserProfilePage.java:54)
	at WittyFeedTestCases.WittyFeedUserProfileTestCasesTest.CheckAuthorImage(WittyFeedUserProfileTestCasesTest.java:48)

CheckWriterName(WittyFeedTestCases.WittyFeedUserProfileTestCasesTest)  Time elapsed: 10.054 sec  <<< FAILURE!
java.lang.AssertionError: expected:<1> but was:<0>
	at org.testng.Assert.fail(Assert.java:89)
	at org.testng.Assert.failNotEquals(Assert.java:489)
	at org.testng.Assert.assertEquals(Assert.java:118)
	at org.testng.Assert.assertEquals(Assert.java:365)
	at org.testng.Assert.assertEquals(Assert.java:375)
	at PagesOnWittyFeedTv.WittyFeedUserProfilePage.WriterName(WittyFeedUserProfilePage.java:61)
	at WittyFeedTestCases.WittyFeedUserProfileTestCasesTest.CheckWriterName(WittyFeedUserProfileTestCasesTest.java:56)

CheckEditor(WittyFeedTestCases.WittyFeedUserProfileTestCasesTest)  Time elapsed: 10.032 sec  <<< FAILURE!
java.lang.AssertionError: expected:<1> but was:<0>
	at org.testng.Assert.fail(Assert.java:89)
	at org.testng.Assert.failNotEquals(Assert.java:489)
	at org.testng.Assert.assertEquals(Assert.java:118)
	at org.testng.Assert.assertEquals(Assert.java:365)
	at org.testng.Assert.assertEquals(Assert.java:375)
	at PagesOnWittyFeedTv.WittyFeedUserProfilePage.Editor(WittyFeedUserProfilePage.java:68)
	at WittyFeedTestCases.WittyFeedUserProfileTestCasesTest.CheckEditor(WittyFeedUserProfileTestCasesTest.java:62)

CheckProfileDesc(WittyFeedTestCases.WittyFeedUserProfileTestCasesTest)  Time elapsed: 10.023 sec  <<< FAILURE!
java.lang.AssertionError: expected:<1> but was:<0>
	at org.testng.Assert.fail(Assert.java:89)
	at org.testng.Assert.failNotEquals(Assert.java:489)
	at org.testng.Assert.assertEquals(Assert.java:118)
	at org.testng.Assert.assertEquals(Assert.java:365)
	at org.testng.Assert.assertEquals(Assert.java:375)
	at PagesOnWittyFeedTv.WittyFeedUserProfilePage.ProfileDesc(WittyFeedUserProfilePage.java:94)
	at WittyFeedTestCases.WittyFeedUserProfileTestCasesTest.CheckProfileDesc(WittyFeedUserProfileTestCasesTest.java:92)

CheckDontMissThisStory(WittyFeedTestCases.WittyFeedUserProfileTestCasesTest)  Time elapsed: 10.041 sec  <<< FAILURE!
java.lang.AssertionError: expected:<1> but was:<0>
	at org.testng.Assert.fail(Assert.java:89)
	at org.testng.Assert.failNotEquals(Assert.java:489)
	at org.testng.Assert.assertEquals(Assert.java:118)
	at org.testng.Assert.assertEquals(Assert.java:365)
	at org.testng.Assert.assertEquals(Assert.java:375)
	at PagesOnWittyFeedTv.WittyFeedUserProfilePage.DontMissThisStory(WittyFeedUserProfilePage.java:101)
	at WittyFeedTestCases.WittyFeedUserProfileTestCasesTest.CheckDontMissThisStory(WittyFeedUserProfileTestCasesTest.java:99)

LatestStories(WittyFeedTestCases.WittyFeedUserProfileTestCasesTest)  Time elapsed: 10.089 sec  <<< FAILURE!
java.lang.AssertionError: expected:<1> but was:<0>
	at org.testng.Assert.fail(Assert.java:89)
	at org.testng.Assert.failNotEquals(Assert.java:489)
	at org.testng.Assert.assertEquals(Assert.java:118)
	at org.testng.Assert.assertEquals(Assert.java:365)
	at org.testng.Assert.assertEquals(Assert.java:375)
	at PagesOnWittyFeedTv.WittyFeedUserProfilePage.LatestStories(WittyFeedUserProfilePage.java:107)
	at WittyFeedTestCases.WittyFeedUserProfileTestCasesTest.LatestStories(WittyFeedUserProfileTestCasesTest.java:107)

