<?xml version="1.0" encoding="UTF-8"?>
<testng-results skipped="0" failed="1" ignored="0" total="2" passed="1">
  <reporter-output>
  </reporter-output>
  <suite name="Default suite" duration-ms="23964" started-at="2019-01-14T07:12:17Z" finished-at="2019-01-14T07:12:41Z">
    <groups>
    </groups>
    <test name="Default test" duration-ms="23964" started-at="2019-01-14T07:12:17Z" finished-at="2019-01-14T07:12:41Z">
      <class name="OnefeedTestCases.OneFeedCatagoiesTestCasesTest">
        <test-method status="PASS" signature="Setup()[pri:0, instance:OnefeedTestCases.OneFeedCatagoiesTestCasesTest@543788f3]" name="Setup" is-config="true" duration-ms="8606" started-at="2019-01-14T07:12:08Z" finished-at="2019-01-14T07:12:17Z">
          <reporter-output>
          </reporter-output>
        </test-method> <!-- Setup -->
        <test-method status="PASS" signature="ClickHamburgerMenu()[pri:1, instance:OnefeedTestCases.OneFeedCatagoiesTestCasesTest@543788f3]" name="ClickHamburgerMenu" duration-ms="23879" started-at="2019-01-14T07:12:17Z" finished-at="2019-01-14T07:12:41Z">
          <reporter-output>
          </reporter-output>
        </test-method> <!-- ClickHamburgerMenu -->
        <test-method status="PASS" signature="getResults(org.testng.ITestResult)[pri:0, instance:OnefeedTestCases.OneFeedCatagoiesTestCasesTest@543788f3]" name="getResults" is-config="true" duration-ms="10" started-at="2019-01-14T07:12:41Z" finished-at="2019-01-14T07:12:41Z">
          <params>
            <param index="0">
              <value>
                <![CDATA[[TestResult name=ClickHamburgerMenu status=SUCCESS method=OneFeedCatagoiesTestCasesTest.ClickHamburgerMenu()[pri:1, instance:OnefeedTestCases.OneFeedCatagoiesTestCasesTest@543788f3] output={null}]]]>
              </value>
            </param>
          </params>
          <reporter-output>
          </reporter-output>
        </test-method> <!-- getResults -->
        <test-method status="FAIL" signature="CheckNewsPage()[pri:2, instance:OnefeedTestCases.OneFeedCatagoiesTestCasesTest@543788f3]" name="CheckNewsPage" duration-ms="41" started-at="2019-01-14T07:12:41Z" finished-at="2019-01-14T07:12:41Z">
          <exception class="org.openqa.selenium.InvalidElementStateException">
            <message>
              <![CDATA[Unable to clear element that cannot be edited: <img id="showSubCatSvg" class="svg-container" src="assets/angle-arrow-down.png">
Build info: version: '3.5.3', revision: 'a88d25fe6b', time: '2017-08-29T12:42:44.417Z'
System info: host: 'wittyfeed-Vostro-3558', ip: '127.0.1.1', os.name: 'Linux', os.arch: 'amd64', os.version: '4.4.0-131-generic', java.version: '1.8.0_191'
Driver info: org.openqa.selenium.firefox.FirefoxDriver
Capabilities [{moz:profile=/tmp/rust_mozprofile.BgiYhMHJF261, rotatable=false, moz:geckodriverVersion=0.23.0, timeouts={implicit=0, pageLoad=300000, script=30000}, pageLoadStrategy=normal, unhandledPromptBehavior=dismiss and notify, moz:headless=false, platform=LINUX, moz:accessibilityChecks=false, moz:useNonSpecCompliantPointerOrigin=false, acceptInsecureCerts=false, browserVersion=63.0.3, platformVersion=4.4.0-131-generic, moz:processID=11301, browserName=firefox, javascriptEnabled=true, platformName=LINUX, setWindowRect=true, moz:webdriverClick=true}]
Session ID: 246cd565-5f17-492b-a8cd-5c81bbaeb4e2]]>
            </message>
            <full-stacktrace>
              <![CDATA[org.openqa.selenium.InvalidElementStateException: Unable to clear element that cannot be edited: <img id="showSubCatSvg" class="svg-container" src="assets/angle-arrow-down.png">
Build info: version: '3.5.3', revision: 'a88d25fe6b', time: '2017-08-29T12:42:44.417Z'
System info: host: 'wittyfeed-Vostro-3558', ip: '127.0.1.1', os.name: 'Linux', os.arch: 'amd64', os.version: '4.4.0-131-generic', java.version: '1.8.0_191'
Driver info: org.openqa.selenium.firefox.FirefoxDriver
Capabilities [{moz:profile=/tmp/rust_mozprofile.BgiYhMHJF261, rotatable=false, moz:geckodriverVersion=0.23.0, timeouts={implicit=0, pageLoad=300000, script=30000}, pageLoadStrategy=normal, unhandledPromptBehavior=dismiss and notify, moz:headless=false, platform=LINUX, moz:accessibilityChecks=false, moz:useNonSpecCompliantPointerOrigin=false, acceptInsecureCerts=false, browserVersion=63.0.3, platformVersion=4.4.0-131-generic, moz:processID=11301, browserName=firefox, javascriptEnabled=true, platformName=LINUX, setWindowRect=true, moz:webdriverClick=true}]
Session ID: 246cd565-5f17-492b-a8cd-5c81bbaeb4e2
at sun.reflect.NativeConstructorAccessorImpl.newInstance0(Native Method)
at sun.reflect.NativeConstructorAccessorImpl.newInstance(NativeConstructorAccessorImpl.java:62)
at sun.reflect.DelegatingConstructorAccessorImpl.newInstance(DelegatingConstructorAccessorImpl.java:45)
at java.lang.reflect.Constructor.newInstance(Constructor.java:423)
at org.openqa.selenium.remote.http.W3CHttpResponseCodec.createException(W3CHttpResponseCodec.java:185)
at org.openqa.selenium.remote.http.W3CHttpResponseCodec.decode(W3CHttpResponseCodec.java:120)
at org.openqa.selenium.remote.http.W3CHttpResponseCodec.decode(W3CHttpResponseCodec.java:49)
at org.openqa.selenium.remote.HttpCommandExecutor.execute(HttpCommandExecutor.java:164)
at org.openqa.selenium.remote.service.DriverCommandExecutor.execute(DriverCommandExecutor.java:82)
at org.openqa.selenium.remote.RemoteWebDriver.execute(RemoteWebDriver.java:646)
at org.openqa.selenium.remote.RemoteWebElement.execute(RemoteWebElement.java:275)
at org.openqa.selenium.remote.RemoteWebElement.clear(RemoteWebElement.java:117)
at UtilsOnFeed.WrapperGenericMethod.Clear(WrapperGenericMethod.java:40)
at PagesOnOnefeed.OneFeedCatagoriesPage.ClickNews(OneFeedCatagoriesPage.java:72)
at OnefeedTestCases.OneFeedCatagoiesTestCasesTest.CheckNewsPage(OneFeedCatagoiesTestCasesTest.java:37)
at sun.reflect.NativeMethodAccessorImpl.invoke0(Native Method)
at sun.reflect.NativeMethodAccessorImpl.invoke(NativeMethodAccessorImpl.java:62)
at sun.reflect.DelegatingMethodAccessorImpl.invoke(DelegatingMethodAccessorImpl.java:43)
at java.lang.reflect.Method.invoke(Method.java:498)
at org.testng.internal.MethodInvocationHelper.invokeMethod(MethodInvocationHelper.java:124)
at org.testng.internal.Invoker.invokeMethod(Invoker.java:580)
at org.testng.internal.Invoker.invokeTestMethod(Invoker.java:716)
at org.testng.internal.Invoker.invokeTestMethods(Invoker.java:988)
at org.testng.internal.TestMethodWorker.invokeTestMethods(TestMethodWorker.java:125)
at org.testng.internal.TestMethodWorker.run(TestMethodWorker.java:109)
at org.testng.TestRunner.privateRun(TestRunner.java:648)
at org.testng.TestRunner.run(TestRunner.java:505)
at org.testng.SuiteRunner.runTest(SuiteRunner.java:455)
at org.testng.SuiteRunner.runSequentially(SuiteRunner.java:450)
at org.testng.SuiteRunner.privateRun(SuiteRunner.java:415)
at org.testng.SuiteRunner.run(SuiteRunner.java:364)
at org.testng.SuiteRunnerWorker.runSuite(SuiteRunnerWorker.java:52)
at org.testng.SuiteRunnerWorker.run(SuiteRunnerWorker.java:84)
at org.testng.TestNG.runSuitesSequentially(TestNG.java:1208)
at org.testng.TestNG.runSuitesLocally(TestNG.java:1137)
at org.testng.TestNG.runSuites(TestNG.java:1049)
at org.testng.TestNG.run(TestNG.java:1017)
at org.testng.remote.AbstractRemoteTestNG.run(AbstractRemoteTestNG.java:114)
at org.testng.remote.RemoteTestNG.initAndRun(RemoteTestNG.java:251)
at org.testng.remote.RemoteTestNG.main(RemoteTestNG.java:77)
]]>
            </full-stacktrace>
          </exception> <!-- org.openqa.selenium.InvalidElementStateException -->
          <reporter-output>
          </reporter-output>
        </test-method> <!-- CheckNewsPage -->
        <test-method status="PASS" signature="getResults(org.testng.ITestResult)[pri:0, instance:OnefeedTestCases.OneFeedCatagoiesTestCasesTest@543788f3]" name="getResults" is-config="true" duration-ms="6" started-at="2019-01-14T07:12:41Z" finished-at="2019-01-14T07:12:41Z">
          <params>
            <param index="0">
              <value>
                <![CDATA[[TestResult name=CheckNewsPage status=FAILURE method=OneFeedCatagoiesTestCasesTest.CheckNewsPage()[pri:2, instance:OnefeedTestCases.OneFeedCatagoiesTestCasesTest@543788f3] output={null}]]]>
              </value>
            </param>
          </params>
          <reporter-output>
          </reporter-output>
        </test-method> <!-- getResults -->
        <test-method status="PASS" signature="tearDown()[pri:0, instance:OnefeedTestCases.OneFeedCatagoiesTestCasesTest@543788f3]" name="tearDown" is-config="true" duration-ms="367" started-at="2019-01-14T07:12:41Z" finished-at="2019-01-14T07:12:41Z">
          <reporter-output>
          </reporter-output>
        </test-method> <!-- tearDown -->
      </class> <!-- OnefeedTestCases.OneFeedCatagoiesTestCasesTest -->
    </test> <!-- Default test -->
  </suite> <!-- Default suite -->
</testng-results>
