<?xml version="1.0" encoding="UTF-8"?>
<!-- Generated by org.testng.reporters.JUnitXMLReporter -->
<testsuite hostname="wittyfeed-Vostro-3558" ignored="0" name="Default test" tests="7" failures="0" timestamp="14 Jan 2019 10:13:57 GMT" time="0.075" errors="0">
  <testcase name="@BeforeSuite Setup" time="1.623" classname="WittyFeedTestCases.ReportGenerateProgramFoodmate">
    <failure type="org.openqa.selenium.SessionNotCreatedException" message="session not created
from disconnected: unable to connect to renderer
  (Session info: headless chrome=71.0.3578.98)
  (Driver info: chromedriver=2.45.615279 (12b89733300bd268cff3b78fc76cb8f3a7cc44e5),platform=Linux 4.4.0-131-generic x86_64) (WARNING: The server did not provide any stacktrace information)
Command duration or timeout: 443 milliseconds
Build info: version: &amp;apos;3.141.59&amp;apos;, revision: &amp;apos;e82be7d358&amp;apos;, time: &amp;apos;2018-11-14T08:17:03&amp;apos;
System info: host: &amp;apos;wittyfeed-Vostro-3558&amp;apos;, ip: &amp;apos;127.0.1.1&amp;apos;, os.name: &amp;apos;Linux&amp;apos;, os.arch: &amp;apos;amd64&amp;apos;, os.version: &amp;apos;4.4.0-131-generic&amp;apos;, java.version: &amp;apos;1.8.0_191&amp;apos;
Driver info: driver.version: ChromeDriver">
      <![CDATA[org.openqa.selenium.SessionNotCreatedException: session not created
from disconnected: unable to connect to renderer
  (Session info: headless chrome=71.0.3578.98)
  (Driver info: chromedriver=2.45.615279 (12b89733300bd268cff3b78fc76cb8f3a7cc44e5),platform=Linux 4.4.0-131-generic x86_64) (WARNING: The server did not provide any stacktrace information)
Command duration or timeout: 443 milliseconds
Build info: version: '3.141.59', revision: 'e82be7d358', time: '2018-11-14T08:17:03'
System info: host: 'wittyfeed-Vostro-3558', ip: '127.0.1.1', os.name: 'Linux', os.arch: 'amd64', os.version: '4.4.0-131-generic', java.version: '1.8.0_191'
Driver info: driver.version: ChromeDriver
at sun.reflect.NativeConstructorAccessorImpl.newInstance0(Native Method)
at sun.reflect.NativeConstructorAccessorImpl.newInstance(NativeConstructorAccessorImpl.java:62)
at sun.reflect.DelegatingConstructorAccessorImpl.newInstance(DelegatingConstructorAccessorImpl.java:45)
at java.lang.reflect.Constructor.newInstance(Constructor.java:423)
at org.openqa.selenium.remote.ErrorHandler.createThrowable(ErrorHandler.java:214)
at org.openqa.selenium.remote.ErrorHandler.throwIfResponseFailed(ErrorHandler.java:166)
at org.openqa.selenium.remote.JsonWireProtocolResponse.lambda$errorHandler$0(JsonWireProtocolResponse.java:54)
at org.openqa.selenium.remote.HandshakeResponse.lambda$getResponseFunction$0(HandshakeResponse.java:30)
at org.openqa.selenium.remote.ProtocolHandshake.lambda$createSession$0(ProtocolHandshake.java:126)
at java.util.stream.ReferencePipeline$3$1.accept(ReferencePipeline.java:193)
at java.util.Spliterators$ArraySpliterator.tryAdvance(Spliterators.java:958)
at java.util.stream.ReferencePipeline.forEachWithCancel(ReferencePipeline.java:126)
at java.util.stream.AbstractPipeline.copyIntoWithCancel(AbstractPipeline.java:498)
at java.util.stream.AbstractPipeline.copyInto(AbstractPipeline.java:485)
at java.util.stream.AbstractPipeline.wrapAndCopyInto(AbstractPipeline.java:471)
at java.util.stream.FindOps$FindOp.evaluateSequential(FindOps.java:152)
at java.util.stream.AbstractPipeline.evaluate(AbstractPipeline.java:234)
at java.util.stream.ReferencePipeline.findFirst(ReferencePipeline.java:464)
at org.openqa.selenium.remote.ProtocolHandshake.createSession(ProtocolHandshake.java:128)
at org.openqa.selenium.remote.ProtocolHandshake.createSession(ProtocolHandshake.java:74)
at org.openqa.selenium.remote.HttpCommandExecutor.execute(HttpCommandExecutor.java:136)
at org.openqa.selenium.remote.service.DriverCommandExecutor.execute(DriverCommandExecutor.java:83)
at org.openqa.selenium.remote.RemoteWebDriver.execute(RemoteWebDriver.java:552)
at org.openqa.selenium.remote.RemoteWebDriver.startSession(RemoteWebDriver.java:213)
at org.openqa.selenium.remote.RemoteWebDriver.<init>(RemoteWebDriver.java:131)
at org.openqa.selenium.chrome.ChromeDriver.<init>(ChromeDriver.java:181)
at org.openqa.selenium.chrome.ChromeDriver.<init>(ChromeDriver.java:168)
at org.openqa.selenium.chrome.ChromeDriver.<init>(ChromeDriver.java:157)
at WittyFeedTestCases.ReportGenerateProgramFoodmate.Setup(ReportGenerateProgramFoodmate.java:61)
at sun.reflect.NativeMethodAccessorImpl.invoke0(Native Method)
at sun.reflect.NativeMethodAccessorImpl.invoke(NativeMethodAccessorImpl.java:62)
at sun.reflect.DelegatingMethodAccessorImpl.invoke(DelegatingMethodAccessorImpl.java:43)
at java.lang.reflect.Method.invoke(Method.java:498)
at org.testng.internal.MethodInvocationHelper.invokeMethod(MethodInvocationHelper.java:124)
at org.testng.internal.MethodInvocationHelper.invokeMethodConsideringTimeout(MethodInvocationHelper.java:59)
at org.testng.internal.Invoker.invokeConfigurationMethod(Invoker.java:455)
at org.testng.internal.Invoker.invokeConfigurations(Invoker.java:222)
at org.testng.internal.Invoker.invokeConfigurations(Invoker.java:142)
at org.testng.SuiteRunner.privateRun(SuiteRunner.java:401)
at org.testng.SuiteRunner.run(SuiteRunner.java:364)
at org.testng.SuiteRunnerWorker.runSuite(SuiteRunnerWorker.java:52)
at org.testng.SuiteRunnerWorker.run(SuiteRunnerWorker.java:84)
at org.testng.TestNG.runSuitesSequentially(TestNG.java:1208)
at org.testng.TestNG.runSuitesLocally(TestNG.java:1137)
at org.testng.TestNG.runSuites(TestNG.java:1049)
at org.testng.TestNG.run(TestNG.java:1017)
at org.testng.remote.AbstractRemoteTestNG.run(AbstractRemoteTestNG.java:114)
at org.testng.remote.RemoteTestNG.initAndRun(RemoteTestNG.java:251)
at org.testng.remote.RemoteTestNG.main(RemoteTestNG.java:77)
]]>
    </failure>
  </testcase> <!-- @BeforeSuite Setup -->
  <testcase name="@AfterMethod getResults" time="0.0" classname="WittyFeedTestCases.ReportGenerateProgramFoodmate">
    <skipped/>
  </testcase> <!-- @AfterMethod getResults -->
  <testcase name="@AfterMethod getResults" time="0.0" classname="WittyFeedTestCases.ReportGenerateProgramFoodmate">
    <skipped/>
  </testcase> <!-- @AfterMethod getResults -->
  <testcase name="@AfterMethod getResults" time="0.0" classname="WittyFeedTestCases.ReportGenerateProgramFoodmate">
    <skipped/>
  </testcase> <!-- @AfterMethod getResults -->
  <testcase name="@AfterMethod getResults" time="0.0" classname="WittyFeedTestCases.ReportGenerateProgramFoodmate">
    <skipped/>
  </testcase> <!-- @AfterMethod getResults -->
  <testcase name="@AfterMethod getResults" time="0.0" classname="WittyFeedTestCases.ReportGenerateProgramFoodmate">
    <skipped/>
  </testcase> <!-- @AfterMethod getResults -->
  <testcase name="@AfterMethod getResults" time="0.0" classname="WittyFeedTestCases.ReportGenerateProgramFoodmate">
    <skipped/>
  </testcase> <!-- @AfterMethod getResults -->
  <testcase name="@AfterMethod getResults" time="0.0" classname="WittyFeedTestCases.ReportGenerateProgramFoodmate">
    <skipped/>
  </testcase> <!-- @AfterMethod getResults -->
  <testcase name="OpenStoryPage" time="0.0" classname="WittyFeedTestCases.FoodmatePageStoryTestCasesTest">
    <skipped/>
  </testcase> <!-- OpenStoryPage -->
  <testcase name="CheckStoryAuthor" time="0.0" classname="WittyFeedTestCases.FoodmatePageStoryTestCasesTest">
    <skipped/>
  </testcase> <!-- CheckStoryAuthor -->
  <testcase name="CheckStoryTitle" time="0.0" classname="WittyFeedTestCases.FoodmatePageStoryTestCasesTest">
    <skipped/>
  </testcase> <!-- CheckStoryTitle -->
  <testcase name="CheckStoryDesc" time="0.0" classname="WittyFeedTestCases.FoodmatePageStoryTestCasesTest">
    <skipped/>
  </testcase> <!-- CheckStoryDesc -->
  <testcase name="CheckStoryShares" time="0.0" classname="WittyFeedTestCases.FoodmatePageStoryTestCasesTest">
    <skipped/>
  </testcase> <!-- CheckStoryShares -->
  <testcase name="CheckStoryShareOptions" time="0.0" classname="WittyFeedTestCases.FoodmatePageStoryTestCasesTest">
    <skipped/>
  </testcase> <!-- CheckStoryShareOptions -->
  <testcase name="CheckStoryContent" time="0.0" classname="WittyFeedTestCases.FoodmatePageStoryTestCasesTest">
    <skipped/>
  </testcase> <!-- CheckStoryContent -->
</testsuite> <!-- Default test -->
