<?xml version="1.0" encoding="UTF-8"?>
<!-- Generated by org.testng.reporters.JUnitReportReporter -->
<testsuite hostname="wittyfeed-Vostro-3558" name="WittyFeedTestCases.WittyFeedHomePageTestcasesTest" tests="34" failures="0" timestamp="19 Dec 2018 05:26:50 GMT" time="28.928" errors="1">
  <testcase name="CheckTwitterLink" time="0.022" classname="WittyFeedTestCases.WittyFeedHomePageTestcasesTest"/>
  <testcase name="CheckSiteLogo" time="0.021" classname="WittyFeedTestCases.WittyFeedHomePageTestcasesTest"/>
  <testcase name="CheckEatSleepReadReaptAuthor" time="1.055" classname="WittyFeedTestCases.WittyFeedHomePageTestcasesTest"/>
  <testcase name="CheckOpinion" time="0.020" classname="WittyFeedTestCases.WittyFeedHomePageTestcasesTest"/>
  <testcase name="CheckQuizeFeedImage" time="1.073" classname="WittyFeedTestCases.WittyFeedHomePageTestcasesTest"/>
  <testcase name="CheckGirling" time="0.022" classname="WittyFeedTestCases.WittyFeedHomePageTestcasesTest"/>
  <testcase name="CheckFeaturedPostTitle" time="0.028" classname="WittyFeedTestCases.WittyFeedHomePageTestcasesTest"/>
  <testcase name="CheckSecondPostAuthor" time="0.013" classname="WittyFeedTestCases.WittyFeedHomePageTestcasesTest"/>
  <testcase name="CheckLatestStoryTitle" time="1.070" classname="WittyFeedTestCases.WittyFeedHomePageTestcasesTest"/>
  <testcase name="CheckThirdPostAuthor" time="0.021" classname="WittyFeedTestCases.WittyFeedHomePageTestcasesTest"/>
  <testcase name="CheckYouTubeLink" time="0.022" classname="WittyFeedTestCases.WittyFeedHomePageTestcasesTest"/>
  <testcase name="CheckQuiz" time="0.025" classname="WittyFeedTestCases.WittyFeedHomePageTestcasesTest"/>
  <testcase name="CheckQuizeFeedAuthor" time="1.065" classname="WittyFeedTestCases.WittyFeedHomePageTestcasesTest"/>
  <testcase name="CheckVideos" time="0.019" classname="WittyFeedTestCases.WittyFeedHomePageTestcasesTest"/>
  <testcase name="CheckIndiaKaPulse" time="0.026" classname="WittyFeedTestCases.WittyFeedHomePageTestcasesTest"/>
  <testcase name="CheckQuizefeedTitle" time="1.072" classname="WittyFeedTestCases.WittyFeedHomePageTestcasesTest"/>
  <testcase name="CheckInstaLink" time="0.020" classname="WittyFeedTestCases.WittyFeedHomePageTestcasesTest"/>
  <testcase name="CheckLifeStyleCategories" time="5.027" classname="WittyFeedTestCases.WittyFeedHomePageTestcasesTest"/>
  <testcase name="CheckFeaturedPostAuthor" time="0.026" classname="WittyFeedTestCases.WittyFeedHomePageTestcasesTest"/>
  <testcase name="CheckThirdPostTitle" time="0.021" classname="WittyFeedTestCases.WittyFeedHomePageTestcasesTest"/>
  <testcase name="CheckSecondPostImage" time="0.020" classname="WittyFeedTestCases.WittyFeedHomePageTestcasesTest"/>
  <testcase name="CheckFacebookLink" time="10.027" classname="WittyFeedTestCases.WittyFeedHomePageTestcasesTest">
    <error type="java.lang.AssertionError" message="expected:&lt;1&gt; but was:&lt;0&gt;">
      <![CDATA[java.lang.AssertionError: expected:<1> but was:<0>
	at org.testng.Assert.fail(Assert.java:89)
	at org.testng.Assert.failNotEquals(Assert.java:489)
	at org.testng.Assert.assertEquals(Assert.java:118)
	at org.testng.Assert.assertEquals(Assert.java:365)
	at org.testng.Assert.assertEquals(Assert.java:375)
	at PagesOnWittyFeedTv.WittyFeedHomePage.FacebookLink(WittyFeedHomePage.java:130)
	at WittyFeedTestCases.WittyFeedHomePageTestcasesTest.CheckFacebookLink(WittyFeedHomePageTestcasesTest.java:104)
	at sun.reflect.NativeMethodAccessorImpl.invoke0(Native Method)
	at sun.reflect.NativeMethodAccessorImpl.invoke(NativeMethodAccessorImpl.java:62)
	at sun.reflect.DelegatingMethodAccessorImpl.invoke(DelegatingMethodAccessorImpl.java:43)
	at java.lang.reflect.Method.invoke(Method.java:498)
	at org.testng.internal.MethodInvocationHelper.invokeMethod(MethodInvocationHelper.java:80)
	at org.testng.internal.Invoker.invokeMethod(Invoker.java:673)
	at org.testng.internal.Invoker.invokeTestMethod(Invoker.java:842)
	at org.testng.internal.Invoker.invokeTestMethods(Invoker.java:1166)
	at org.testng.internal.TestMethodWorker.invokeTestMethods(TestMethodWorker.java:125)
	at org.testng.internal.TestMethodWorker.run(TestMethodWorker.java:109)
	at org.testng.TestRunner.runWorkers(TestRunner.java:1178)
	at org.testng.TestRunner.privateRun(TestRunner.java:757)
	at org.testng.TestRunner.run(TestRunner.java:608)
	at org.testng.SuiteRunner.runTest(SuiteRunner.java:334)
	at org.testng.SuiteRunner.runSequentially(SuiteRunner.java:329)
	at org.testng.SuiteRunner.privateRun(SuiteRunner.java:291)
	at org.testng.SuiteRunner.run(SuiteRunner.java:240)
	at org.testng.SuiteRunnerWorker.runSuite(SuiteRunnerWorker.java:52)
	at org.testng.SuiteRunnerWorker.run(SuiteRunnerWorker.java:86)
	at org.testng.TestNG.runSuitesSequentially(TestNG.java:1158)
	at org.testng.TestNG.runSuitesLocally(TestNG.java:1083)
	at org.testng.TestNG.run(TestNG.java:999)
	at org.apache.maven.surefire.testng.TestNGExecutor.run(TestNGExecutor.java:77)
	at org.apache.maven.surefire.testng.TestNGDirectoryTestSuite.executeMulti(TestNGDirectoryTestSuite.java:159)
	at org.apache.maven.surefire.testng.TestNGDirectoryTestSuite.execute(TestNGDirectoryTestSuite.java:99)
	at org.apache.maven.surefire.testng.TestNGProvider.invoke(TestNGProvider.java:106)
	at sun.reflect.NativeMethodAccessorImpl.invoke0(Native Method)
	at sun.reflect.NativeMethodAccessorImpl.invoke(NativeMethodAccessorImpl.java:62)
	at sun.reflect.DelegatingMethodAccessorImpl.invoke(DelegatingMethodAccessorImpl.java:43)
	at java.lang.reflect.Method.invoke(Method.java:498)
	at org.apache.maven.surefire.util.ReflectionUtils.invokeMethodWithArray(ReflectionUtils.java:189)
	at org.apache.maven.surefire.booter.ProviderFactory$ProviderProxy.invoke(ProviderFactory.java:165)
	at org.apache.maven.surefire.booter.ProviderFactory.invokeProvider(ProviderFactory.java:85)
	at org.apache.maven.surefire.booter.ForkedBooter.runSuitesInProcess(ForkedBooter.java:115)
	at org.apache.maven.surefire.booter.ForkedBooter.main(ForkedBooter.java:75)
]]>
    </error>
  </testcase>
  <testcase name="CheckThirdPostImage" time="0.020" classname="WittyFeedTestCases.WittyFeedHomePageTestcasesTest"/>
  <testcase name="CheckLatestStoryAuthor" time="1.059" classname="WittyFeedTestCases.WittyFeedHomePageTestcasesTest"/>
  <testcase name="CheckFeaturedPostImage" time="0.033" classname="WittyFeedTestCases.WittyFeedHomePageTestcasesTest"/>
  <testcase name="CheckSecondPostTitle" time="0.025" classname="WittyFeedTestCases.WittyFeedHomePageTestcasesTest"/>
  <testcase name="CheckLatestStoryImage" time="1.063" classname="WittyFeedTestCases.WittyFeedHomePageTestcasesTest"/>
  <testcase name="CheckWittyVideo2" time="1.049" classname="WittyFeedTestCases.WittyFeedHomePageTestcasesTest"/>
  <testcase name="CheckNewsCategories" time="0.020" classname="WittyFeedTestCases.WittyFeedHomePageTestcasesTest"/>
  <testcase name="CheckEntertainmentCategories" time="0.026" classname="WittyFeedTestCases.WittyFeedHomePageTestcasesTest"/>
  <testcase name="CheckEatSleepReadReaptImage" time="1.056" classname="WittyFeedTestCases.WittyFeedHomePageTestcasesTest"/>
  <testcase name="CheckEatSleepReadReaptTitle" time="1.049" classname="WittyFeedTestCases.WittyFeedHomePageTestcasesTest"/>
  <testcase name="CheckSearchOption" time="1.742" classname="WittyFeedTestCases.WittyFeedHomePageTestcasesTest"/>
  <testcase name="CheckWittyVideo1" time="1.071" classname="WittyFeedTestCases.WittyFeedHomePageTestcasesTest"/>
</testsuite>
